<?xml version="1.0" encoding="UTF-8"?>
<coverage generated="1573611183271" clover="3.2.0">
  <project timestamp="1573611183271" name="All files">
    <metrics statements="804" coveredstatements="751" conditionals="307" coveredconditionals="274" methods="190" coveredmethods="174" elements="1301" coveredelements="1199" complexity="0" loc="804" ncloc="804" packages="11" files="24" classes="24"/>
    <package name="__tests__.helpers">
      <metrics statements="51" coveredstatements="48" conditionals="16" coveredconditionals="14" methods="10" coveredmethods="10"/>
      <file name="snapshot.ts" path="/Users/sho/projects/vaceline/__tests__/helpers/snapshot.ts">
        <metrics statements="51" coveredstatements="48" conditionals="16" coveredconditionals="14" methods="10" coveredmethods="10"/>
        <line num="25" count="3" type="stmt"/>
        <line num="40" count="3" type="stmt"/>
        <line num="41" count="66" type="stmt"/>
        <line num="43" count="3" type="stmt"/>
        <line num="44" count="105" type="stmt"/>
        <line num="46" count="105" type="cond" truecount="4" falsecount="0"/>
        <line num="47" count="132" type="stmt"/>
        <line num="49" count="120" type="stmt"/>
        <line num="53" count="3" type="stmt"/>
        <line num="54" count="105" type="stmt"/>
        <line num="56" count="198" type="stmt"/>
        <line num="59" count="3" type="stmt"/>
        <line num="60" count="105" type="stmt"/>
        <line num="62" count="105" type="stmt"/>
        <line num="64" count="105" type="stmt"/>
        <line num="66" count="105" type="stmt"/>
        <line num="67" count="105" type="stmt"/>
        <line num="69" count="105" type="stmt"/>
        <line num="78" count="105" type="stmt"/>
        <line num="79" count="105" type="stmt"/>
        <line num="80" count="105" type="stmt"/>
        <line num="82" count="105" type="stmt"/>
        <line num="83" count="738" type="stmt"/>
        <line num="85" count="738" type="cond" truecount="4" falsecount="1"/>
        <line num="87" count="69" type="cond" truecount="2" falsecount="1"/>
        <line num="89" count="3" type="stmt"/>
        <line num="91" count="66" type="stmt"/>
        <line num="93" count="66" type="stmt"/>
        <line num="95" count="66" type="stmt"/>
        <line num="100" count="66" type="stmt"/>
        <line num="101" count="66" type="stmt"/>
        <line num="103" count="0" type="stmt"/>
        <line num="109" count="69" type="stmt"/>
        <line num="111" count="318" type="stmt"/>
        <line num="116" count="318" type="stmt"/>
        <line num="118" count="318" type="stmt"/>
        <line num="123" count="318" type="stmt"/>
        <line num="124" count="318" type="stmt"/>
        <line num="126" count="339" type="stmt"/>
        <line num="131" count="342" type="stmt"/>
        <line num="133" count="339" type="stmt"/>
        <line num="136" count="12" type="stmt"/>
        <line num="138" count="0" type="stmt"/>
        <line num="142" count="0" type="stmt"/>
        <line num="146" count="105" type="stmt"/>
        <line num="148" count="105" type="stmt"/>
        <line num="150" count="105" type="stmt"/>
        <line num="152" count="105" type="stmt"/>
        <line num="154" count="105" type="stmt"/>
        <line num="157" count="3" type="stmt"/>
        <line num="159" count="105" type="stmt"/>
      </file>
    </package>
    <package name="src">
      <metrics statements="16" coveredstatements="16" conditionals="12" coveredconditionals="10" methods="4" coveredmethods="4"/>
      <file name="hydrate.ts" path="/Users/sho/projects/vaceline/src/hydrate.ts">
        <metrics statements="7" coveredstatements="7" conditionals="4" coveredconditionals="4" methods="2" coveredmethods="2"/>
        <line num="3" count="1" type="stmt"/>
        <line num="4" count="1" type="stmt"/>
        <line num="5" count="1515" type="cond" truecount="4" falsecount="0"/>
        <line num="12" count="129" type="stmt"/>
        <line num="13" count="129" type="stmt"/>
        <line num="15" count="129" type="stmt"/>
        <line num="17" count="1386" type="stmt"/>
      </file>
      <file name="index.ts" path="/Users/sho/projects/vaceline/src/index.ts">
        <metrics statements="0" coveredstatements="0" conditionals="0" coveredconditionals="0" methods="0" coveredmethods="0"/>
      </file>
      <file name="polyfill.js" path="/Users/sho/projects/vaceline/src/polyfill.js">
        <metrics statements="9" coveredstatements="9" conditionals="8" coveredconditionals="6" methods="2" coveredmethods="2"/>
        <line num="1" count="10" type="cond" truecount="1" falsecount="1"/>
        <line num="2" count="10" type="stmt"/>
        <line num="3" count="16" type="stmt"/>
        <line num="4" count="16" type="stmt"/>
        <line num="5" count="19" type="stmt"/>
        <line num="6" count="54" type="cond" truecount="4" falsecount="0"/>
        <line num="7" count="3" type="stmt"/>
        <line num="9" count="51" type="stmt"/>
        <line num="13" count="16" type="stmt"/>
      </file>
    </package>
    <package name="src.generator">
      <metrics statements="5" coveredstatements="5" conditionals="0" coveredconditionals="0" methods="1" coveredmethods="1"/>
      <file name="index.ts" path="/Users/sho/projects/vaceline/src/generator/index.ts">
        <metrics statements="5" coveredstatements="5" conditionals="0" coveredconditionals="0" methods="1" coveredmethods="1"/>
        <line num="4" count="13" type="stmt"/>
        <line num="6" count="13" type="stmt"/>
        <line num="12" count="13" type="stmt"/>
        <line num="13" count="87" type="stmt"/>
        <line num="18" count="87" type="stmt"/>
      </file>
    </package>
    <package name="src.generator.buffer">
      <metrics statements="35" coveredstatements="25" conditionals="8" coveredconditionals="5" methods="14" coveredmethods="7"/>
      <file name="index.ts" path="/Users/sho/projects/vaceline/src/generator/buffer/index.ts">
        <metrics statements="35" coveredstatements="25" conditionals="8" coveredconditionals="5" methods="14" coveredmethods="7"/>
        <line num="9" count="2" type="stmt"/>
        <line num="10" count="2" type="stmt"/>
        <line num="12" count="2" type="stmt"/>
        <line num="17" count="2" type="stmt"/>
        <line num="25" count="2" type="stmt"/>
        <line num="29" count="2" type="stmt"/>
        <line num="33" count="0" type="stmt"/>
        <line num="37" count="0" type="stmt"/>
        <line num="41" count="0" type="stmt"/>
        <line num="45" count="0" type="stmt"/>
        <line num="49" count="0" type="stmt"/>
        <line num="53" count="0" type="stmt"/>
        <line num="54" count="0" type="stmt"/>
        <line num="58" count="5" type="stmt"/>
        <line num="59" count="5" type="stmt"/>
        <line num="60" count="5" type="stmt"/>
        <line num="64" count="0" type="cond" truecount="0" falsecount="2"/>
        <line num="65" count="0" type="stmt"/>
        <line num="70" count="3" type="stmt"/>
        <line num="74" count="3" type="stmt"/>
        <line num="75" count="3" type="stmt"/>
        <line num="79" count="8" type="cond" truecount="1" falsecount="1"/>
        <line num="80" count="0" type="stmt"/>
        <line num="83" count="8" type="stmt"/>
        <line num="85" count="8" type="stmt"/>
        <line num="86" count="8" type="stmt"/>
        <line num="88" count="8" type="stmt"/>
        <line num="89" count="8" type="cond" truecount="2" falsecount="0"/>
        <line num="90" count="2" type="stmt"/>
        <line num="92" count="6" type="stmt"/>
        <line num="97" count="6" type="cond" truecount="2" falsecount="0"/>
        <line num="98" count="5" type="stmt"/>
        <line num="101" count="1" type="stmt"/>
        <line num="102" count="1" type="stmt"/>
        <line num="105" count="1" type="stmt"/>
      </file>
    </package>
    <package name="src.nodes">
      <metrics statements="212" coveredstatements="197" conditionals="12" coveredconditionals="11" methods="112" coveredmethods="105"/>
      <file name="index.ts" path="/Users/sho/projects/vaceline/src/nodes/index.ts">
        <metrics statements="212" coveredstatements="197" conditionals="12" coveredconditionals="11" methods="112" coveredmethods="105"/>
        <line num="16" count="397" type="stmt"/>
        <line num="88" count="0" type="stmt"/>
        <line num="89" count="0" type="stmt"/>
        <line num="91" count="0" type="stmt"/>
        <line num="100" count="0" type="stmt"/>
        <line num="106" count="0" type="stmt"/>
        <line num="108" count="0" type="stmt"/>
        <line num="109" count="0" type="stmt"/>
        <line num="110" count="0" type="stmt"/>
        <line num="114" count="0" type="stmt"/>
        <line num="118" count="0" type="stmt"/>
        <line num="123" count="17" type="stmt"/>
        <line num="127" count="17" type="stmt"/>
        <line num="129" count="17" type="stmt"/>
        <line num="133" count="7" type="stmt"/>
        <line num="137" count="3" type="stmt"/>
        <line num="142" count="35" type="stmt"/>
        <line num="146" count="35" type="stmt"/>
        <line num="148" count="35" type="stmt"/>
        <line num="152" count="10" type="stmt"/>
        <line num="156" count="6" type="stmt"/>
        <line num="161" count="268" type="stmt"/>
        <line num="165" count="268" type="stmt"/>
        <line num="167" count="268" type="stmt"/>
        <line num="171" count="113" type="stmt"/>
        <line num="175" count="73" type="stmt"/>
        <line num="180" count="0" type="stmt"/>
        <line num="184" count="0" type="stmt"/>
        <line num="186" count="0" type="stmt"/>
        <line num="190" count="0" type="stmt"/>
        <line num="194" count="0" type="stmt"/>
        <line num="199" count="37" type="stmt"/>
        <line num="203" count="37" type="stmt"/>
        <line num="205" count="37" type="stmt"/>
        <line num="209" count="14" type="stmt"/>
        <line num="213" count="10" type="stmt"/>
        <line num="218" count="53" type="stmt"/>
        <line num="222" count="53" type="stmt"/>
        <line num="224" count="53" type="stmt"/>
        <line num="228" count="16" type="stmt"/>
        <line num="232" count="16" type="stmt"/>
        <line num="237" count="867" type="stmt"/>
        <line num="241" count="867" type="stmt"/>
        <line num="243" count="867" type="stmt"/>
        <line num="247" count="464" type="stmt"/>
        <line num="251" count="190" type="stmt"/>
        <line num="256" count="18" type="stmt"/>
        <line num="261" count="18" type="stmt"/>
        <line num="263" count="18" type="stmt"/>
        <line num="264" count="18" type="stmt"/>
        <line num="268" count="2" type="stmt"/>
        <line num="272" count="2" type="cond" truecount="1" falsecount="1"/>
        <line num="277" count="367" type="stmt"/>
        <line num="282" count="367" type="stmt"/>
        <line num="284" count="367" type="stmt"/>
        <line num="285" count="367" type="stmt"/>
        <line num="289" count="234" type="stmt"/>
        <line num="293" count="90" type="stmt"/>
        <line num="303" count="12" type="stmt"/>
        <line num="308" count="12" type="stmt"/>
        <line num="310" count="12" type="stmt"/>
        <line num="311" count="12" type="stmt"/>
        <line num="315" count="7" type="stmt"/>
        <line num="319" count="3" type="stmt"/>
        <line num="329" count="16" type="stmt"/>
        <line num="333" count="16" type="stmt"/>
        <line num="335" count="16" type="stmt"/>
        <line num="339" count="8" type="stmt"/>
        <line num="343" count="4" type="stmt"/>
        <line num="353" count="10" type="stmt"/>
        <line num="358" count="10" type="stmt"/>
        <line num="360" count="10" type="stmt"/>
        <line num="361" count="10" type="stmt"/>
        <line num="365" count="3" type="stmt"/>
        <line num="369" count="3" type="stmt"/>
        <line num="374" count="35" type="stmt"/>
        <line num="379" count="35" type="stmt"/>
        <line num="381" count="35" type="stmt"/>
        <line num="382" count="35" type="stmt"/>
        <line num="386" count="20" type="stmt"/>
        <line num="390" count="8" type="stmt"/>
        <line num="410" count="23" type="stmt"/>
        <line num="414" count="23" type="stmt"/>
        <line num="416" count="23" type="stmt"/>
        <line num="420" count="5" type="stmt"/>
        <line num="424" count="5" type="stmt"/>
        <line num="429" count="49" type="stmt"/>
        <line num="435" count="49" type="stmt"/>
        <line num="437" count="49" type="stmt"/>
        <line num="438" count="49" type="stmt"/>
        <line num="439" count="49" type="stmt"/>
        <line num="443" count="18" type="stmt"/>
        <line num="447" count="10" type="stmt"/>
        <line num="456" count="33" type="stmt"/>
        <line num="462" count="33" type="stmt"/>
        <line num="464" count="33" type="stmt"/>
        <line num="465" count="33" type="stmt"/>
        <line num="466" count="33" type="stmt"/>
        <line num="470" count="10" type="stmt"/>
        <line num="474" count="6" type="stmt"/>
        <line num="483" count="23" type="stmt"/>
        <line num="487" count="23" type="stmt"/>
        <line num="489" count="23" type="stmt"/>
        <line num="493" count="4" type="stmt"/>
        <line num="497" count="4" type="stmt"/>
        <line num="502" count="13" type="stmt"/>
        <line num="506" count="13" type="stmt"/>
        <line num="508" count="13" type="stmt"/>
        <line num="512" count="11" type="stmt"/>
        <line num="516" count="3" type="stmt"/>
        <line num="521" count="4" type="stmt"/>
        <line num="525" count="4" type="stmt"/>
        <line num="527" count="4" type="stmt"/>
        <line num="531" count="1" type="stmt"/>
        <line num="535" count="1" type="stmt"/>
        <line num="540" count="13" type="stmt"/>
        <line num="544" count="13" type="stmt"/>
        <line num="546" count="13" type="stmt"/>
        <line num="550" count="11" type="stmt"/>
        <line num="554" count="3" type="stmt"/>
        <line num="559" count="25" type="stmt"/>
        <line num="564" count="25" type="stmt"/>
        <line num="566" count="25" type="stmt"/>
        <line num="567" count="25" type="stmt"/>
        <line num="571" count="15" type="stmt"/>
        <line num="575" count="7" type="stmt"/>
        <line num="587" count="24" type="stmt"/>
        <line num="593" count="24" type="stmt"/>
        <line num="595" count="24" type="stmt"/>
        <line num="596" count="24" type="stmt"/>
        <line num="597" count="24" type="stmt"/>
        <line num="601" count="18" type="stmt"/>
        <line num="605" count="6" type="stmt"/>
        <line num="618" count="66" type="stmt"/>
        <line num="624" count="66" type="stmt"/>
        <line num="626" count="66" type="stmt"/>
        <line num="627" count="66" type="stmt"/>
        <line num="628" count="66" type="stmt"/>
        <line num="632" count="42" type="stmt"/>
        <line num="636" count="18" type="stmt"/>
        <line num="649" count="11" type="stmt"/>
        <line num="653" count="11" type="stmt"/>
        <line num="655" count="11" type="stmt"/>
        <line num="659" count="7" type="stmt"/>
        <line num="663" count="3" type="stmt"/>
        <line num="668" count="8" type="stmt"/>
        <line num="672" count="8" type="stmt"/>
        <line num="674" count="8" type="stmt"/>
        <line num="678" count="2" type="stmt"/>
        <line num="682" count="2" type="stmt"/>
        <line num="687" count="11" type="stmt"/>
        <line num="692" count="11" type="stmt"/>
        <line num="694" count="11" type="stmt"/>
        <line num="695" count="11" type="stmt"/>
        <line num="699" count="3" type="stmt"/>
        <line num="703" count="3" type="stmt"/>
        <line num="713" count="4" type="stmt"/>
        <line num="716" count="4" type="stmt"/>
        <line num="720" count="1" type="stmt"/>
        <line num="724" count="1" type="stmt"/>
        <line num="729" count="5" type="stmt"/>
        <line num="733" count="5" type="stmt"/>
        <line num="735" count="5" type="stmt"/>
        <line num="739" count="1" type="stmt"/>
        <line num="743" count="1" type="stmt"/>
        <line num="748" count="8" type="stmt"/>
        <line num="752" count="8" type="stmt"/>
        <line num="754" count="8" type="stmt"/>
        <line num="758" count="2" type="stmt"/>
        <line num="762" count="2" type="stmt"/>
        <line num="767" count="24" type="stmt"/>
        <line num="773" count="24" type="stmt"/>
        <line num="775" count="24" type="stmt"/>
        <line num="776" count="24" type="stmt"/>
        <line num="777" count="24" type="stmt"/>
        <line num="781" count="10" type="stmt"/>
        <line num="787" count="6" type="stmt"/>
        <line num="803" count="6" type="cond" truecount="2" falsecount="0"/>
        <line num="804" count="3" type="cond" truecount="2" falsecount="0"/>
        <line num="808" count="3" type="stmt"/>
        <line num="811" count="3" type="stmt"/>
        <line num="816" count="31" type="stmt"/>
        <line num="821" count="31" type="stmt"/>
        <line num="823" count="31" type="stmt"/>
        <line num="824" count="31" type="stmt"/>
        <line num="828" count="27" type="stmt"/>
        <line num="832" count="7" type="stmt"/>
        <line num="846" count="4" type="stmt"/>
        <line num="851" count="4" type="stmt"/>
        <line num="853" count="4" type="stmt"/>
        <line num="854" count="4" type="stmt"/>
        <line num="858" count="1" type="stmt"/>
        <line num="862" count="1" type="stmt"/>
        <line num="877" count="9" type="stmt"/>
        <line num="882" count="9" type="stmt"/>
        <line num="884" count="9" type="stmt"/>
        <line num="885" count="9" type="stmt"/>
        <line num="889" count="6" type="stmt"/>
        <line num="891" count="20" type="cond" truecount="2" falsecount="0"/>
        <line num="892" count="7" type="stmt"/>
        <line num="899" count="19" type="cond" truecount="2" falsecount="0"/>
        <line num="903" count="19" type="stmt"/>
        <line num="907" count="3" type="stmt"/>
        <line num="921" count="2" type="stmt"/>
        <line num="933" count="11" type="stmt"/>
        <line num="938" count="11" type="stmt"/>
        <line num="940" count="11" type="stmt"/>
        <line num="941" count="11" type="stmt"/>
        <line num="945" count="3" type="stmt"/>
        <line num="949" count="3" type="stmt"/>
        <line num="954" count="5" type="stmt"/>
        <line num="960" count="13" type="stmt"/>
      </file>
    </package>
    <package name="src.parser">
      <metrics statements="213" coveredstatements="192" conditionals="117" coveredconditionals="100" methods="25" coveredmethods="24"/>
      <file name="compound.ts" path="/Users/sho/projects/vaceline/src/parser/compound.ts">
        <metrics statements="19" coveredstatements="19" conditionals="12" coveredconditionals="11" methods="1" coveredmethods="1"/>
        <line num="5" count="13" type="stmt"/>
        <line num="11" count="142" type="stmt"/>
        <line num="14" count="142" type="stmt"/>
        <line num="15" count="341" type="stmt"/>
        <line num="17" count="341" type="cond" truecount="2" falsecount="0"/>
        <line num="18" count="17" type="stmt"/>
        <line num="21" count="324" type="stmt"/>
        <line num="23" count="324" type="stmt"/>
        <line num="25" count="324" type="stmt"/>
        <line num="27" count="324" type="cond" truecount="2" falsecount="0"/>
        <line num="28" count="83" type="cond" truecount="2" falsecount="0"/>
        <line num="29" count="48" type="stmt"/>
        <line num="31" count="48" type="stmt"/>
        <line num="34" count="35" type="cond" truecount="1" falsecount="1"/>
        <line num="36" count="35" type="stmt"/>
        <line num="39" count="241" type="cond" truecount="4" falsecount="0"/>
        <line num="40" count="90" type="stmt"/>
        <line num="41" count="90" type="stmt"/>
        <line num="45" count="142" type="stmt"/>
      </file>
      <file name="create-error.ts" path="/Users/sho/projects/vaceline/src/parser/create-error.ts">
        <metrics statements="19" coveredstatements="19" conditionals="10" coveredconditionals="10" methods="2" coveredmethods="2"/>
        <line num="5" count="15" type="stmt"/>
        <line num="6" count="15" type="stmt"/>
        <line num="7" count="15" type="stmt"/>
        <line num="9" count="15" type="stmt"/>
        <line num="15" count="279" type="stmt"/>
        <line num="18" count="279" type="stmt"/>
        <line num="24" count="279" type="cond" truecount="2" falsecount="0"/>
        <line num="26" count="279" type="cond" truecount="2" falsecount="0"/>
        <line num="28" count="279" type="stmt"/>
        <line num="31" count="279" type="stmt"/>
        <line num="34" count="279" type="stmt"/>
        <line num="36" count="279" type="stmt"/>
        <line num="37" count="1051" type="stmt"/>
        <line num="38" count="1051" type="stmt"/>
        <line num="41" count="1051" type="stmt"/>
        <line num="44" count="1051" type="cond" truecount="2" falsecount="0"/>
        <line num="49" count="1051" type="stmt"/>
        <line num="53" count="1051" type="cond" truecount="2" falsecount="0"/>
        <line num="56" count="279" type="stmt"/>
      </file>
      <file name="expression.ts" path="/Users/sho/projects/vaceline/src/parser/expression.ts">
        <metrics statements="103" coveredstatements="94" conditionals="57" coveredconditionals="48" methods="4" coveredmethods="4"/>
        <line num="13" count="13" type="stmt"/>
        <line num="22" count="13" type="stmt"/>
        <line num="27" count="715" type="stmt"/>
        <line num="29" count="714" type="cond" truecount="2" falsecount="0"/>
        <line num="31" count="670" type="stmt"/>
        <line num="33" count="670" type="cond" truecount="1" falsecount="1"/>
        <line num="34" count="0" type="stmt"/>
        <line num="37" count="670" type="stmt"/>
        <line num="39" count="670" type="stmt"/>
        <line num="41" count="670" type="stmt"/>
        <line num="42" count="468" type="stmt"/>
        <line num="44" count="468" type="cond" truecount="2" falsecount="0"/>
        <line num="45" count="150" type="stmt"/>
        <line num="48" count="318" type="cond" truecount="1" falsecount="1"/>
        <line num="49" count="0" type="stmt"/>
        <line num="52" count="318" type="stmt"/>
        <line num="53" count="318" type="stmt"/>
        <line num="54" count="53" type="stmt"/>
        <line num="56" count="265" type="cond" truecount="1" falsecount="1"/>
        <line num="57" count="265" type="stmt"/>
        <line num="59" count="0" type="stmt"/>
        <line num="65" count="670" type="stmt"/>
        <line num="68" count="670" type="cond" truecount="2" falsecount="0"/>
        <line num="69" count="647" type="stmt"/>
        <line num="72" count="23" type="stmt"/>
        <line num="77" count="13" type="stmt"/>
        <line num="82" count="715" type="stmt"/>
        <line num="84" count="714" type="cond" truecount="1" falsecount="1"/>
        <line num="86" count="714" type="cond" truecount="1" falsecount="1"/>
        <line num="87" count="0" type="stmt"/>
        <line num="91" count="714" type="stmt"/>
        <line num="99" count="714" type="stmt"/>
        <line num="100" count="714" type="stmt"/>
        <line num="103" count="714" type="stmt"/>
        <line num="104" count="554" type="stmt"/>
        <line num="106" count="554" type="stmt"/>
        <line num="107" count="554" type="cond" truecount="2" falsecount="0"/>
        <line num="109" count="554" type="cond" truecount="4" falsecount="0"/>
        <line num="111" count="82" type="stmt"/>
        <line num="113" count="82" type="stmt"/>
        <line num="114" count="82" type="stmt"/>
        <line num="116" count="82" type="cond" truecount="2" falsecount="0"/>
        <line num="117" count="21" type="stmt"/>
        <line num="120" count="82" type="stmt"/>
        <line num="122" count="82" type="stmt"/>
        <line num="123" count="82" type="stmt"/>
        <line num="125" count="0" type="cond" truecount="0" falsecount="2"/>
        <line num="126" count="0" type="stmt"/>
        <line num="127" count="0" type="stmt"/>
        <line num="129" count="0" type="stmt"/>
        <line num="132" count="82" type="stmt"/>
        <line num="135" count="714" type="stmt"/>
        <line num="136" count="61" type="stmt"/>
        <line num="140" count="714" type="stmt"/>
        <line num="142" count="714" type="stmt"/>
        <line num="143" count="878" type="stmt"/>
        <line num="144" count="878" type="cond" truecount="2" falsecount="0"/>
        <line num="145" count="796" type="stmt"/>
        <line num="146" count="796" type="stmt"/>
        <line num="149" count="82" type="stmt"/>
        <line num="150" count="82" type="stmt"/>
        <line num="152" count="82" type="cond" truecount="2" falsecount="0"/>
        <line num="153" count="82" type="stmt"/>
        <line num="159" count="82" type="stmt"/>
        <line num="161" count="82" type="stmt"/>
        <line num="164" count="714" type="cond" truecount="1" falsecount="1"/>
        <line num="165" count="0" type="stmt"/>
        <line num="168" count="714" type="stmt"/>
        <line num="171" count="13" type="stmt"/>
        <line num="176" count="1115" type="stmt"/>
        <line num="178" count="1115" type="cond" truecount="2" falsecount="0"/>
        <line num="180" count="738" type="cond" truecount="2" falsecount="0"/>
        <line num="181" count="446" type="stmt"/>
        <line num="183" count="446" type="cond" truecount="2" falsecount="0"/>
        <line num="184" count="35" type="stmt"/>
        <line num="186" count="35" type="stmt"/>
        <line num="188" count="35" type="stmt"/>
        <line num="194" count="411" type="stmt"/>
        <line num="197" count="292" type="cond" truecount="2" falsecount="0"/>
        <line num="198" count="128" type="cond" truecount="2" falsecount="0"/>
        <line num="199" count="16" type="stmt"/>
        <line num="200" count="16" type="stmt"/>
        <line num="202" count="16" type="stmt"/>
        <line num="208" count="276" type="cond" truecount="2" falsecount="0"/>
        <line num="209" count="164" type="cond" truecount="2" falsecount="0"/>
        <line num="210" count="10" type="stmt"/>
        <line num="217" count="266" type="stmt"/>
        <line num="225" count="13" type="stmt"/>
        <line num="233" count="837" type="cond" truecount="2" falsecount="0"/>
        <line num="234" count="355" type="stmt"/>
        <line num="236" count="355" type="stmt"/>
        <line num="237" count="355" type="stmt"/>
        <line num="241" count="355" type="stmt"/>
        <line num="246" count="355" type="stmt"/>
        <line num="251" count="355" type="stmt"/>
        <line num="255" count="482" type="cond" truecount="2" falsecount="0"/>
        <line num="256" count="12" type="stmt"/>
        <line num="258" count="12" type="stmt"/>
        <line num="259" count="12" type="stmt"/>
        <line num="263" count="12" type="stmt"/>
        <line num="268" count="12" type="stmt"/>
        <line num="273" count="12" type="stmt"/>
        <line num="276" count="470" type="stmt"/>
      </file>
      <file name="index.ts" path="/Users/sho/projects/vaceline/src/parser/index.ts">
        <metrics statements="32" coveredstatements="28" conditionals="13" coveredconditionals="10" methods="8" coveredmethods="8"/>
        <line num="22" count="13" type="stmt"/>
        <line num="24" count="17" type="stmt"/>
        <line num="30" count="339" type="stmt"/>
        <line num="32" count="338" type="stmt"/>
        <line num="34" count="338" type="stmt"/>
        <line num="38" count="17" type="stmt"/>
        <line num="42" count="17" type="stmt"/>
        <line num="44" count="17" type="stmt"/>
        <line num="46" count="17" type="stmt"/>
        <line num="53" count="4095" type="stmt"/>
        <line num="55" count="4095" type="cond" truecount="1" falsecount="1"/>
        <line num="56" count="0" type="stmt"/>
        <line num="58" count="4095" type="stmt"/>
        <line num="59" count="4095" type="cond" truecount="2" falsecount="0"/>
        <line num="63" count="4095" type="stmt"/>
        <line num="69" count="4095" type="stmt"/>
        <line num="77" count="1643" type="stmt"/>
        <line num="79" count="1643" type="stmt"/>
        <line num="81" count="1643" type="stmt"/>
        <line num="83" count="1643" type="cond" truecount="1" falsecount="1"/>
        <line num="84" count="0" type="stmt"/>
        <line num="85" count="0" type="stmt"/>
        <line num="86" count="0" type="stmt"/>
        <line num="89" count="1643" type="stmt"/>
        <line num="97" count="273" type="cond" truecount="2" falsecount="0"/>
        <line num="98" count="1" type="cond" truecount="1" falsecount="1"/>
        <line num="100" count="1" type="stmt"/>
        <line num="102" count="1" type="stmt"/>
        <line num="105" count="272" type="stmt"/>
        <line num="113" count="840" type="cond" truecount="2" falsecount="0"/>
        <line num="114" count="1" type="stmt"/>
        <line num="122" count="839" type="stmt"/>
      </file>
      <file name="keywords.ts" path="/Users/sho/projects/vaceline/src/parser/keywords.ts">
        <metrics statements="3" coveredstatements="3" conditionals="0" coveredconditionals="0" methods="0" coveredmethods="0"/>
        <line num="1" count="13" type="stmt"/>
        <line num="10" count="13" type="stmt"/>
        <line num="31" count="13" type="stmt"/>
      </file>
      <file name="literal.ts" path="/Users/sho/projects/vaceline/src/parser/literal.ts">
        <metrics statements="14" coveredstatements="13" conditionals="17" coveredconditionals="16" methods="1" coveredmethods="1"/>
        <line num="9" count="13" type="stmt"/>
        <line num="14" count="1129" type="cond" truecount="2" falsecount="0"/>
        <line num="15" count="35" type="stmt"/>
        <line num="20" count="1094" type="cond" truecount="2" falsecount="0"/>
        <line num="21" count="262" type="stmt"/>
        <line num="26" count="832" type="cond" truecount="2" falsecount="0"/>
        <line num="27" count="92" type="cond" truecount="2" falsecount="0"/>
        <line num="28" count="37" type="stmt"/>
        <line num="33" count="55" type="cond" truecount="1" falsecount="1"/>
        <line num="34" count="55" type="cond" truecount="2" falsecount="0"/>
        <line num="38" count="2" type="stmt"/>
        <line num="46" count="53" type="stmt"/>
        <line num="51" count="0" type="stmt"/>
        <line num="54" count="740" type="stmt"/>
      </file>
      <file name="token-reader.ts" path="/Users/sho/projects/vaceline/src/parser/token-reader.ts">
        <metrics statements="23" coveredstatements="16" conditionals="8" coveredconditionals="5" methods="9" coveredmethods="8"/>
        <line num="10" count="338" type="stmt"/>
        <line num="11" count="338" type="stmt"/>
        <line num="13" count="338" type="stmt"/>
        <line num="17" count="5738" type="stmt"/>
        <line num="21" count="670" type="stmt"/>
        <line num="25" count="1519" type="stmt"/>
        <line num="29" count="0" type="stmt"/>
        <line num="33" count="2507" type="stmt"/>
        <line num="35" count="2507" type="cond" truecount="1" falsecount="1"/>
        <line num="36" count="0" type="stmt"/>
        <line num="39" count="2507" type="cond" truecount="1" falsecount="1"/>
        <line num="40" count="0" type="stmt"/>
        <line num="41" count="0" type="stmt"/>
        <line num="44" count="2507" type="stmt"/>
        <line num="48" count="3185" type="stmt"/>
        <line num="50" count="3185" type="cond" truecount="2" falsecount="0"/>
        <line num="52" count="3073" type="cond" truecount="1" falsecount="1"/>
        <line num="53" count="0" type="stmt"/>
        <line num="54" count="0" type="stmt"/>
        <line num="55" count="0" type="stmt"/>
        <line num="58" count="3073" type="stmt"/>
        <line num="62" count="994" type="stmt"/>
        <line num="66" count="1519" type="stmt"/>
      </file>
    </package>
    <package name="src.parser.statement">
      <metrics statements="151" coveredstatements="150" conditionals="79" coveredconditionals="77" methods="7" coveredmethods="7"/>
      <file name="index.ts" path="/Users/sho/projects/vaceline/src/parser/statement/index.ts">
        <metrics statements="128" coveredstatements="127" conditionals="56" coveredconditionals="54" methods="6" coveredmethods="6"/>
        <line num="13" count="13" type="stmt"/>
        <line num="14" count="269" type="stmt"/>
        <line num="17" count="13" type="cond" truecount="1" falsecount="0"/>
        <line num="18" count="286" type="stmt"/>
        <line num="20" count="286" type="cond" truecount="2" falsecount="0"/>
        <line num="21" count="23" type="stmt"/>
        <line num="23" count="23" type="stmt"/>
        <line num="25" count="23" type="stmt"/>
        <line num="30" count="263" type="cond" truecount="4" falsecount="0"/>
        <line num="31" count="84" type="stmt"/>
        <line num="32" count="84" type="stmt"/>
        <line num="33" count="84" type="stmt"/>
        <line num="35" count="84" type="stmt"/>
        <line num="38" count="84" type="cond" truecount="2" falsecount="0"/>
        <line num="40" count="84" type="stmt"/>
        <line num="47" count="179" type="cond" truecount="2" falsecount="0"/>
        <line num="48" count="11" type="stmt"/>
        <line num="50" count="11" type="stmt"/>
        <line num="52" count="11" type="stmt"/>
        <line num="57" count="168" type="cond" truecount="2" falsecount="0"/>
        <line num="58" count="13" type="stmt"/>
        <line num="60" count="13" type="stmt"/>
        <line num="62" count="13" type="stmt"/>
        <line num="67" count="155" type="cond" truecount="2" falsecount="0"/>
        <line num="68" count="5" type="stmt"/>
        <line num="74" count="4" type="stmt"/>
        <line num="76" count="4" type="stmt"/>
        <line num="81" count="150" type="cond" truecount="2" falsecount="0"/>
        <line num="82" count="13" type="stmt"/>
        <line num="84" count="13" type="stmt"/>
        <line num="86" count="13" type="stmt"/>
        <line num="91" count="137" type="cond" truecount="2" falsecount="0"/>
        <line num="92" count="25" type="stmt"/>
        <line num="94" count="25" type="stmt"/>
        <line num="99" count="25" type="stmt"/>
        <line num="101" count="25" type="stmt"/>
        <line num="103" count="25" type="stmt"/>
        <line num="110" count="112" type="cond" truecount="2" falsecount="0"/>
        <line num="114" count="9" type="cond" truecount="2" falsecount="0"/>
        <line num="115" count="4" type="stmt"/>
        <line num="117" count="4" type="stmt"/>
        <line num="119" count="4" type="stmt"/>
        <line num="121" count="5" type="stmt"/>
        <line num="124" count="9" type="cond" truecount="2" falsecount="0"/>
        <line num="125" count="1" type="stmt"/>
        <line num="134" count="8" type="stmt"/>
        <line num="136" count="8" type="stmt"/>
        <line num="138" count="8" type="stmt"/>
        <line num="141" count="103" type="cond" truecount="2" falsecount="0"/>
        <line num="142" count="11" type="stmt"/>
        <line num="145" count="11" type="cond" truecount="2" falsecount="0"/>
        <line num="146" count="4" type="stmt"/>
        <line num="148" count="4" type="stmt"/>
        <line num="153" count="7" type="stmt"/>
        <line num="155" count="7" type="stmt"/>
        <line num="157" count="7" type="stmt"/>
        <line num="163" count="92" type="cond" truecount="2" falsecount="0"/>
        <line num="164" count="5" type="stmt"/>
        <line num="166" count="4" type="stmt"/>
        <line num="169" count="87" type="cond" truecount="2" falsecount="0"/>
        <line num="170" count="6" type="stmt"/>
        <line num="172" count="5" type="stmt"/>
        <line num="174" count="5" type="stmt"/>
        <line num="179" count="81" type="cond" truecount="2" falsecount="0"/>
        <line num="180" count="8" type="stmt"/>
        <line num="182" count="8" type="stmt"/>
        <line num="184" count="8" type="stmt"/>
        <line num="189" count="73" type="cond" truecount="2" falsecount="0"/>
        <line num="190" count="18" type="stmt"/>
        <line num="193" count="55" type="cond" truecount="2" falsecount="0"/>
        <line num="194" count="31" type="stmt"/>
        <line num="195" count="31" type="stmt"/>
        <line num="197" count="31" type="stmt"/>
        <line num="199" count="31" type="stmt"/>
        <line num="205" count="24" type="cond" truecount="2" falsecount="0"/>
        <line num="206" count="4" type="stmt"/>
        <line num="207" count="4" type="stmt"/>
        <line num="209" count="4" type="stmt"/>
        <line num="211" count="4" type="stmt"/>
        <line num="217" count="20" type="cond" truecount="2" falsecount="0"/>
        <line num="218" count="9" type="stmt"/>
        <line num="220" count="9" type="stmt"/>
        <line num="222" count="9" type="stmt"/>
        <line num="224" count="9" type="stmt"/>
        <line num="230" count="11" type="cond" truecount="1" falsecount="1"/>
        <line num="231" count="11" type="stmt"/>
        <line num="234" count="0" type="stmt"/>
        <line num="242" count="13" type="cond" truecount="0" falsecount="1"/>
        <line num="243" count="67" type="stmt"/>
        <line num="244" count="67" type="stmt"/>
        <line num="245" count="67" type="stmt"/>
        <line num="249" count="67" type="cond" truecount="2" falsecount="0"/>
        <line num="250" count="4" type="stmt"/>
        <line num="251" count="4" type="stmt"/>
        <line num="253" count="63" type="stmt"/>
        <line num="254" count="63" type="stmt"/>
        <line num="257" count="67" type="stmt"/>
        <line num="260" count="13" type="stmt"/>
        <line num="261" count="24" type="stmt"/>
        <line num="263" count="24" type="stmt"/>
        <line num="265" count="24" type="stmt"/>
        <line num="267" count="24" type="stmt"/>
        <line num="269" count="24" type="stmt"/>
        <line num="271" count="24" type="stmt"/>
        <line num="273" count="24" type="stmt"/>
        <line num="275" count="24" type="cond" truecount="2" falsecount="0"/>
        <line num="276" count="2" type="stmt"/>
        <line num="277" count="2" type="stmt"/>
        <line num="278" count="22" type="cond" truecount="2" falsecount="0"/>
        <line num="279" count="11" type="stmt"/>
        <line num="281" count="11" type="cond" truecount="2" falsecount="0"/>
        <line num="282" count="4" type="stmt"/>
        <line num="283" count="4" type="stmt"/>
        <line num="285" count="7" type="stmt"/>
        <line num="286" count="7" type="stmt"/>
        <line num="290" count="24" type="stmt"/>
        <line num="297" count="13" type="stmt"/>
        <line num="298" count="18" type="stmt"/>
        <line num="300" count="18" type="stmt"/>
        <line num="302" count="18" type="stmt"/>
        <line num="304" count="18" type="cond" truecount="2" falsecount="0"/>
        <line num="305" count="11" type="stmt"/>
        <line num="308" count="18" type="stmt"/>
        <line num="314" count="13" type="stmt"/>
        <line num="318" count="11" type="stmt"/>
        <line num="320" count="11" type="stmt"/>
        <line num="322" count="11" type="stmt"/>
        <line num="324" count="11" type="stmt"/>
      </file>
      <file name="ip.ts" path="/Users/sho/projects/vaceline/src/parser/statement/ip.ts">
        <metrics statements="23" coveredstatements="23" conditionals="23" coveredconditionals="23" methods="1" coveredmethods="1"/>
        <line num="7" count="13" type="cond" truecount="1" falsecount="0"/>
        <line num="8" count="23" type="stmt"/>
        <line num="9" count="23" type="stmt"/>
        <line num="10" count="23" type="stmt"/>
        <line num="12" count="23" type="stmt"/>
        <line num="13" count="23" type="stmt"/>
        <line num="15" count="23" type="cond" truecount="4" falsecount="0"/>
        <line num="16" count="2" type="stmt"/>
        <line num="24" count="21" type="stmt"/>
        <line num="26" count="21" type="cond" truecount="2" falsecount="0"/>
        <line num="27" count="8" type="stmt"/>
        <line num="29" count="8" type="stmt"/>
        <line num="30" count="8" type="stmt"/>
        <line num="33" count="8" type="cond" truecount="4" falsecount="0"/>
        <line num="34" count="1" type="stmt"/>
        <line num="37" count="8" type="cond" truecount="5" falsecount="0"/>
        <line num="38" count="1" type="stmt"/>
        <line num="41" count="8" type="cond" truecount="5" falsecount="0"/>
        <line num="42" count="1" type="stmt"/>
        <line num="45" count="8" type="cond" truecount="2" falsecount="0"/>
        <line num="46" count="3" type="stmt"/>
        <line num="55" count="18" type="stmt"/>
        <line num="57" count="18" type="stmt"/>
      </file>
    </package>
    <package name="src.parser.tokenizer">
      <metrics statements="82" coveredstatements="79" conditionals="43" coveredconditionals="40" methods="6" coveredmethods="5"/>
      <file name="index.ts" path="/Users/sho/projects/vaceline/src/parser/tokenizer/index.ts">
        <metrics statements="72" coveredstatements="70" conditionals="37" coveredconditionals="35" methods="5" coveredmethods="4"/>
        <line num="6" count="14" type="stmt"/>
        <line num="7" count="14" type="stmt"/>
        <line num="8" count="14" type="stmt"/>
        <line num="25" count="14" type="stmt"/>
        <line num="27" count="14" type="stmt"/>
        <line num="28" count="527" type="cond" truecount="2" falsecount="0"/>
        <line num="29" count="14" type="stmt"/>
        <line num="30" count="15" type="stmt"/>
        <line num="32" count="14" type="stmt"/>
        <line num="46" count="14" type="stmt"/>
        <line num="51" count="14" type="stmt"/>
        <line num="58" count="349" type="stmt"/>
        <line num="59" count="349" type="stmt"/>
        <line num="61" count="349" type="cond" truecount="1" falsecount="1"/>
        <line num="62" count="0" type="stmt"/>
        <line num="67" count="349" type="stmt"/>
        <line num="68" count="349" type="stmt"/>
        <line num="70" count="349" type="stmt"/>
        <line num="72" count="349" type="stmt"/>
        <line num="73" count="349" type="stmt"/>
        <line num="74" count="349" type="stmt"/>
        <line num="76" count="349" type="stmt"/>
        <line num="77" count="10153" type="stmt"/>
        <line num="79" count="10153" type="cond" truecount="2" falsecount="0"/>
        <line num="80" count="5181" type="stmt"/>
        <line num="84" count="4972" type="cond" truecount="2" falsecount="0"/>
        <line num="85" count="1277" type="stmt"/>
        <line num="86" count="1277" type="stmt"/>
        <line num="88" count="1277" type="stmt"/>
        <line num="92" count="3695" type="cond" truecount="2" falsecount="0"/>
        <line num="93" count="476" type="stmt"/>
        <line num="94" count="476" type="stmt"/>
        <line num="95" count="476" type="stmt"/>
        <line num="97" count="476" type="stmt"/>
        <line num="111" count="3219" type="stmt"/>
        <line num="112" count="3219" type="stmt"/>
        <line num="113" count="3219" type="stmt"/>
        <line num="119" count="3219" type="cond" truecount="2" falsecount="0"/>
        <line num="120" count="1186" type="stmt"/>
        <line num="121" count="2033" type="cond" truecount="2" falsecount="0"/>
        <line num="122" count="249" type="stmt"/>
        <line num="123" count="1784" type="cond" truecount="2" falsecount="0"/>
        <line num="124" count="37" type="stmt"/>
        <line num="125" count="1747" type="cond" truecount="2" falsecount="0"/>
        <line num="126" count="314" type="stmt"/>
        <line num="128" count="314" type="cond" truecount="4" falsecount="0"/>
        <line num="129" count="2" type="stmt"/>
        <line num="132" count="1433" type="cond" truecount="2" falsecount="0"/>
        <line num="133" count="20" type="stmt"/>
        <line num="136" count="20" type="stmt"/>
        <line num="137" count="20" type="stmt"/>
        <line num="138" count="20" type="stmt"/>
        <line num="139" count="1413" type="cond" truecount="2" falsecount="0"/>
        <line num="140" count="122" type="stmt"/>
        <line num="141" count="1291" type="cond" truecount="2" falsecount="0"/>
        <line num="142" count="38" type="stmt"/>
        <line num="144" count="1253" type="stmt"/>
        <line num="146" count="1253" type="cond" truecount="2" falsecount="0"/>
        <line num="147" count="1" type="stmt"/>
        <line num="153" count="3219" type="stmt"/>
        <line num="154" count="3219" type="stmt"/>
        <line num="158" count="3219" type="stmt"/>
        <line num="159" count="3219" type="stmt"/>
        <line num="160" count="3219" type="stmt"/>
        <line num="163" count="3219" type="cond" truecount="2" falsecount="0"/>
        <line num="164" count="3" type="stmt"/>
        <line num="181" count="3216" type="cond" truecount="2" falsecount="0"/>
        <line num="183" count="3178" type="stmt"/>
        <line num="192" count="3178" type="cond" truecount="1" falsecount="1"/>
        <line num="193" count="0" type="stmt"/>
        <line num="196" count="3178" type="stmt"/>
        <line num="199" count="346" type="stmt"/>
      </file>
      <file name="operators.ts" path="/Users/sho/projects/vaceline/src/parser/tokenizer/operators.ts">
        <metrics statements="10" coveredstatements="9" conditionals="6" coveredconditionals="5" methods="1" coveredmethods="1"/>
        <line num="1" count="14" type="stmt"/>
        <line num="2" count="14" type="stmt"/>
        <line num="3" count="14" type="stmt"/>
        <line num="4" count="14" type="stmt"/>
        <line num="6" count="14" type="stmt"/>
        <line num="8" count="14" type="stmt"/>
        <line num="9" count="82" type="cond" truecount="2" falsecount="0"/>
        <line num="10" count="33" type="cond" truecount="2" falsecount="0"/>
        <line num="11" count="9" type="cond" truecount="1" falsecount="1"/>
        <line num="12" count="0" type="stmt"/>
      </file>
    </package>
    <package name="src.plugins.branch-log">
      <metrics statements="9" coveredstatements="9" conditionals="6" coveredconditionals="5" methods="3" coveredmethods="3"/>
      <file name="index.ts" path="/Users/sho/projects/vaceline/src/plugins/branch-log/index.ts">
        <metrics statements="9" coveredstatements="9" conditionals="6" coveredconditionals="5" methods="3" coveredmethods="3"/>
        <line num="12" count="1" type="stmt"/>
        <line num="13" count="6" type="stmt"/>
        <line num="39" count="1" type="stmt"/>
        <line num="41" count="170" type="cond" truecount="2" falsecount="0"/>
        <line num="43" count="5" type="cond" truecount="1" falsecount="1"/>
        <line num="57" count="5" type="stmt"/>
        <line num="58" count="165" type="cond" truecount="2" falsecount="0"/>
        <line num="59" count="1" type="stmt"/>
        <line num="67" count="1" type="stmt"/>
      </file>
    </package>
    <package name="src.traverser">
      <metrics statements="23" coveredstatements="23" conditionals="7" coveredconditionals="5" methods="6" coveredmethods="6"/>
      <file name="index.ts" path="/Users/sho/projects/vaceline/src/traverser/index.ts">
        <metrics statements="17" coveredstatements="17" conditionals="7" coveredconditionals="5" methods="5" coveredmethods="5"/>
        <line num="5" count="10" type="stmt"/>
        <line num="15" count="90" type="stmt"/>
        <line num="16" count="968" type="cond" truecount="1" falsecount="1"/>
        <line num="17" count="968" type="stmt"/>
        <line num="21" count="90" type="stmt"/>
        <line num="25" count="10" type="stmt"/>
        <line num="34" count="1" type="stmt"/>
        <line num="35" count="128" type="stmt"/>
        <line num="37" count="1" type="stmt"/>
        <line num="39" count="1" type="stmt"/>
        <line num="42" count="10" type="stmt"/>
        <line num="52" count="1096" type="stmt"/>
        <line num="56" count="1096" type="stmt"/>
        <line num="58" count="1096" type="stmt"/>
        <line num="60" count="1096" type="stmt"/>
        <line num="61" count="1006" type="cond" truecount="2" falsecount="0"/>
        <line num="63" count="1005" type="stmt"/>
      </file>
      <file name="path.ts" path="/Users/sho/projects/vaceline/src/traverser/path.ts">
        <metrics statements="6" coveredstatements="6" conditionals="0" coveredconditionals="0" methods="1" coveredmethods="1"/>
        <line num="43" count="1096" type="stmt"/>
        <line num="45" count="1096" type="stmt"/>
        <line num="46" count="1096" type="stmt"/>
        <line num="47" count="1096" type="stmt"/>
        <line num="48" count="1096" type="stmt"/>
        <line num="50" count="1096" type="stmt"/>
      </file>
    </package>
    <package name="src.utils">
      <metrics statements="7" coveredstatements="7" conditionals="7" coveredconditionals="7" methods="2" coveredmethods="2"/>
      <file name="debug.ts" path="/Users/sho/projects/vaceline/src/utils/debug.ts">
        <metrics statements="3" coveredstatements="3" conditionals="0" coveredconditionals="0" methods="0" coveredmethods="0"/>
        <line num="3" count="14" type="stmt"/>
        <line num="7" count="14" type="stmt"/>
        <line num="9" count="14" type="stmt"/>
      </file>
      <file name="node.ts" path="/Users/sho/projects/vaceline/src/utils/node.ts">
        <metrics statements="2" coveredstatements="2" conditionals="0" coveredconditionals="0" methods="1" coveredmethods="1"/>
        <line num="3" count="13" type="stmt"/>
        <line num="6" count="943" type="stmt"/>
      </file>
      <file name="token.ts" path="/Users/sho/projects/vaceline/src/utils/token.ts">
        <metrics statements="2" coveredstatements="2" conditionals="7" coveredconditionals="7" methods="1" coveredmethods="1"/>
        <line num="3" count="13" type="stmt"/>
        <line num="11" count="5322" type="cond" truecount="3" falsecount="0"/>
      </file>
    </package>
  </project>
</coverage>
