{"/Users/sho/projects/vaceline/__tests__/helpers/snapshot.ts": {"path":"/Users/sho/projects/vaceline/__tests__/helpers/snapshot.ts","statementMap":{"0":{"start":{"line":25,"column":18},"end":{"line":25,"column":38}},"1":{"start":{"line":40,"column":27},"end":{"line":41,"column":56}},"2":{"start":{"line":41,"column":2},"end":{"line":41,"column":56}},"3":{"start":{"line":41,"column":37},"end":{"line":41,"column":46}},"4":{"start":{"line":43,"column":18},"end":{"line":51,"column":1}},"5":{"start":{"line":44,"column":16},"end":{"line":44,"column":43}},"6":{"start":{"line":46,"column":2},"end":{"line":50,"column":26}},"7":{"start":{"line":47,"column":26},"end":{"line":47,"column":55}},"8":{"start":{"line":49,"column":26},"end":{"line":49,"column":55}},"9":{"start":{"line":53,"column":19},"end":{"line":57,"column":13}},"10":{"start":{"line":54,"column":2},"end":{"line":57,"column":13}},"11":{"start":{"line":56,"column":16},"end":{"line":56,"column":47}},"12":{"start":{"line":59,"column":28},"end":{"line":155,"column":1}},"13":{"start":{"line":60,"column":15},"end":{"line":60,"column":65}},"14":{"start":{"line":62,"column":15},"end":{"line":62,"column":47}},"15":{"start":{"line":64,"column":29},"end":{"line":64,"column":48}},"16":{"start":{"line":66,"column":2},"end":{"line":66,"column":29}},"17":{"start":{"line":67,"column":2},"end":{"line":67,"column":33}},"18":{"start":{"line":69,"column":23},"end":{"line":76,"column":3}},"19":{"start":{"line":78,"column":10},"end":{"line":78,"column":11}},"20":{"start":{"line":79,"column":14},"end":{"line":79,"column":23}},"21":{"start":{"line":80,"column":27},"end":{"line":80,"column":31}},"22":{"start":{"line":82,"column":2},"end":{"line":144,"column":3}},"23":{"start":{"line":83,"column":17},"end":{"line":83,"column":30}},"24":{"start":{"line":85,"column":4},"end":{"line":143,"column":5}},"25":{"start":{"line":87,"column":8},"end":{"line":107,"column":9}},"26":{"start":{"line":89,"column":12},"end":{"line":89,"column":17}},"27":{"start":{"line":91,"column":12},"end":{"line":91,"column":22}},"28":{"start":{"line":93,"column":26},"end":{"line":93,"column":67}},"29":{"start":{"line":95,"column":12},"end":{"line":98,"column":13}},"30":{"start":{"line":100,"column":12},"end":{"line":100,"column":49}},"31":{"start":{"line":101,"column":12},"end":{"line":101,"column":17}},"32":{"start":{"line":103,"column":12},"end":{"line":106,"column":13}},"33":{"start":{"line":109,"column":8},"end":{"line":109,"column":13}},"34":{"start":{"line":111,"column":8},"end":{"line":114,"column":9}},"35":{"start":{"line":116,"column":8},"end":{"line":116,"column":66}},"36":{"start":{"line":118,"column":8},"end":{"line":121,"column":10}},"37":{"start":{"line":123,"column":8},"end":{"line":123,"column":18}},"38":{"start":{"line":124,"column":8},"end":{"line":124,"column":13}},"39":{"start":{"line":126,"column":8},"end":{"line":129,"column":9}},"40":{"start":{"line":131,"column":8},"end":{"line":131,"column":71}},"41":{"start":{"line":131,"column":56},"end":{"line":131,"column":61}},"42":{"start":{"line":133,"column":8},"end":{"line":133,"column":13}},"43":{"start":{"line":136,"column":8},"end":{"line":136,"column":13}},"44":{"start":{"line":138,"column":8},"end":{"line":141,"column":9}},"45":{"start":{"line":142,"column":8},"end":{"line":142,"column":13}},"46":{"start":{"line":146,"column":15},"end":{"line":146,"column":56}},"47":{"start":{"line":148,"column":2},"end":{"line":148,"column":32}},"48":{"start":{"line":150,"column":17},"end":{"line":150,"column":32}},"49":{"start":{"line":152,"column":2},"end":{"line":152,"column":20}},"50":{"start":{"line":154,"column":2},"end":{"line":154,"column":12}},"51":{"start":{"line":157,"column":24},"end":{"line":160,"column":20}},"52":{"start":{"line":159,"column":17},"end":{"line":159,"column":34}}},"fnMap":{"0":{"name":"(anonymous_0)","decl":{"start":{"line":40,"column":27},"end":{"line":40,"column":28}},"loc":{"start":{"line":41,"column":2},"end":{"line":41,"column":56}},"line":41},"1":{"name":"(anonymous_1)","decl":{"start":{"line":41,"column":26},"end":{"line":41,"column":27}},"loc":{"start":{"line":41,"column":37},"end":{"line":41,"column":46}},"line":41},"2":{"name":"(anonymous_2)","decl":{"start":{"line":43,"column":18},"end":{"line":43,"column":19}},"loc":{"start":{"line":43,"column":45},"end":{"line":51,"column":1}},"line":43},"3":{"name":"(anonymous_3)","decl":{"start":{"line":47,"column":6},"end":{"line":47,"column":7}},"loc":{"start":{"line":47,"column":26},"end":{"line":47,"column":55}},"line":47},"4":{"name":"(anonymous_4)","decl":{"start":{"line":49,"column":6},"end":{"line":49,"column":7}},"loc":{"start":{"line":49,"column":26},"end":{"line":49,"column":55}},"line":49},"5":{"name":"(anonymous_5)","decl":{"start":{"line":53,"column":19},"end":{"line":53,"column":20}},"loc":{"start":{"line":54,"column":2},"end":{"line":57,"column":13}},"line":54},"6":{"name":"(anonymous_6)","decl":{"start":{"line":56,"column":9},"end":{"line":56,"column":10}},"loc":{"start":{"line":56,"column":16},"end":{"line":56,"column":47}},"line":56},"7":{"name":"(anonymous_7)","decl":{"start":{"line":59,"column":28},"end":{"line":59,"column":29}},"loc":{"start":{"line":59,"column":55},"end":{"line":155,"column":1}},"line":59},"8":{"name":"(anonymous_8)","decl":{"start":{"line":131,"column":32},"end":{"line":131,"column":33}},"loc":{"start":{"line":131,"column":56},"end":{"line":131,"column":61}},"line":131},"9":{"name":"(anonymous_9)","decl":{"start":{"line":159,"column":10},"end":{"line":159,"column":11}},"loc":{"start":{"line":159,"column":17},"end":{"line":159,"column":34}},"line":159}},"branchMap":{"0":{"loc":{"start":{"line":46,"column":9},"end":{"line":50,"column":26}},"type":"cond-expr","locations":[{"start":{"line":47,"column":6},"end":{"line":47,"column":55}},{"start":{"line":48,"column":6},"end":{"line":50,"column":26}}],"line":46},"1":{"loc":{"start":{"line":46,"column":9},"end":{"line":46,"column":58}},"type":"binary-expr","locations":[{"start":{"line":46,"column":9},"end":{"line":46,"column":33}},{"start":{"line":46,"column":37},"end":{"line":46,"column":58}}],"line":46},"2":{"loc":{"start":{"line":48,"column":6},"end":{"line":50,"column":26}},"type":"cond-expr","locations":[{"start":{"line":49,"column":6},"end":{"line":49,"column":55}},{"start":{"line":50,"column":6},"end":{"line":50,"column":26}}],"line":48},"3":{"loc":{"start":{"line":85,"column":4},"end":{"line":143,"column":5}},"type":"switch","locations":[{"start":{"line":86,"column":6},"end":{"line":109,"column":13}},{"start":{"line":110,"column":6},"end":{"line":124,"column":13}},{"start":{"line":125,"column":6},"end":{"line":133,"column":13}},{"start":{"line":134,"column":6},"end":{"line":136,"column":13}},{"start":{"line":137,"column":6},"end":{"line":142,"column":13}}],"line":85},"4":{"loc":{"start":{"line":87,"column":8},"end":{"line":107,"column":9}},"type":"switch","locations":[{"start":{"line":88,"column":10},"end":{"line":89,"column":17}},{"start":{"line":90,"column":10},"end":{"line":101,"column":17}},{"start":{"line":102,"column":10},"end":{"line":106,"column":13}}],"line":87},"5":{"loc":{"start":{"line":127,"column":10},"end":{"line":127,"column":62}},"type":"binary-expr","locations":[{"start":{"line":127,"column":10},"end":{"line":127,"column":38}},{"start":{"line":127,"column":42},"end":{"line":127,"column":62}}],"line":127}},"s":{"0":3,"1":3,"2":66,"3":66,"4":3,"5":105,"6":105,"7":132,"8":120,"9":3,"10":105,"11":198,"12":3,"13":105,"14":105,"15":105,"16":105,"17":105,"18":105,"19":105,"20":105,"21":105,"22":105,"23":738,"24":738,"25":69,"26":3,"27":66,"28":66,"29":66,"30":66,"31":66,"32":0,"33":69,"34":318,"35":318,"36":318,"37":318,"38":318,"39":339,"40":339,"41":342,"42":339,"43":12,"44":0,"45":0,"46":105,"47":105,"48":105,"49":105,"50":105,"51":3,"52":105},"f":{"0":66,"1":66,"2":105,"3":132,"4":120,"5":105,"6":198,"7":105,"8":342,"9":105},"b":{"0":[45,60],"1":[105,75],"2":[54,6],"3":[69,318,339,12,0],"4":[3,66,0],"5":[339,339]},"_coverageSchema":"43e27e138ebf9cfc5966b082cf9a028302ed4184","hash":"e71adf09a0eaa467340a9b92bad363001ff8b6cc"}
,"/Users/sho/projects/vaceline/src/hydrate.ts": {"path":"/Users/sho/projects/vaceline/src/hydrate.ts","statementMap":{"0":{"start":{"line":3,"column":23},"end":{"line":19,"column":4}},"1":{"start":{"line":4,"column":2},"end":{"line":19,"column":4}},"2":{"start":{"line":5,"column":4},"end":{"line":18,"column":5}},"3":{"start":{"line":12,"column":19},"end":{"line":12,"column":52}},"4":{"start":{"line":13,"column":6},"end":{"line":13,"column":32}},"5":{"start":{"line":15,"column":6},"end":{"line":15,"column":17}},"6":{"start":{"line":17,"column":6},"end":{"line":17,"column":18}}},"fnMap":{"0":{"name":"(anonymous_0)","decl":{"start":{"line":3,"column":23},"end":{"line":3,"column":24}},"loc":{"start":{"line":4,"column":2},"end":{"line":19,"column":4}},"line":4},"1":{"name":"(anonymous_1)","decl":{"start":{"line":4,"column":18},"end":{"line":4,"column":19}},"loc":{"start":{"line":4,"column":32},"end":{"line":19,"column":3}},"line":4}},"branchMap":{"0":{"loc":{"start":{"line":5,"column":4},"end":{"line":18,"column":5}},"type":"if","locations":[{"start":{"line":5,"column":4},"end":{"line":18,"column":5}},{"start":{"line":5,"column":4},"end":{"line":18,"column":5}}],"line":5},"1":{"loc":{"start":{"line":5,"column":8},"end":{"line":5,"column":47}},"type":"binary-expr","locations":[{"start":{"line":5,"column":8},"end":{"line":5,"column":13}},{"start":{"line":5,"column":17},"end":{"line":5,"column":47}}],"line":5}},"s":{"0":1,"1":1,"2":1515,"3":129,"4":129,"5":129,"6":1386},"f":{"0":1,"1":1515},"b":{"0":[129,1386],"1":[1515,1513]},"_coverageSchema":"43e27e138ebf9cfc5966b082cf9a028302ed4184","hash":"4f1c26f84f23d5e813da634983c181a38ac8354e"}
,"/Users/sho/projects/vaceline/src/index.ts": {"path":"/Users/sho/projects/vaceline/src/index.ts","statementMap":{},"fnMap":{},"branchMap":{},"s":{},"f":{},"b":{},"_coverageSchema":"43e27e138ebf9cfc5966b082cf9a028302ed4184","hash":"4733c4bb776de643863cd1eaed0058017c83f2a1"}
,"/Users/sho/projects/vaceline/src/polyfill.js": {"path":"/Users/sho/projects/vaceline/src/polyfill.js","statementMap":{"0":{"start":{"line":1,"column":0},"end":{"line":15,"column":1}},"1":{"start":{"line":2,"column":2},"end":{"line":14,"column":3}},"2":{"start":{"line":3,"column":19},"end":{"line":3,"column":21}},"3":{"start":{"line":4,"column":5},"end":{"line":12,"column":36}},"4":{"start":{"line":5,"column":6},"end":{"line":11,"column":7}},"5":{"start":{"line":6,"column":8},"end":{"line":10,"column":9}},"6":{"start":{"line":7,"column":10},"end":{"line":7,"column":29}},"7":{"start":{"line":9,"column":10},"end":{"line":9,"column":27}},"8":{"start":{"line":13,"column":4},"end":{"line":13,"column":19}}},"fnMap":{"0":{"name":"(anonymous_0)","decl":{"start":{"line":2,"column":25},"end":{"line":2,"column":26}},"loc":{"start":{"line":2,"column":41},"end":{"line":14,"column":3}},"line":2},"1":{"name":"flat","decl":{"start":{"line":4,"column":15},"end":{"line":4,"column":19}},"loc":{"start":{"line":4,"column":34},"end":{"line":12,"column":5}},"line":4}},"branchMap":{"0":{"loc":{"start":{"line":1,"column":0},"end":{"line":15,"column":1}},"type":"if","locations":[{"start":{"line":1,"column":0},"end":{"line":15,"column":1}},{"start":{"line":1,"column":0},"end":{"line":15,"column":1}}],"line":1},"1":{"loc":{"start":{"line":6,"column":8},"end":{"line":10,"column":9}},"type":"if","locations":[{"start":{"line":6,"column":8},"end":{"line":10,"column":9}},{"start":{"line":6,"column":8},"end":{"line":10,"column":9}}],"line":6},"2":{"loc":{"start":{"line":6,"column":12},"end":{"line":6,"column":42}},"type":"binary-expr","locations":[{"start":{"line":6,"column":12},"end":{"line":6,"column":29}},{"start":{"line":6,"column":33},"end":{"line":6,"column":42}}],"line":6},"3":{"loc":{"start":{"line":12,"column":13},"end":{"line":12,"column":35}},"type":"binary-expr","locations":[{"start":{"line":12,"column":13},"end":{"line":12,"column":30}},{"start":{"line":12,"column":34},"end":{"line":12,"column":35}}],"line":12}},"s":{"0":10,"1":10,"2":16,"3":16,"4":19,"5":54,"6":3,"7":51,"8":16},"f":{"0":16,"1":19},"b":{"0":[10,0],"1":[3,51],"2":[54,3],"3":[16,0]},"_coverageSchema":"43e27e138ebf9cfc5966b082cf9a028302ed4184","hash":"929508ddd438bb29eb711b327b606223b4c90752"}
,"/Users/sho/projects/vaceline/src/generator/index.ts": {"path":"/Users/sho/projects/vaceline/src/generator/index.ts","statementMap":{"0":{"start":{"line":4,"column":28},"end":{"line":4,"column":38}},"1":{"start":{"line":6,"column":28},"end":{"line":10,"column":1}},"2":{"start":{"line":12,"column":24},"end":{"line":19,"column":1}},"3":{"start":{"line":13,"column":24},"end":{"line":16,"column":3}},"4":{"start":{"line":18,"column":2},"end":{"line":18,"column":28}}},"fnMap":{"0":{"name":"(anonymous_0)","decl":{"start":{"line":12,"column":24},"end":{"line":12,"column":25}},"loc":{"start":{"line":12,"column":75},"end":{"line":19,"column":1}},"line":12}},"branchMap":{},"s":{"0":13,"1":13,"2":13,"3":87,"4":87},"f":{"0":87},"b":{},"_coverageSchema":"43e27e138ebf9cfc5966b082cf9a028302ed4184","hash":"98dbd809cc67e2787a91dfe87bc0eddeab2b62d2"}
,"/Users/sho/projects/vaceline/src/generator/buffer/index.ts": {"path":"/Users/sho/projects/vaceline/src/generator/buffer/index.ts","statementMap":{"0":{"start":{"line":9,"column":31},"end":{"line":9,"column":33}},"1":{"start":{"line":10,"column":38},"end":{"line":10,"column":40}},"2":{"start":{"line":12,"column":47},"end":{"line":15,"column":3}},"3":{"start":{"line":17,"column":35},"end":{"line":22,"column":3}},"4":{"start":{"line":25,"column":4},"end":{"line":25,"column":19}},"5":{"start":{"line":29,"column":4},"end":{"line":29,"column":26}},"6":{"start":{"line":33,"column":4},"end":{"line":33,"column":29}},"7":{"start":{"line":37,"column":4},"end":{"line":37,"column":31}},"8":{"start":{"line":41,"column":4},"end":{"line":41,"column":30}},"9":{"start":{"line":45,"column":4},"end":{"line":45,"column":35}},"10":{"start":{"line":49,"column":4},"end":{"line":49,"column":37}},"11":{"start":{"line":53,"column":4},"end":{"line":53,"column":16}},"12":{"start":{"line":54,"column":4},"end":{"line":54,"column":28}},"13":{"start":{"line":58,"column":4},"end":{"line":58,"column":16}},"14":{"start":{"line":59,"column":4},"end":{"line":59,"column":32}},"15":{"start":{"line":60,"column":4},"end":{"line":60,"column":22}},"16":{"start":{"line":64,"column":4},"end":{"line":66,"column":5}},"17":{"start":{"line":65,"column":6},"end":{"line":65,"column":27}},"18":{"start":{"line":70,"column":4},"end":{"line":70,"column":62}},"19":{"start":{"line":74,"column":4},"end":{"line":74,"column":32}},"20":{"start":{"line":75,"column":4},"end":{"line":75,"column":29}},"21":{"start":{"line":79,"column":4},"end":{"line":81,"column":5}},"22":{"start":{"line":80,"column":6},"end":{"line":80,"column":34}},"23":{"start":{"line":83,"column":18},"end":{"line":83,"column":33}},"24":{"start":{"line":85,"column":22},"end":{"line":85,"column":38}},"25":{"start":{"line":86,"column":4},"end":{"line":86,"column":35}},"26":{"start":{"line":88,"column":21},"end":{"line":88,"column":37}},"27":{"start":{"line":89,"column":4},"end":{"line":93,"column":5}},"28":{"start":{"line":90,"column":6},"end":{"line":90,"column":30}},"29":{"start":{"line":92,"column":6},"end":{"line":92,"column":45}},"30":{"start":{"line":97,"column":4},"end":{"line":99,"column":5}},"31":{"start":{"line":98,"column":6},"end":{"line":98,"column":12}},"32":{"start":{"line":101,"column":4},"end":{"line":103,"column":5}},"33":{"start":{"line":102,"column":6},"end":{"line":102,"column":25}},"34":{"start":{"line":105,"column":4},"end":{"line":105,"column":24}}},"fnMap":{"0":{"name":"(anonymous_0)","decl":{"start":{"line":24,"column":2},"end":{"line":24,"column":3}},"loc":{"start":{"line":24,"column":34},"end":{"line":26,"column":3}},"line":24},"1":{"name":"(anonymous_1)","decl":{"start":{"line":28,"column":2},"end":{"line":28,"column":3}},"loc":{"start":{"line":28,"column":36},"end":{"line":30,"column":3}},"line":28},"2":{"name":"(anonymous_2)","decl":{"start":{"line":32,"column":2},"end":{"line":32,"column":3}},"loc":{"start":{"line":32,"column":19},"end":{"line":34,"column":3}},"line":32},"3":{"name":"(anonymous_3)","decl":{"start":{"line":36,"column":2},"end":{"line":36,"column":3}},"loc":{"start":{"line":36,"column":21},"end":{"line":38,"column":3}},"line":36},"4":{"name":"(anonymous_4)","decl":{"start":{"line":40,"column":2},"end":{"line":40,"column":3}},"loc":{"start":{"line":40,"column":22},"end":{"line":42,"column":3}},"line":40},"5":{"name":"(anonymous_5)","decl":{"start":{"line":44,"column":2},"end":{"line":44,"column":3}},"loc":{"start":{"line":44,"column":18},"end":{"line":46,"column":3}},"line":44},"6":{"name":"(anonymous_6)","decl":{"start":{"line":48,"column":2},"end":{"line":48,"column":3}},"loc":{"start":{"line":48,"column":20},"end":{"line":50,"column":3}},"line":48},"7":{"name":"(anonymous_7)","decl":{"start":{"line":52,"column":2},"end":{"line":52,"column":3}},"loc":{"start":{"line":52,"column":16},"end":{"line":55,"column":3}},"line":52},"8":{"name":"(anonymous_8)","decl":{"start":{"line":57,"column":2},"end":{"line":57,"column":3}},"loc":{"start":{"line":57,"column":53},"end":{"line":61,"column":3}},"line":57},"9":{"name":"(anonymous_9)","decl":{"start":{"line":63,"column":2},"end":{"line":63,"column":3}},"loc":{"start":{"line":63,"column":30},"end":{"line":67,"column":3}},"line":63},"10":{"name":"(anonymous_10)","decl":{"start":{"line":69,"column":2},"end":{"line":69,"column":3}},"loc":{"start":{"line":69,"column":24},"end":{"line":71,"column":3}},"line":69},"11":{"name":"(anonymous_11)","decl":{"start":{"line":73,"column":2},"end":{"line":73,"column":3}},"loc":{"start":{"line":73,"column":46},"end":{"line":76,"column":3}},"line":73},"12":{"name":"(anonymous_12)","decl":{"start":{"line":78,"column":2},"end":{"line":78,"column":3}},"loc":{"start":{"line":78,"column":51},"end":{"line":94,"column":3}},"line":78},"13":{"name":"(anonymous_13)","decl":{"start":{"line":96,"column":2},"end":{"line":96,"column":3}},"loc":{"start":{"line":96,"column":10},"end":{"line":106,"column":3}},"line":96}},"branchMap":{"0":{"loc":{"start":{"line":64,"column":4},"end":{"line":66,"column":5}},"type":"if","locations":[{"start":{"line":64,"column":4},"end":{"line":66,"column":5}},{"start":{"line":64,"column":4},"end":{"line":66,"column":5}}],"line":64},"1":{"loc":{"start":{"line":79,"column":4},"end":{"line":81,"column":5}},"type":"if","locations":[{"start":{"line":79,"column":4},"end":{"line":81,"column":5}},{"start":{"line":79,"column":4},"end":{"line":81,"column":5}}],"line":79},"2":{"loc":{"start":{"line":89,"column":4},"end":{"line":93,"column":5}},"type":"if","locations":[{"start":{"line":89,"column":4},"end":{"line":93,"column":5}},{"start":{"line":89,"column":4},"end":{"line":93,"column":5}}],"line":89},"3":{"loc":{"start":{"line":97,"column":4},"end":{"line":99,"column":5}},"type":"if","locations":[{"start":{"line":97,"column":4},"end":{"line":99,"column":5}},{"start":{"line":97,"column":4},"end":{"line":99,"column":5}}],"line":97}},"s":{"0":2,"1":2,"2":2,"3":2,"4":2,"5":2,"6":0,"7":0,"8":0,"9":0,"10":0,"11":0,"12":0,"13":5,"14":5,"15":5,"16":0,"17":0,"18":3,"19":3,"20":3,"21":8,"22":0,"23":8,"24":8,"25":8,"26":8,"27":8,"28":2,"29":6,"30":6,"31":5,"32":1,"33":1,"34":1},"f":{"0":2,"1":2,"2":0,"3":0,"4":0,"5":0,"6":0,"7":0,"8":5,"9":0,"10":3,"11":3,"12":8,"13":6},"b":{"0":[0,0],"1":[0,8],"2":[2,6],"3":[5,1]},"_coverageSchema":"43e27e138ebf9cfc5966b082cf9a028302ed4184","hash":"56b25b9c1ef2396cadb958e9da7e0a4dbcaa8f82"}
,"/Users/sho/projects/vaceline/src/nodes/index.ts": {"path":"/Users/sho/projects/vaceline/src/nodes/index.ts","statementMap":{"0":{"start":{"line":16,"column":17},"end":{"line":16,"column":43}},"1":{"start":{"line":16,"column":34},"end":{"line":16,"column":43}},"2":{"start":{"line":88,"column":4},"end":{"line":88,"column":47}},"3":{"start":{"line":89,"column":4},"end":{"line":89,"column":31}},"4":{"start":{"line":91,"column":4},"end":{"line":91,"column":15}},"5":{"start":{"line":100,"column":9},"end":{"line":100,"column":24}},"6":{"start":{"line":106,"column":4},"end":{"line":106,"column":11}},"7":{"start":{"line":108,"column":4},"end":{"line":108,"column":32}},"8":{"start":{"line":109,"column":4},"end":{"line":109,"column":30}},"9":{"start":{"line":110,"column":4},"end":{"line":110,"column":32}},"10":{"start":{"line":114,"column":4},"end":{"line":114,"column":25}},"11":{"start":{"line":118,"column":4},"end":{"line":118,"column":33}},"12":{"start":{"line":123,"column":9},"end":{"line":123,"column":27}},"13":{"start":{"line":127,"column":4},"end":{"line":127,"column":11}},"14":{"start":{"line":129,"column":4},"end":{"line":129,"column":24}},"15":{"start":{"line":133,"column":4},"end":{"line":133,"column":20}},"16":{"start":{"line":137,"column":4},"end":{"line":137,"column":54}},"17":{"start":{"line":142,"column":9},"end":{"line":142,"column":34}},"18":{"start":{"line":146,"column":4},"end":{"line":146,"column":11}},"19":{"start":{"line":148,"column":4},"end":{"line":148,"column":26}},"20":{"start":{"line":152,"column":4},"end":{"line":152,"column":13}},"21":{"start":{"line":156,"column":4},"end":{"line":156,"column":21}},"22":{"start":{"line":161,"column":9},"end":{"line":161,"column":33}},"23":{"start":{"line":165,"column":4},"end":{"line":165,"column":11}},"24":{"start":{"line":167,"column":4},"end":{"line":167,"column":26}},"25":{"start":{"line":171,"column":4},"end":{"line":171,"column":13}},"26":{"start":{"line":175,"column":4},"end":{"line":175,"column":21}},"27":{"start":{"line":180,"column":9},"end":{"line":180,"column":36}},"28":{"start":{"line":184,"column":4},"end":{"line":184,"column":11}},"29":{"start":{"line":186,"column":4},"end":{"line":186,"column":26}},"30":{"start":{"line":190,"column":4},"end":{"line":190,"column":13}},"31":{"start":{"line":194,"column":4},"end":{"line":194,"column":21}},"32":{"start":{"line":199,"column":9},"end":{"line":199,"column":35}},"33":{"start":{"line":203,"column":4},"end":{"line":203,"column":11}},"34":{"start":{"line":205,"column":4},"end":{"line":205,"column":26}},"35":{"start":{"line":209,"column":4},"end":{"line":209,"column":13}},"36":{"start":{"line":213,"column":4},"end":{"line":213,"column":21}},"37":{"start":{"line":218,"column":9},"end":{"line":218,"column":34}},"38":{"start":{"line":222,"column":4},"end":{"line":222,"column":11}},"39":{"start":{"line":224,"column":4},"end":{"line":224,"column":26}},"40":{"start":{"line":228,"column":4},"end":{"line":228,"column":13}},"41":{"start":{"line":232,"column":4},"end":{"line":232,"column":21}},"42":{"start":{"line":237,"column":9},"end":{"line":237,"column":30}},"43":{"start":{"line":241,"column":4},"end":{"line":241,"column":11}},"44":{"start":{"line":243,"column":4},"end":{"line":243,"column":24}},"45":{"start":{"line":247,"column":4},"end":{"line":247,"column":13}},"46":{"start":{"line":251,"column":4},"end":{"line":251,"column":20}},"47":{"start":{"line":256,"column":9},"end":{"line":256,"column":22}},"48":{"start":{"line":261,"column":4},"end":{"line":261,"column":11}},"49":{"start":{"line":263,"column":4},"end":{"line":263,"column":26}},"50":{"start":{"line":264,"column":4},"end":{"line":264,"column":24}},"51":{"start":{"line":268,"column":4},"end":{"line":268,"column":13}},"52":{"start":{"line":272,"column":4},"end":{"line":272,"column":64}},"53":{"start":{"line":277,"column":9},"end":{"line":277,"column":26}},"54":{"start":{"line":282,"column":4},"end":{"line":282,"column":11}},"55":{"start":{"line":284,"column":4},"end":{"line":284,"column":24}},"56":{"start":{"line":285,"column":4},"end":{"line":285,"column":28}},"57":{"start":{"line":289,"column":4},"end":{"line":289,"column":35}},"58":{"start":{"line":293,"column":4},"end":{"line":298,"column":6}},"59":{"start":{"line":303,"column":9},"end":{"line":303,"column":29}},"60":{"start":{"line":308,"column":4},"end":{"line":308,"column":11}},"61":{"start":{"line":310,"column":4},"end":{"line":310,"column":24}},"62":{"start":{"line":311,"column":4},"end":{"line":311,"column":24}},"63":{"start":{"line":315,"column":4},"end":{"line":315,"column":33}},"64":{"start":{"line":319,"column":4},"end":{"line":324,"column":6}},"65":{"start":{"line":329,"column":9},"end":{"line":329,"column":37}},"66":{"start":{"line":333,"column":4},"end":{"line":333,"column":11}},"67":{"start":{"line":335,"column":4},"end":{"line":335,"column":24}},"68":{"start":{"line":339,"column":4},"end":{"line":339,"column":22}},"69":{"start":{"line":343,"column":4},"end":{"line":348,"column":6}},"70":{"start":{"line":353,"column":9},"end":{"line":353,"column":35}},"71":{"start":{"line":358,"column":4},"end":{"line":358,"column":11}},"72":{"start":{"line":360,"column":4},"end":{"line":360,"column":32}},"73":{"start":{"line":361,"column":4},"end":{"line":361,"column":32}},"74":{"start":{"line":365,"column":4},"end":{"line":365,"column":26}},"75":{"start":{"line":369,"column":4},"end":{"line":369,"column":61}},"76":{"start":{"line":374,"column":9},"end":{"line":374,"column":37}},"77":{"start":{"line":379,"column":4},"end":{"line":379,"column":11}},"78":{"start":{"line":381,"column":4},"end":{"line":381,"column":28}},"79":{"start":{"line":382,"column":4},"end":{"line":382,"column":34}},"80":{"start":{"line":386,"column":4},"end":{"line":386,"column":43}},"81":{"start":{"line":390,"column":4},"end":{"line":405,"column":6}},"82":{"start":{"line":410,"column":9},"end":{"line":410,"column":36}},"83":{"start":{"line":414,"column":4},"end":{"line":414,"column":11}},"84":{"start":{"line":416,"column":4},"end":{"line":416,"column":24}},"85":{"start":{"line":420,"column":4},"end":{"line":420,"column":20}},"86":{"start":{"line":424,"column":4},"end":{"line":424,"column":50}},"87":{"start":{"line":429,"column":9},"end":{"line":429,"column":36}},"88":{"start":{"line":435,"column":4},"end":{"line":435,"column":11}},"89":{"start":{"line":437,"column":4},"end":{"line":437,"column":24}},"90":{"start":{"line":438,"column":4},"end":{"line":438,"column":26}},"91":{"start":{"line":439,"column":4},"end":{"line":439,"column":32}},"92":{"start":{"line":443,"column":4},"end":{"line":443,"column":34}},"93":{"start":{"line":447,"column":4},"end":{"line":451,"column":6}},"94":{"start":{"line":456,"column":9},"end":{"line":456,"column":37}},"95":{"start":{"line":462,"column":4},"end":{"line":462,"column":11}},"96":{"start":{"line":464,"column":4},"end":{"line":464,"column":24}},"97":{"start":{"line":465,"column":4},"end":{"line":465,"column":26}},"98":{"start":{"line":466,"column":4},"end":{"line":466,"column":32}},"99":{"start":{"line":470,"column":4},"end":{"line":470,"column":34}},"100":{"start":{"line":474,"column":4},"end":{"line":478,"column":6}},"101":{"start":{"line":483,"column":9},"end":{"line":483,"column":39}},"102":{"start":{"line":487,"column":4},"end":{"line":487,"column":11}},"103":{"start":{"line":489,"column":4},"end":{"line":489,"column":24}},"104":{"start":{"line":493,"column":4},"end":{"line":493,"column":22}},"105":{"start":{"line":497,"column":4},"end":{"line":497,"column":47}},"106":{"start":{"line":502,"column":9},"end":{"line":502,"column":36}},"107":{"start":{"line":506,"column":4},"end":{"line":506,"column":11}},"108":{"start":{"line":508,"column":4},"end":{"line":508,"column":28}},"109":{"start":{"line":512,"column":4},"end":{"line":512,"column":24}},"110":{"start":{"line":516,"column":4},"end":{"line":516,"column":61}},"111":{"start":{"line":521,"column":9},"end":{"line":521,"column":35}},"112":{"start":{"line":525,"column":4},"end":{"line":525,"column":11}},"113":{"start":{"line":527,"column":4},"end":{"line":527,"column":28}},"114":{"start":{"line":531,"column":4},"end":{"line":531,"column":24}},"115":{"start":{"line":535,"column":4},"end":{"line":535,"column":49}},"116":{"start":{"line":540,"column":9},"end":{"line":540,"column":33}},"117":{"start":{"line":544,"column":4},"end":{"line":544,"column":11}},"118":{"start":{"line":546,"column":4},"end":{"line":546,"column":36}},"119":{"start":{"line":550,"column":4},"end":{"line":550,"column":28}},"120":{"start":{"line":554,"column":4},"end":{"line":554,"column":62}},"121":{"start":{"line":559,"column":9},"end":{"line":559,"column":36}},"122":{"start":{"line":564,"column":4},"end":{"line":564,"column":11}},"123":{"start":{"line":566,"column":4},"end":{"line":566,"column":20}},"124":{"start":{"line":567,"column":4},"end":{"line":567,"column":34}},"125":{"start":{"line":571,"column":4},"end":{"line":571,"column":20}},"126":{"start":{"line":575,"column":4},"end":{"line":582,"column":6}},"127":{"start":{"line":587,"column":9},"end":{"line":587,"column":32}},"128":{"start":{"line":593,"column":4},"end":{"line":593,"column":11}},"129":{"start":{"line":595,"column":4},"end":{"line":595,"column":24}},"130":{"start":{"line":596,"column":4},"end":{"line":596,"column":26}},"131":{"start":{"line":597,"column":4},"end":{"line":597,"column":32}},"132":{"start":{"line":601,"column":4},"end":{"line":601,"column":34}},"133":{"start":{"line":605,"column":4},"end":{"line":613,"column":6}},"134":{"start":{"line":618,"column":9},"end":{"line":618,"column":32}},"135":{"start":{"line":624,"column":4},"end":{"line":624,"column":11}},"136":{"start":{"line":626,"column":4},"end":{"line":626,"column":24}},"137":{"start":{"line":627,"column":4},"end":{"line":627,"column":26}},"138":{"start":{"line":628,"column":4},"end":{"line":628,"column":32}},"139":{"start":{"line":632,"column":4},"end":{"line":632,"column":34}},"140":{"start":{"line":636,"column":4},"end":{"line":644,"column":6}},"141":{"start":{"line":649,"column":9},"end":{"line":649,"column":34}},"142":{"start":{"line":653,"column":4},"end":{"line":653,"column":11}},"143":{"start":{"line":655,"column":4},"end":{"line":655,"column":20}},"144":{"start":{"line":659,"column":4},"end":{"line":659,"column":20}},"145":{"start":{"line":663,"column":4},"end":{"line":663,"column":55}},"146":{"start":{"line":668,"column":9},"end":{"line":668,"column":35}},"147":{"start":{"line":672,"column":4},"end":{"line":672,"column":11}},"148":{"start":{"line":674,"column":4},"end":{"line":674,"column":28}},"149":{"start":{"line":678,"column":4},"end":{"line":678,"column":13}},"150":{"start":{"line":682,"column":4},"end":{"line":682,"column":49}},"151":{"start":{"line":687,"column":9},"end":{"line":687,"column":34}},"152":{"start":{"line":692,"column":4},"end":{"line":692,"column":11}},"153":{"start":{"line":694,"column":4},"end":{"line":694,"column":28}},"154":{"start":{"line":695,"column":4},"end":{"line":695,"column":30}},"155":{"start":{"line":699,"column":4},"end":{"line":699,"column":25}},"156":{"start":{"line":703,"column":4},"end":{"line":708,"column":31}},"157":{"start":{"line":713,"column":9},"end":{"line":713,"column":36}},"158":{"start":{"line":716,"column":4},"end":{"line":716,"column":11}},"159":{"start":{"line":720,"column":4},"end":{"line":720,"column":13}},"160":{"start":{"line":724,"column":4},"end":{"line":724,"column":21}},"161":{"start":{"line":729,"column":9},"end":{"line":729,"column":38}},"162":{"start":{"line":733,"column":4},"end":{"line":733,"column":11}},"163":{"start":{"line":735,"column":4},"end":{"line":735,"column":32}},"164":{"start":{"line":739,"column":4},"end":{"line":739,"column":26}},"165":{"start":{"line":743,"column":4},"end":{"line":743,"column":64}},"166":{"start":{"line":748,"column":9},"end":{"line":748,"column":32}},"167":{"start":{"line":752,"column":4},"end":{"line":752,"column":11}},"168":{"start":{"line":754,"column":4},"end":{"line":754,"column":30}},"169":{"start":{"line":758,"column":4},"end":{"line":758,"column":25}},"170":{"start":{"line":762,"column":4},"end":{"line":762,"column":57}},"171":{"start":{"line":767,"column":9},"end":{"line":767,"column":31}},"172":{"start":{"line":773,"column":4},"end":{"line":773,"column":11}},"173":{"start":{"line":775,"column":4},"end":{"line":775,"column":24}},"174":{"start":{"line":776,"column":4},"end":{"line":776,"column":36}},"175":{"start":{"line":777,"column":4},"end":{"line":777,"column":38}},"176":{"start":{"line":781,"column":4},"end":{"line":783,"column":14}},"177":{"start":{"line":787,"column":28},"end":{"line":801,"column":5}},"178":{"start":{"line":803,"column":4},"end":{"line":809,"column":5}},"179":{"start":{"line":804,"column":26},"end":{"line":806,"column":56}},"180":{"start":{"line":808,"column":6},"end":{"line":808,"column":47}},"181":{"start":{"line":811,"column":4},"end":{"line":811,"column":24}},"182":{"start":{"line":816,"column":9},"end":{"line":816,"column":39}},"183":{"start":{"line":821,"column":4},"end":{"line":821,"column":11}},"184":{"start":{"line":823,"column":4},"end":{"line":823,"column":20}},"185":{"start":{"line":824,"column":4},"end":{"line":824,"column":24}},"186":{"start":{"line":828,"column":4},"end":{"line":828,"column":34}},"187":{"start":{"line":832,"column":4},"end":{"line":841,"column":6}},"188":{"start":{"line":846,"column":9},"end":{"line":846,"column":32}},"189":{"start":{"line":851,"column":4},"end":{"line":851,"column":11}},"190":{"start":{"line":853,"column":4},"end":{"line":853,"column":20}},"191":{"start":{"line":854,"column":4},"end":{"line":854,"column":24}},"192":{"start":{"line":858,"column":4},"end":{"line":858,"column":34}},"193":{"start":{"line":862,"column":4},"end":{"line":867,"column":6}},"194":{"start":{"line":877,"column":9},"end":{"line":877,"column":36}},"195":{"start":{"line":882,"column":4},"end":{"line":882,"column":11}},"196":{"start":{"line":884,"column":4},"end":{"line":884,"column":20}},"197":{"start":{"line":885,"column":4},"end":{"line":885,"column":24}},"198":{"start":{"line":889,"column":4},"end":{"line":895,"column":14}},"199":{"start":{"line":891,"column":8},"end":{"line":893,"column":19}},"200":{"start":{"line":892,"column":37},"end":{"line":892,"column":50}},"201":{"start":{"line":899,"column":18},"end":{"line":901,"column":42}},"202":{"start":{"line":903,"column":4},"end":{"line":903,"column":49}},"203":{"start":{"line":907,"column":4},"end":{"line":917,"column":6}},"204":{"start":{"line":921,"column":4},"end":{"line":926,"column":6}},"205":{"start":{"line":933,"column":9},"end":{"line":933,"column":34}},"206":{"start":{"line":938,"column":4},"end":{"line":938,"column":11}},"207":{"start":{"line":940,"column":4},"end":{"line":940,"column":20}},"208":{"start":{"line":941,"column":4},"end":{"line":941,"column":24}},"209":{"start":{"line":945,"column":4},"end":{"line":945,"column":20}},"210":{"start":{"line":949,"column":4},"end":{"line":956,"column":6}},"211":{"start":{"line":954,"column":30},"end":{"line":954,"column":63}},"212":{"start":{"line":960,"column":19},"end":{"line":996,"column":10}}},"fnMap":{"0":{"name":"(anonymous_0)","decl":{"start":{"line":16,"column":17},"end":{"line":16,"column":18}},"loc":{"start":{"line":16,"column":34},"end":{"line":16,"column":43}},"line":16},"1":{"name":"(anonymous_1)","decl":{"start":{"line":84,"column":2},"end":{"line":84,"column":3}},"loc":{"start":{"line":87,"column":7},"end":{"line":92,"column":3}},"line":87},"2":{"name":"(anonymous_2)","decl":{"start":{"line":105,"column":2},"end":{"line":105,"column":3}},"loc":{"start":{"line":105,"column":36},"end":{"line":111,"column":3}},"line":105},"3":{"name":"(anonymous_3)","decl":{"start":{"line":113,"column":2},"end":{"line":113,"column":3}},"loc":{"start":{"line":113,"column":9},"end":{"line":115,"column":3}},"line":113},"4":{"name":"(anonymous_4)","decl":{"start":{"line":117,"column":2},"end":{"line":117,"column":3}},"loc":{"start":{"line":117,"column":10},"end":{"line":119,"column":3}},"line":117},"5":{"name":"(anonymous_5)","decl":{"start":{"line":126,"column":2},"end":{"line":126,"column":3}},"loc":{"start":{"line":126,"column":39},"end":{"line":130,"column":3}},"line":126},"6":{"name":"(anonymous_6)","decl":{"start":{"line":132,"column":2},"end":{"line":132,"column":3}},"loc":{"start":{"line":132,"column":9},"end":{"line":134,"column":3}},"line":132},"7":{"name":"(anonymous_7)","decl":{"start":{"line":136,"column":2},"end":{"line":136,"column":3}},"loc":{"start":{"line":136,"column":10},"end":{"line":138,"column":3}},"line":136},"8":{"name":"(anonymous_8)","decl":{"start":{"line":145,"column":2},"end":{"line":145,"column":3}},"loc":{"start":{"line":145,"column":46},"end":{"line":149,"column":3}},"line":145},"9":{"name":"(anonymous_9)","decl":{"start":{"line":151,"column":2},"end":{"line":151,"column":3}},"loc":{"start":{"line":151,"column":9},"end":{"line":153,"column":3}},"line":151},"10":{"name":"(anonymous_10)","decl":{"start":{"line":155,"column":2},"end":{"line":155,"column":3}},"loc":{"start":{"line":155,"column":10},"end":{"line":157,"column":3}},"line":155},"11":{"name":"(anonymous_11)","decl":{"start":{"line":164,"column":2},"end":{"line":164,"column":3}},"loc":{"start":{"line":164,"column":45},"end":{"line":168,"column":3}},"line":164},"12":{"name":"(anonymous_12)","decl":{"start":{"line":170,"column":2},"end":{"line":170,"column":3}},"loc":{"start":{"line":170,"column":9},"end":{"line":172,"column":3}},"line":170},"13":{"name":"(anonymous_13)","decl":{"start":{"line":174,"column":2},"end":{"line":174,"column":3}},"loc":{"start":{"line":174,"column":10},"end":{"line":176,"column":3}},"line":174},"14":{"name":"(anonymous_14)","decl":{"start":{"line":183,"column":2},"end":{"line":183,"column":3}},"loc":{"start":{"line":183,"column":48},"end":{"line":187,"column":3}},"line":183},"15":{"name":"(anonymous_15)","decl":{"start":{"line":189,"column":2},"end":{"line":189,"column":3}},"loc":{"start":{"line":189,"column":9},"end":{"line":191,"column":3}},"line":189},"16":{"name":"(anonymous_16)","decl":{"start":{"line":193,"column":2},"end":{"line":193,"column":3}},"loc":{"start":{"line":193,"column":10},"end":{"line":195,"column":3}},"line":193},"17":{"name":"(anonymous_17)","decl":{"start":{"line":202,"column":2},"end":{"line":202,"column":3}},"loc":{"start":{"line":202,"column":47},"end":{"line":206,"column":3}},"line":202},"18":{"name":"(anonymous_18)","decl":{"start":{"line":208,"column":2},"end":{"line":208,"column":3}},"loc":{"start":{"line":208,"column":9},"end":{"line":210,"column":3}},"line":208},"19":{"name":"(anonymous_19)","decl":{"start":{"line":212,"column":2},"end":{"line":212,"column":3}},"loc":{"start":{"line":212,"column":10},"end":{"line":214,"column":3}},"line":212},"20":{"name":"(anonymous_20)","decl":{"start":{"line":221,"column":2},"end":{"line":221,"column":3}},"loc":{"start":{"line":221,"column":46},"end":{"line":225,"column":3}},"line":221},"21":{"name":"(anonymous_21)","decl":{"start":{"line":227,"column":2},"end":{"line":227,"column":3}},"loc":{"start":{"line":227,"column":9},"end":{"line":229,"column":3}},"line":227},"22":{"name":"(anonymous_22)","decl":{"start":{"line":231,"column":2},"end":{"line":231,"column":3}},"loc":{"start":{"line":231,"column":10},"end":{"line":233,"column":3}},"line":231},"23":{"name":"(anonymous_23)","decl":{"start":{"line":240,"column":2},"end":{"line":240,"column":3}},"loc":{"start":{"line":240,"column":42},"end":{"line":244,"column":3}},"line":240},"24":{"name":"(anonymous_24)","decl":{"start":{"line":246,"column":2},"end":{"line":246,"column":3}},"loc":{"start":{"line":246,"column":9},"end":{"line":248,"column":3}},"line":246},"25":{"name":"(anonymous_25)","decl":{"start":{"line":250,"column":2},"end":{"line":250,"column":3}},"loc":{"start":{"line":250,"column":10},"end":{"line":252,"column":3}},"line":250},"26":{"name":"(anonymous_26)","decl":{"start":{"line":260,"column":2},"end":{"line":260,"column":3}},"loc":{"start":{"line":260,"column":34},"end":{"line":265,"column":3}},"line":260},"27":{"name":"(anonymous_27)","decl":{"start":{"line":267,"column":2},"end":{"line":267,"column":3}},"loc":{"start":{"line":267,"column":9},"end":{"line":269,"column":3}},"line":267},"28":{"name":"(anonymous_28)","decl":{"start":{"line":271,"column":2},"end":{"line":271,"column":3}},"loc":{"start":{"line":271,"column":10},"end":{"line":273,"column":3}},"line":271},"29":{"name":"(anonymous_29)","decl":{"start":{"line":281,"column":2},"end":{"line":281,"column":3}},"loc":{"start":{"line":281,"column":38},"end":{"line":286,"column":3}},"line":281},"30":{"name":"(anonymous_30)","decl":{"start":{"line":288,"column":2},"end":{"line":288,"column":3}},"loc":{"start":{"line":288,"column":9},"end":{"line":290,"column":3}},"line":288},"31":{"name":"(anonymous_31)","decl":{"start":{"line":292,"column":2},"end":{"line":292,"column":3}},"loc":{"start":{"line":292,"column":10},"end":{"line":299,"column":3}},"line":292},"32":{"name":"(anonymous_32)","decl":{"start":{"line":307,"column":2},"end":{"line":307,"column":3}},"loc":{"start":{"line":307,"column":41},"end":{"line":312,"column":3}},"line":307},"33":{"name":"(anonymous_33)","decl":{"start":{"line":314,"column":2},"end":{"line":314,"column":3}},"loc":{"start":{"line":314,"column":9},"end":{"line":316,"column":3}},"line":314},"34":{"name":"(anonymous_34)","decl":{"start":{"line":318,"column":2},"end":{"line":318,"column":3}},"loc":{"start":{"line":318,"column":10},"end":{"line":325,"column":3}},"line":318},"35":{"name":"(anonymous_35)","decl":{"start":{"line":332,"column":2},"end":{"line":332,"column":3}},"loc":{"start":{"line":332,"column":49},"end":{"line":336,"column":3}},"line":332},"36":{"name":"(anonymous_36)","decl":{"start":{"line":338,"column":2},"end":{"line":338,"column":3}},"loc":{"start":{"line":338,"column":9},"end":{"line":340,"column":3}},"line":338},"37":{"name":"(anonymous_37)","decl":{"start":{"line":342,"column":2},"end":{"line":342,"column":3}},"loc":{"start":{"line":342,"column":10},"end":{"line":349,"column":3}},"line":342},"38":{"name":"(anonymous_38)","decl":{"start":{"line":357,"column":2},"end":{"line":357,"column":3}},"loc":{"start":{"line":357,"column":47},"end":{"line":362,"column":3}},"line":357},"39":{"name":"(anonymous_39)","decl":{"start":{"line":364,"column":2},"end":{"line":364,"column":3}},"loc":{"start":{"line":364,"column":9},"end":{"line":366,"column":3}},"line":364},"40":{"name":"(anonymous_40)","decl":{"start":{"line":368,"column":2},"end":{"line":368,"column":3}},"loc":{"start":{"line":368,"column":10},"end":{"line":370,"column":3}},"line":368},"41":{"name":"(anonymous_41)","decl":{"start":{"line":378,"column":2},"end":{"line":378,"column":3}},"loc":{"start":{"line":378,"column":49},"end":{"line":383,"column":3}},"line":378},"42":{"name":"(anonymous_42)","decl":{"start":{"line":385,"column":2},"end":{"line":385,"column":3}},"loc":{"start":{"line":385,"column":9},"end":{"line":387,"column":3}},"line":385},"43":{"name":"(anonymous_43)","decl":{"start":{"line":389,"column":2},"end":{"line":389,"column":3}},"loc":{"start":{"line":389,"column":10},"end":{"line":406,"column":3}},"line":389},"44":{"name":"(anonymous_44)","decl":{"start":{"line":413,"column":2},"end":{"line":413,"column":3}},"loc":{"start":{"line":413,"column":48},"end":{"line":417,"column":3}},"line":413},"45":{"name":"(anonymous_45)","decl":{"start":{"line":419,"column":2},"end":{"line":419,"column":3}},"loc":{"start":{"line":419,"column":9},"end":{"line":421,"column":3}},"line":419},"46":{"name":"(anonymous_46)","decl":{"start":{"line":423,"column":2},"end":{"line":423,"column":3}},"loc":{"start":{"line":423,"column":10},"end":{"line":425,"column":3}},"line":423},"47":{"name":"(anonymous_47)","decl":{"start":{"line":434,"column":2},"end":{"line":434,"column":3}},"loc":{"start":{"line":434,"column":48},"end":{"line":440,"column":3}},"line":434},"48":{"name":"(anonymous_48)","decl":{"start":{"line":442,"column":2},"end":{"line":442,"column":3}},"loc":{"start":{"line":442,"column":9},"end":{"line":444,"column":3}},"line":442},"49":{"name":"(anonymous_49)","decl":{"start":{"line":446,"column":2},"end":{"line":446,"column":3}},"loc":{"start":{"line":446,"column":10},"end":{"line":452,"column":3}},"line":446},"50":{"name":"(anonymous_50)","decl":{"start":{"line":461,"column":2},"end":{"line":461,"column":3}},"loc":{"start":{"line":461,"column":49},"end":{"line":467,"column":3}},"line":461},"51":{"name":"(anonymous_51)","decl":{"start":{"line":469,"column":2},"end":{"line":469,"column":3}},"loc":{"start":{"line":469,"column":9},"end":{"line":471,"column":3}},"line":469},"52":{"name":"(anonymous_52)","decl":{"start":{"line":473,"column":2},"end":{"line":473,"column":3}},"loc":{"start":{"line":473,"column":10},"end":{"line":479,"column":3}},"line":473},"53":{"name":"(anonymous_53)","decl":{"start":{"line":486,"column":2},"end":{"line":486,"column":3}},"loc":{"start":{"line":486,"column":51},"end":{"line":490,"column":3}},"line":486},"54":{"name":"(anonymous_54)","decl":{"start":{"line":492,"column":2},"end":{"line":492,"column":3}},"loc":{"start":{"line":492,"column":9},"end":{"line":494,"column":3}},"line":492},"55":{"name":"(anonymous_55)","decl":{"start":{"line":496,"column":2},"end":{"line":496,"column":3}},"loc":{"start":{"line":496,"column":10},"end":{"line":498,"column":3}},"line":496},"56":{"name":"(anonymous_56)","decl":{"start":{"line":505,"column":2},"end":{"line":505,"column":3}},"loc":{"start":{"line":505,"column":48},"end":{"line":509,"column":3}},"line":505},"57":{"name":"(anonymous_57)","decl":{"start":{"line":511,"column":2},"end":{"line":511,"column":3}},"loc":{"start":{"line":511,"column":9},"end":{"line":513,"column":3}},"line":511},"58":{"name":"(anonymous_58)","decl":{"start":{"line":515,"column":2},"end":{"line":515,"column":3}},"loc":{"start":{"line":515,"column":10},"end":{"line":517,"column":3}},"line":515},"59":{"name":"(anonymous_59)","decl":{"start":{"line":524,"column":2},"end":{"line":524,"column":3}},"loc":{"start":{"line":524,"column":47},"end":{"line":528,"column":3}},"line":524},"60":{"name":"(anonymous_60)","decl":{"start":{"line":530,"column":2},"end":{"line":530,"column":3}},"loc":{"start":{"line":530,"column":9},"end":{"line":532,"column":3}},"line":530},"61":{"name":"(anonymous_61)","decl":{"start":{"line":534,"column":2},"end":{"line":534,"column":3}},"loc":{"start":{"line":534,"column":10},"end":{"line":536,"column":3}},"line":534},"62":{"name":"(anonymous_62)","decl":{"start":{"line":543,"column":2},"end":{"line":543,"column":3}},"loc":{"start":{"line":543,"column":45},"end":{"line":547,"column":3}},"line":543},"63":{"name":"(anonymous_63)","decl":{"start":{"line":549,"column":2},"end":{"line":549,"column":3}},"loc":{"start":{"line":549,"column":9},"end":{"line":551,"column":3}},"line":549},"64":{"name":"(anonymous_64)","decl":{"start":{"line":553,"column":2},"end":{"line":553,"column":3}},"loc":{"start":{"line":553,"column":10},"end":{"line":555,"column":3}},"line":553},"65":{"name":"(anonymous_65)","decl":{"start":{"line":563,"column":2},"end":{"line":563,"column":3}},"loc":{"start":{"line":563,"column":48},"end":{"line":568,"column":3}},"line":563},"66":{"name":"(anonymous_66)","decl":{"start":{"line":570,"column":2},"end":{"line":570,"column":3}},"loc":{"start":{"line":570,"column":9},"end":{"line":572,"column":3}},"line":570},"67":{"name":"(anonymous_67)","decl":{"start":{"line":574,"column":2},"end":{"line":574,"column":3}},"loc":{"start":{"line":574,"column":10},"end":{"line":583,"column":3}},"line":574},"68":{"name":"(anonymous_68)","decl":{"start":{"line":592,"column":2},"end":{"line":592,"column":3}},"loc":{"start":{"line":592,"column":44},"end":{"line":598,"column":3}},"line":592},"69":{"name":"(anonymous_69)","decl":{"start":{"line":600,"column":2},"end":{"line":600,"column":3}},"loc":{"start":{"line":600,"column":9},"end":{"line":602,"column":3}},"line":600},"70":{"name":"(anonymous_70)","decl":{"start":{"line":604,"column":2},"end":{"line":604,"column":3}},"loc":{"start":{"line":604,"column":10},"end":{"line":614,"column":3}},"line":604},"71":{"name":"(anonymous_71)","decl":{"start":{"line":623,"column":2},"end":{"line":623,"column":3}},"loc":{"start":{"line":623,"column":44},"end":{"line":629,"column":3}},"line":623},"72":{"name":"(anonymous_72)","decl":{"start":{"line":631,"column":2},"end":{"line":631,"column":3}},"loc":{"start":{"line":631,"column":9},"end":{"line":633,"column":3}},"line":631},"73":{"name":"(anonymous_73)","decl":{"start":{"line":635,"column":2},"end":{"line":635,"column":3}},"loc":{"start":{"line":635,"column":10},"end":{"line":645,"column":3}},"line":635},"74":{"name":"(anonymous_74)","decl":{"start":{"line":652,"column":2},"end":{"line":652,"column":3}},"loc":{"start":{"line":652,"column":46},"end":{"line":656,"column":3}},"line":652},"75":{"name":"(anonymous_75)","decl":{"start":{"line":658,"column":2},"end":{"line":658,"column":3}},"loc":{"start":{"line":658,"column":9},"end":{"line":660,"column":3}},"line":658},"76":{"name":"(anonymous_76)","decl":{"start":{"line":662,"column":2},"end":{"line":662,"column":3}},"loc":{"start":{"line":662,"column":10},"end":{"line":664,"column":3}},"line":662},"77":{"name":"(anonymous_77)","decl":{"start":{"line":671,"column":2},"end":{"line":671,"column":3}},"loc":{"start":{"line":671,"column":47},"end":{"line":675,"column":3}},"line":671},"78":{"name":"(anonymous_78)","decl":{"start":{"line":677,"column":2},"end":{"line":677,"column":3}},"loc":{"start":{"line":677,"column":9},"end":{"line":679,"column":3}},"line":677},"79":{"name":"(anonymous_79)","decl":{"start":{"line":681,"column":2},"end":{"line":681,"column":3}},"loc":{"start":{"line":681,"column":10},"end":{"line":683,"column":3}},"line":681},"80":{"name":"(anonymous_80)","decl":{"start":{"line":691,"column":2},"end":{"line":691,"column":3}},"loc":{"start":{"line":691,"column":46},"end":{"line":696,"column":3}},"line":691},"81":{"name":"(anonymous_81)","decl":{"start":{"line":698,"column":2},"end":{"line":698,"column":3}},"loc":{"start":{"line":698,"column":9},"end":{"line":700,"column":3}},"line":698},"82":{"name":"(anonymous_82)","decl":{"start":{"line":702,"column":2},"end":{"line":702,"column":3}},"loc":{"start":{"line":702,"column":10},"end":{"line":709,"column":3}},"line":702},"83":{"name":"(anonymous_83)","decl":{"start":{"line":715,"column":2},"end":{"line":715,"column":3}},"loc":{"start":{"line":715,"column":48},"end":{"line":717,"column":3}},"line":715},"84":{"name":"(anonymous_84)","decl":{"start":{"line":719,"column":2},"end":{"line":719,"column":3}},"loc":{"start":{"line":719,"column":9},"end":{"line":721,"column":3}},"line":719},"85":{"name":"(anonymous_85)","decl":{"start":{"line":723,"column":2},"end":{"line":723,"column":3}},"loc":{"start":{"line":723,"column":10},"end":{"line":725,"column":3}},"line":723},"86":{"name":"(anonymous_86)","decl":{"start":{"line":732,"column":2},"end":{"line":732,"column":3}},"loc":{"start":{"line":732,"column":50},"end":{"line":736,"column":3}},"line":732},"87":{"name":"(anonymous_87)","decl":{"start":{"line":738,"column":2},"end":{"line":738,"column":3}},"loc":{"start":{"line":738,"column":9},"end":{"line":740,"column":3}},"line":738},"88":{"name":"(anonymous_88)","decl":{"start":{"line":742,"column":2},"end":{"line":742,"column":3}},"loc":{"start":{"line":742,"column":10},"end":{"line":744,"column":3}},"line":742},"89":{"name":"(anonymous_89)","decl":{"start":{"line":751,"column":2},"end":{"line":751,"column":3}},"loc":{"start":{"line":751,"column":44},"end":{"line":755,"column":3}},"line":751},"90":{"name":"(anonymous_90)","decl":{"start":{"line":757,"column":2},"end":{"line":757,"column":3}},"loc":{"start":{"line":757,"column":9},"end":{"line":759,"column":3}},"line":757},"91":{"name":"(anonymous_91)","decl":{"start":{"line":761,"column":2},"end":{"line":761,"column":3}},"loc":{"start":{"line":761,"column":10},"end":{"line":763,"column":3}},"line":761},"92":{"name":"(anonymous_92)","decl":{"start":{"line":772,"column":2},"end":{"line":772,"column":3}},"loc":{"start":{"line":772,"column":43},"end":{"line":778,"column":3}},"line":772},"93":{"name":"(anonymous_93)","decl":{"start":{"line":780,"column":2},"end":{"line":780,"column":3}},"loc":{"start":{"line":780,"column":9},"end":{"line":784,"column":3}},"line":780},"94":{"name":"(anonymous_94)","decl":{"start":{"line":786,"column":2},"end":{"line":786,"column":3}},"loc":{"start":{"line":786,"column":10},"end":{"line":812,"column":3}},"line":786},"95":{"name":"(anonymous_95)","decl":{"start":{"line":820,"column":2},"end":{"line":820,"column":3}},"loc":{"start":{"line":820,"column":51},"end":{"line":825,"column":3}},"line":820},"96":{"name":"(anonymous_96)","decl":{"start":{"line":827,"column":2},"end":{"line":827,"column":3}},"loc":{"start":{"line":827,"column":9},"end":{"line":829,"column":3}},"line":827},"97":{"name":"(anonymous_97)","decl":{"start":{"line":831,"column":2},"end":{"line":831,"column":3}},"loc":{"start":{"line":831,"column":10},"end":{"line":842,"column":3}},"line":831},"98":{"name":"(anonymous_98)","decl":{"start":{"line":850,"column":2},"end":{"line":850,"column":3}},"loc":{"start":{"line":850,"column":44},"end":{"line":855,"column":3}},"line":850},"99":{"name":"(anonymous_99)","decl":{"start":{"line":857,"column":2},"end":{"line":857,"column":3}},"loc":{"start":{"line":857,"column":9},"end":{"line":859,"column":3}},"line":857},"100":{"name":"(anonymous_100)","decl":{"start":{"line":861,"column":2},"end":{"line":861,"column":3}},"loc":{"start":{"line":861,"column":10},"end":{"line":868,"column":3}},"line":861},"101":{"name":"(anonymous_101)","decl":{"start":{"line":881,"column":2},"end":{"line":881,"column":3}},"loc":{"start":{"line":881,"column":48},"end":{"line":886,"column":3}},"line":881},"102":{"name":"(anonymous_102)","decl":{"start":{"line":888,"column":2},"end":{"line":888,"column":3}},"loc":{"start":{"line":888,"column":9},"end":{"line":896,"column":3}},"line":888},"103":{"name":"(anonymous_103)","decl":{"start":{"line":890,"column":11},"end":{"line":890,"column":12}},"loc":{"start":{"line":891,"column":8},"end":{"line":893,"column":19}},"line":891},"104":{"name":"(anonymous_104)","decl":{"start":{"line":892,"column":24},"end":{"line":892,"column":25}},"loc":{"start":{"line":892,"column":37},"end":{"line":892,"column":50}},"line":892},"105":{"name":"(anonymous_105)","decl":{"start":{"line":898,"column":2},"end":{"line":898,"column":3}},"loc":{"start":{"line":898,"column":40},"end":{"line":904,"column":3}},"line":898},"106":{"name":"(anonymous_106)","decl":{"start":{"line":906,"column":2},"end":{"line":906,"column":3}},"loc":{"start":{"line":906,"column":49},"end":{"line":918,"column":3}},"line":906},"107":{"name":"(anonymous_107)","decl":{"start":{"line":920,"column":2},"end":{"line":920,"column":3}},"loc":{"start":{"line":920,"column":10},"end":{"line":927,"column":3}},"line":920},"108":{"name":"(anonymous_108)","decl":{"start":{"line":937,"column":2},"end":{"line":937,"column":3}},"loc":{"start":{"line":937,"column":46},"end":{"line":942,"column":3}},"line":937},"109":{"name":"(anonymous_109)","decl":{"start":{"line":944,"column":2},"end":{"line":944,"column":3}},"loc":{"start":{"line":944,"column":9},"end":{"line":946,"column":3}},"line":944},"110":{"name":"(anonymous_110)","decl":{"start":{"line":948,"column":2},"end":{"line":948,"column":3}},"loc":{"start":{"line":948,"column":10},"end":{"line":957,"column":3}},"line":948},"111":{"name":"(anonymous_111)","decl":{"start":{"line":954,"column":22},"end":{"line":954,"column":23}},"loc":{"start":{"line":954,"column":30},"end":{"line":954,"column":63}},"line":954}},"branchMap":{"0":{"loc":{"start":{"line":272,"column":11},"end":{"line":272,"column":64}},"type":"cond-expr","locations":[{"start":{"line":272,"column":23},"end":{"line":272,"column":51}},{"start":{"line":272,"column":54},"end":{"line":272,"column":64}}],"line":272},"1":{"loc":{"start":{"line":706,"column":6},"end":{"line":706,"column":44}},"type":"binary-expr","locations":[{"start":{"line":706,"column":6},"end":{"line":706,"column":18}},{"start":{"line":706,"column":22},"end":{"line":706,"column":44}}],"line":706},"2":{"loc":{"start":{"line":803,"column":4},"end":{"line":809,"column":5}},"type":"if","locations":[{"start":{"line":803,"column":4},"end":{"line":809,"column":5}},{"start":{"line":803,"column":4},"end":{"line":809,"column":5}}],"line":803},"3":{"loc":{"start":{"line":804,"column":26},"end":{"line":806,"column":56}},"type":"cond-expr","locations":[{"start":{"line":805,"column":10},"end":{"line":805,"column":53}},{"start":{"line":806,"column":10},"end":{"line":806,"column":56}}],"line":804},"4":{"loc":{"start":{"line":891,"column":8},"end":{"line":893,"column":19}},"type":"cond-expr","locations":[{"start":{"line":892,"column":12},"end":{"line":892,"column":51}},{"start":{"line":893,"column":12},"end":{"line":893,"column":19}}],"line":891},"5":{"loc":{"start":{"line":899,"column":18},"end":{"line":901,"column":42}},"type":"cond-expr","locations":[{"start":{"line":900,"column":8},"end":{"line":900,"column":45}},{"start":{"line":901,"column":8},"end":{"line":901,"column":42}}],"line":899}},"s":{"0":13,"1":397,"2":0,"3":0,"4":0,"5":0,"6":0,"7":0,"8":0,"9":0,"10":0,"11":0,"12":17,"13":17,"14":17,"15":7,"16":3,"17":35,"18":35,"19":35,"20":10,"21":6,"22":268,"23":268,"24":268,"25":113,"26":73,"27":0,"28":0,"29":0,"30":0,"31":0,"32":37,"33":37,"34":37,"35":14,"36":10,"37":53,"38":53,"39":53,"40":16,"41":16,"42":867,"43":867,"44":867,"45":464,"46":190,"47":18,"48":18,"49":18,"50":18,"51":2,"52":2,"53":367,"54":367,"55":367,"56":367,"57":234,"58":90,"59":12,"60":12,"61":12,"62":12,"63":7,"64":3,"65":16,"66":16,"67":16,"68":8,"69":4,"70":10,"71":10,"72":10,"73":10,"74":3,"75":3,"76":35,"77":35,"78":35,"79":35,"80":20,"81":8,"82":23,"83":23,"84":23,"85":5,"86":5,"87":49,"88":49,"89":49,"90":49,"91":49,"92":18,"93":10,"94":33,"95":33,"96":33,"97":33,"98":33,"99":10,"100":6,"101":23,"102":23,"103":23,"104":4,"105":4,"106":13,"107":13,"108":13,"109":11,"110":3,"111":4,"112":4,"113":4,"114":1,"115":1,"116":13,"117":13,"118":13,"119":11,"120":3,"121":25,"122":25,"123":25,"124":25,"125":15,"126":7,"127":24,"128":24,"129":24,"130":24,"131":24,"132":18,"133":6,"134":66,"135":66,"136":66,"137":66,"138":66,"139":42,"140":18,"141":11,"142":11,"143":11,"144":7,"145":3,"146":8,"147":8,"148":8,"149":2,"150":2,"151":11,"152":11,"153":11,"154":11,"155":3,"156":3,"157":4,"158":4,"159":1,"160":1,"161":5,"162":5,"163":5,"164":1,"165":1,"166":8,"167":8,"168":8,"169":2,"170":2,"171":24,"172":24,"173":24,"174":24,"175":24,"176":10,"177":6,"178":6,"179":3,"180":3,"181":3,"182":31,"183":31,"184":31,"185":31,"186":27,"187":7,"188":4,"189":4,"190":4,"191":4,"192":1,"193":1,"194":9,"195":9,"196":9,"197":9,"198":6,"199":20,"200":7,"201":19,"202":19,"203":3,"204":2,"205":11,"206":11,"207":11,"208":11,"209":3,"210":3,"211":5,"212":13},"f":{"0":397,"1":0,"2":0,"3":0,"4":0,"5":17,"6":7,"7":3,"8":35,"9":10,"10":6,"11":268,"12":113,"13":73,"14":0,"15":0,"16":0,"17":37,"18":14,"19":10,"20":53,"21":16,"22":16,"23":867,"24":464,"25":190,"26":18,"27":2,"28":2,"29":367,"30":234,"31":90,"32":12,"33":7,"34":3,"35":16,"36":8,"37":4,"38":10,"39":3,"40":3,"41":35,"42":20,"43":8,"44":23,"45":5,"46":5,"47":49,"48":18,"49":10,"50":33,"51":10,"52":6,"53":23,"54":4,"55":4,"56":13,"57":11,"58":3,"59":4,"60":1,"61":1,"62":13,"63":11,"64":3,"65":25,"66":15,"67":7,"68":24,"69":18,"70":6,"71":66,"72":42,"73":18,"74":11,"75":7,"76":3,"77":8,"78":2,"79":2,"80":11,"81":3,"82":3,"83":4,"84":1,"85":1,"86":5,"87":1,"88":1,"89":8,"90":2,"91":2,"92":24,"93":10,"94":6,"95":31,"96":27,"97":7,"98":4,"99":1,"100":1,"101":9,"102":6,"103":20,"104":7,"105":19,"106":3,"107":2,"108":11,"109":3,"110":3,"111":5},"b":{"0":[0,2],"1":[3,2],"2":[3,3],"3":[2,1],"4":[1,19],"5":[1,18]},"_coverageSchema":"43e27e138ebf9cfc5966b082cf9a028302ed4184","hash":"c8f099e20c5d1dc9ea1312f15a705e663fd7ea57"}
,"/Users/sho/projects/vaceline/src/parser/compound.ts": {"path":"/Users/sho/projects/vaceline/src/parser/compound.ts","statementMap":{"0":{"start":{"line":5,"column":29},"end":{"line":46,"column":1}},"1":{"start":{"line":11,"column":29},"end":{"line":11,"column":31}},"2":{"start":{"line":14,"column":2},"end":{"line":43,"column":3}},"3":{"start":{"line":15,"column":18},"end":{"line":15,"column":26}},"4":{"start":{"line":17,"column":4},"end":{"line":19,"column":5}},"5":{"start":{"line":18,"column":6},"end":{"line":18,"column":11}},"6":{"start":{"line":21,"column":4},"end":{"line":21,"column":12}},"7":{"start":{"line":23,"column":17},"end":{"line":23,"column":32}},"8":{"start":{"line":25,"column":4},"end":{"line":25,"column":23}},"9":{"start":{"line":27,"column":4},"end":{"line":37,"column":5}},"10":{"start":{"line":28,"column":6},"end":{"line":32,"column":7}},"11":{"start":{"line":29,"column":8},"end":{"line":29,"column":16}},"12":{"start":{"line":31,"column":8},"end":{"line":31,"column":16}},"13":{"start":{"line":34,"column":6},"end":{"line":34,"column":59}},"14":{"start":{"line":34,"column":17},"end":{"line":34,"column":59}},"15":{"start":{"line":36,"column":6},"end":{"line":36,"column":11}},"16":{"start":{"line":39,"column":4},"end":{"line":42,"column":5}},"17":{"start":{"line":40,"column":6},"end":{"line":40,"column":14}},"18":{"start":{"line":41,"column":6},"end":{"line":41,"column":11}},"19":{"start":{"line":45,"column":2},"end":{"line":45,"column":17}}},"fnMap":{"0":{"name":"(anonymous_0)","decl":{"start":{"line":5,"column":29},"end":{"line":5,"column":30}},"loc":{"start":{"line":10,"column":15},"end":{"line":46,"column":1}},"line":10}},"branchMap":{"0":{"loc":{"start":{"line":17,"column":4},"end":{"line":19,"column":5}},"type":"if","locations":[{"start":{"line":17,"column":4},"end":{"line":19,"column":5}},{"start":{"line":17,"column":4},"end":{"line":19,"column":5}}],"line":17},"1":{"loc":{"start":{"line":27,"column":4},"end":{"line":37,"column":5}},"type":"if","locations":[{"start":{"line":27,"column":4},"end":{"line":37,"column":5}},{"start":{"line":27,"column":4},"end":{"line":37,"column":5}}],"line":27},"2":{"loc":{"start":{"line":28,"column":6},"end":{"line":32,"column":7}},"type":"if","locations":[{"start":{"line":28,"column":6},"end":{"line":32,"column":7}},{"start":{"line":28,"column":6},"end":{"line":32,"column":7}}],"line":28},"3":{"loc":{"start":{"line":34,"column":6},"end":{"line":34,"column":59}},"type":"if","locations":[{"start":{"line":34,"column":6},"end":{"line":34,"column":59}},{"start":{"line":34,"column":6},"end":{"line":34,"column":59}}],"line":34},"4":{"loc":{"start":{"line":39,"column":4},"end":{"line":42,"column":5}},"type":"if","locations":[{"start":{"line":39,"column":4},"end":{"line":42,"column":5}},{"start":{"line":39,"column":4},"end":{"line":42,"column":5}}],"line":39},"5":{"loc":{"start":{"line":39,"column":8},"end":{"line":39,"column":51}},"type":"binary-expr","locations":[{"start":{"line":39,"column":8},"end":{"line":39,"column":13}},{"start":{"line":39,"column":17},"end":{"line":39,"column":51}}],"line":39}},"s":{"0":13,"1":142,"2":142,"3":341,"4":341,"5":17,"6":324,"7":324,"8":324,"9":324,"10":83,"11":48,"12":48,"13":35,"14":35,"15":35,"16":241,"17":90,"18":90,"19":142},"f":{"0":142},"b":{"0":[17,324],"1":[83,241],"2":[48,35],"3":[35,0],"4":[90,151],"5":[241,189]},"_coverageSchema":"43e27e138ebf9cfc5966b082cf9a028302ed4184","hash":"e6c5e973faff4c8fa25eb00bc1c1377db59723db"}
,"/Users/sho/projects/vaceline/src/parser/create-error.ts": {"path":"/Users/sho/projects/vaceline/src/parser/create-error.ts","statementMap":{"0":{"start":{"line":5,"column":15},"end":{"line":5,"column":16}},"1":{"start":{"line":6,"column":24},"end":{"line":6,"column":28}},"2":{"start":{"line":7,"column":22},"end":{"line":7,"column":25}},"3":{"start":{"line":9,"column":27},"end":{"line":57,"column":1}},"4":{"start":{"line":15,"column":16},"end":{"line":15,"column":34}},"5":{"start":{"line":18,"column":14},"end":{"line":22,"column":3}},"6":{"start":{"line":24,"column":18},"end":{"line":24,"column":71}},"7":{"start":{"line":26,"column":4},"end":{"line":26,"column":72}},"8":{"start":{"line":28,"column":14},"end":{"line":28,"column":39}},"9":{"start":{"line":31,"column":4},"end":{"line":32,"column":57}},"10":{"start":{"line":34,"column":46},"end":{"line":34,"column":48}},"11":{"start":{"line":36,"column":2},"end":{"line":54,"column":4}},"12":{"start":{"line":37,"column":24},"end":{"line":37,"column":41}},"13":{"start":{"line":38,"column":25},"end":{"line":38,"column":49}},"14":{"start":{"line":41,"column":26},"end":{"line":41,"column":67}},"15":{"start":{"line":44,"column":27},"end":{"line":46,"column":42}},"16":{"start":{"line":49,"column":4},"end":{"line":51,"column":5}},"17":{"start":{"line":53,"column":4},"end":{"line":53,"column":61}},"18":{"start":{"line":53,"column":22},"end":{"line":53,"column":61}},"19":{"start":{"line":56,"column":2},"end":{"line":56,"column":76}}},"fnMap":{"0":{"name":"(anonymous_0)","decl":{"start":{"line":9,"column":27},"end":{"line":9,"column":28}},"loc":{"start":{"line":14,"column":18},"end":{"line":57,"column":1}},"line":14},"1":{"name":"(anonymous_1)","decl":{"start":{"line":36,"column":43},"end":{"line":36,"column":44}},"loc":{"start":{"line":36,"column":61},"end":{"line":54,"column":3}},"line":36}},"branchMap":{"0":{"loc":{"start":{"line":21,"column":11},"end":{"line":21,"column":46}},"type":"cond-expr","locations":[{"start":{"line":21,"column":17},"end":{"line":21,"column":42}},{"start":{"line":21,"column":45},"end":{"line":21,"column":46}}],"line":21},"1":{"loc":{"start":{"line":24,"column":18},"end":{"line":24,"column":71}},"type":"cond-expr","locations":[{"start":{"line":24,"column":46},"end":{"line":24,"column":67}},{"start":{"line":24,"column":70},"end":{"line":24,"column":71}}],"line":24},"2":{"loc":{"start":{"line":26,"column":4},"end":{"line":26,"column":72}},"type":"cond-expr","locations":[{"start":{"line":26,"column":40},"end":{"line":26,"column":57}},{"start":{"line":26,"column":60},"end":{"line":26,"column":72}}],"line":26},"3":{"loc":{"start":{"line":44,"column":27},"end":{"line":46,"column":42}},"type":"cond-expr","locations":[{"start":{"line":45,"column":8},"end":{"line":45,"column":45}},{"start":{"line":46,"column":8},"end":{"line":46,"column":42}}],"line":44},"4":{"loc":{"start":{"line":53,"column":4},"end":{"line":53,"column":61}},"type":"if","locations":[{"start":{"line":53,"column":4},"end":{"line":53,"column":61}},{"start":{"line":53,"column":4},"end":{"line":53,"column":61}}],"line":53}},"s":{"0":15,"1":15,"2":15,"3":15,"4":279,"5":279,"6":279,"7":279,"8":279,"9":279,"10":279,"11":279,"12":1051,"13":1051,"14":1051,"15":1051,"16":1051,"17":1051,"18":279,"19":279},"f":{"0":279,"1":1051},"b":{"0":[11,268],"1":[159,120],"2":[182,97],"3":[279,772],"4":[279,772]},"_coverageSchema":"43e27e138ebf9cfc5966b082cf9a028302ed4184","hash":"e6e409d26a32abf944781a7d2944fd5bb056f963"}
,"/Users/sho/projects/vaceline/src/parser/expression.ts": {"path":"/Users/sho/projects/vaceline/src/parser/expression.ts","statementMap":{"0":{"start":{"line":13,"column":14},"end":{"line":13,"column":48}},"1":{"start":{"line":22,"column":25},"end":{"line":75,"column":1}},"2":{"start":{"line":27,"column":15},"end":{"line":27,"column":42}},"3":{"start":{"line":29,"column":2},"end":{"line":29,"column":27}},"4":{"start":{"line":29,"column":16},"end":{"line":29,"column":27}},"5":{"start":{"line":31,"column":15},"end":{"line":31,"column":28}},"6":{"start":{"line":33,"column":2},"end":{"line":35,"column":3}},"7":{"start":{"line":34,"column":4},"end":{"line":34,"column":15}},"8":{"start":{"line":37,"column":15},"end":{"line":37,"column":28}},"9":{"start":{"line":39,"column":14},"end":{"line":39,"column":20}},"10":{"start":{"line":41,"column":2},"end":{"line":62,"column":3}},"11":{"start":{"line":42,"column":16},"end":{"line":42,"column":24}},"12":{"start":{"line":44,"column":4},"end":{"line":46,"column":5}},"13":{"start":{"line":45,"column":6},"end":{"line":45,"column":11}},"14":{"start":{"line":48,"column":4},"end":{"line":50,"column":5}},"15":{"start":{"line":49,"column":6},"end":{"line":49,"column":22}},"16":{"start":{"line":52,"column":4},"end":{"line":61,"column":5}},"17":{"start":{"line":53,"column":6},"end":{"line":53,"column":41}},"18":{"start":{"line":54,"column":6},"end":{"line":54,"column":28}},"19":{"start":{"line":56,"column":6},"end":{"line":60,"column":7}},"20":{"start":{"line":57,"column":8},"end":{"line":57,"column":13}},"21":{"start":{"line":59,"column":8},"end":{"line":59,"column":17}},"22":{"start":{"line":65,"column":2},"end":{"line":65,"column":18}},"23":{"start":{"line":68,"column":2},"end":{"line":70,"column":3}},"24":{"start":{"line":69,"column":4},"end":{"line":69,"column":15}},"25":{"start":{"line":72,"column":2},"end":{"line":74,"column":4}},"26":{"start":{"line":77,"column":26},"end":{"line":169,"column":1}},"27":{"start":{"line":82,"column":15},"end":{"line":82,"column":40}},"28":{"start":{"line":84,"column":2},"end":{"line":84,"column":27}},"29":{"start":{"line":84,"column":16},"end":{"line":84,"column":27}},"30":{"start":{"line":86,"column":2},"end":{"line":88,"column":3}},"31":{"start":{"line":87,"column":4},"end":{"line":87,"column":15}},"32":{"start":{"line":91,"column":15},"end":{"line":91,"column":28}},"33":{"start":{"line":99,"column":46},"end":{"line":99,"column":52}},"34":{"start":{"line":100,"column":35},"end":{"line":100,"column":37}},"35":{"start":{"line":103,"column":2},"end":{"line":133,"column":3}},"36":{"start":{"line":104,"column":15},"end":{"line":104,"column":36}},"37":{"start":{"line":106,"column":21},"end":{"line":106,"column":45}},"38":{"start":{"line":107,"column":22},"end":{"line":107,"column":60}},"39":{"start":{"line":109,"column":4},"end":{"line":109,"column":38}},"40":{"start":{"line":109,"column":33},"end":{"line":109,"column":38}},"41":{"start":{"line":111,"column":4},"end":{"line":111,"column":12}},"42":{"start":{"line":113,"column":4},"end":{"line":113,"column":47}},"43":{"start":{"line":114,"column":4},"end":{"line":114,"column":26}},"44":{"start":{"line":116,"column":4},"end":{"line":118,"column":5}},"45":{"start":{"line":117,"column":6},"end":{"line":117,"column":30}},"46":{"start":{"line":120,"column":4},"end":{"line":120,"column":20}},"47":{"start":{"line":122,"column":4},"end":{"line":130,"column":5}},"48":{"start":{"line":123,"column":6},"end":{"line":123,"column":34}},"49":{"start":{"line":125,"column":6},"end":{"line":128,"column":7}},"50":{"start":{"line":126,"column":8},"end":{"line":126,"column":24}},"51":{"start":{"line":127,"column":8},"end":{"line":127,"column":13}},"52":{"start":{"line":129,"column":6},"end":{"line":129,"column":15}},"53":{"start":{"line":132,"column":4},"end":{"line":132,"column":26}},"54":{"start":{"line":135,"column":2},"end":{"line":137,"column":3}},"55":{"start":{"line":136,"column":4},"end":{"line":136,"column":28}},"56":{"start":{"line":140,"column":37},"end":{"line":140,"column":39}},"57":{"start":{"line":142,"column":2},"end":{"line":162,"column":3}},"58":{"start":{"line":142,"column":15},"end":{"line":142,"column":16}},"59":{"start":{"line":143,"column":17},"end":{"line":143,"column":23}},"60":{"start":{"line":144,"column":4},"end":{"line":147,"column":5}},"61":{"start":{"line":145,"column":6},"end":{"line":145,"column":22}},"62":{"start":{"line":146,"column":6},"end":{"line":146,"column":14}},"63":{"start":{"line":149,"column":18},"end":{"line":149,"column":30}},"64":{"start":{"line":150,"column":17},"end":{"line":150,"column":29}},"65":{"start":{"line":152,"column":21},"end":{"line":152,"column":77}},"66":{"start":{"line":153,"column":17},"end":{"line":157,"column":6}},"67":{"start":{"line":159,"column":4},"end":{"line":159,"column":62}},"68":{"start":{"line":161,"column":4},"end":{"line":161,"column":20}},"69":{"start":{"line":164,"column":2},"end":{"line":166,"column":3}},"70":{"start":{"line":165,"column":4},"end":{"line":165,"column":21}},"71":{"start":{"line":168,"column":2},"end":{"line":168,"column":17}},"72":{"start":{"line":171,"column":24},"end":{"line":223,"column":1}},"73":{"start":{"line":176,"column":18},"end":{"line":176,"column":40}},"74":{"start":{"line":178,"column":2},"end":{"line":178,"column":29}},"75":{"start":{"line":178,"column":15},"end":{"line":178,"column":29}},"76":{"start":{"line":180,"column":2},"end":{"line":195,"column":3}},"77":{"start":{"line":181,"column":18},"end":{"line":181,"column":43}},"78":{"start":{"line":183,"column":4},"end":{"line":192,"column":5}},"79":{"start":{"line":184,"column":6},"end":{"line":184,"column":14}},"80":{"start":{"line":186,"column":19},"end":{"line":186,"column":56}},"81":{"start":{"line":188,"column":6},"end":{"line":191,"column":8}},"82":{"start":{"line":194,"column":4},"end":{"line":194,"column":16}},"83":{"start":{"line":197,"column":2},"end":{"line":206,"column":3}},"84":{"start":{"line":198,"column":4},"end":{"line":205,"column":5}},"85":{"start":{"line":199,"column":19},"end":{"line":199,"column":31}},"86":{"start":{"line":200,"column":6},"end":{"line":200,"column":46}},"87":{"start":{"line":202,"column":6},"end":{"line":204,"column":8}},"88":{"start":{"line":208,"column":2},"end":{"line":215,"column":3}},"89":{"start":{"line":209,"column":4},"end":{"line":214,"column":5}},"90":{"start":{"line":210,"column":6},"end":{"line":213,"column":8}},"91":{"start":{"line":217,"column":2},"end":{"line":222,"column":3}},"92":{"start":{"line":225,"column":31},"end":{"line":277,"column":1}},"93":{"start":{"line":233,"column":2},"end":{"line":252,"column":3}},"94":{"start":{"line":234,"column":4},"end":{"line":234,"column":12}},"95":{"start":{"line":236,"column":22},"end":{"line":236,"column":30}},"96":{"start":{"line":237,"column":19},"end":{"line":239,"column":6}},"97":{"start":{"line":241,"column":17},"end":{"line":244,"column":6}},"98":{"start":{"line":246,"column":4},"end":{"line":249,"column":5}},"99":{"start":{"line":251,"column":4},"end":{"line":251,"column":46}},"100":{"start":{"line":255,"column":2},"end":{"line":274,"column":3}},"101":{"start":{"line":256,"column":4},"end":{"line":256,"column":12}},"102":{"start":{"line":258,"column":20},"end":{"line":258,"column":28}},"103":{"start":{"line":259,"column":17},"end":{"line":261,"column":6}},"104":{"start":{"line":263,"column":17},"end":{"line":266,"column":6}},"105":{"start":{"line":268,"column":4},"end":{"line":271,"column":5}},"106":{"start":{"line":273,"column":4},"end":{"line":273,"column":15}},"107":{"start":{"line":276,"column":2},"end":{"line":276,"column":13}}},"fnMap":{"0":{"name":"(anonymous_0)","decl":{"start":{"line":22,"column":25},"end":{"line":22,"column":26}},"loc":{"start":{"line":26,"column":19},"end":{"line":75,"column":1}},"line":26},"1":{"name":"(anonymous_1)","decl":{"start":{"line":77,"column":26},"end":{"line":77,"column":27}},"loc":{"start":{"line":81,"column":19},"end":{"line":169,"column":1}},"line":81},"2":{"name":"(anonymous_2)","decl":{"start":{"line":171,"column":24},"end":{"line":171,"column":25}},"loc":{"start":{"line":175,"column":19},"end":{"line":223,"column":1}},"line":175},"3":{"name":"(anonymous_3)","decl":{"start":{"line":225,"column":31},"end":{"line":225,"column":32}},"loc":{"start":{"line":231,"column":44},"end":{"line":277,"column":1}},"line":231}},"branchMap":{"0":{"loc":{"start":{"line":24,"column":2},"end":{"line":24,"column":25}},"type":"default-arg","locations":[{"start":{"line":24,"column":17},"end":{"line":24,"column":25}}],"line":24},"1":{"loc":{"start":{"line":25,"column":2},"end":{"line":25,"column":18}},"type":"default-arg","locations":[{"start":{"line":25,"column":13},"end":{"line":25,"column":18}}],"line":25},"2":{"loc":{"start":{"line":29,"column":2},"end":{"line":29,"column":27}},"type":"if","locations":[{"start":{"line":29,"column":2},"end":{"line":29,"column":27}},{"start":{"line":29,"column":2},"end":{"line":29,"column":27}}],"line":29},"3":{"loc":{"start":{"line":33,"column":2},"end":{"line":35,"column":3}},"type":"if","locations":[{"start":{"line":33,"column":2},"end":{"line":35,"column":3}},{"start":{"line":33,"column":2},"end":{"line":35,"column":3}}],"line":33},"4":{"loc":{"start":{"line":44,"column":4},"end":{"line":46,"column":5}},"type":"if","locations":[{"start":{"line":44,"column":4},"end":{"line":46,"column":5}},{"start":{"line":44,"column":4},"end":{"line":46,"column":5}}],"line":44},"5":{"loc":{"start":{"line":48,"column":4},"end":{"line":50,"column":5}},"type":"if","locations":[{"start":{"line":48,"column":4},"end":{"line":50,"column":5}},{"start":{"line":48,"column":4},"end":{"line":50,"column":5}}],"line":48},"6":{"loc":{"start":{"line":56,"column":6},"end":{"line":60,"column":7}},"type":"if","locations":[{"start":{"line":56,"column":6},"end":{"line":60,"column":7}},{"start":{"line":56,"column":6},"end":{"line":60,"column":7}}],"line":56},"7":{"loc":{"start":{"line":68,"column":2},"end":{"line":70,"column":3}},"type":"if","locations":[{"start":{"line":68,"column":2},"end":{"line":70,"column":3}},{"start":{"line":68,"column":2},"end":{"line":70,"column":3}}],"line":68},"8":{"loc":{"start":{"line":79,"column":2},"end":{"line":79,"column":25}},"type":"default-arg","locations":[{"start":{"line":79,"column":17},"end":{"line":79,"column":25}}],"line":79},"9":{"loc":{"start":{"line":80,"column":2},"end":{"line":80,"column":18}},"type":"default-arg","locations":[{"start":{"line":80,"column":13},"end":{"line":80,"column":18}}],"line":80},"10":{"loc":{"start":{"line":84,"column":2},"end":{"line":84,"column":27}},"type":"if","locations":[{"start":{"line":84,"column":2},"end":{"line":84,"column":27}},{"start":{"line":84,"column":2},"end":{"line":84,"column":27}}],"line":84},"11":{"loc":{"start":{"line":86,"column":2},"end":{"line":88,"column":3}},"type":"if","locations":[{"start":{"line":86,"column":2},"end":{"line":88,"column":3}},{"start":{"line":86,"column":2},"end":{"line":88,"column":3}}],"line":86},"12":{"loc":{"start":{"line":107,"column":22},"end":{"line":107,"column":60}},"type":"binary-expr","locations":[{"start":{"line":107,"column":22},"end":{"line":107,"column":31}},{"start":{"line":107,"column":35},"end":{"line":107,"column":60}}],"line":107},"13":{"loc":{"start":{"line":109,"column":4},"end":{"line":109,"column":38}},"type":"if","locations":[{"start":{"line":109,"column":4},"end":{"line":109,"column":38}},{"start":{"line":109,"column":4},"end":{"line":109,"column":38}}],"line":109},"14":{"loc":{"start":{"line":109,"column":8},"end":{"line":109,"column":31}},"type":"binary-expr","locations":[{"start":{"line":109,"column":8},"end":{"line":109,"column":17}},{"start":{"line":109,"column":21},"end":{"line":109,"column":31}}],"line":109},"15":{"loc":{"start":{"line":116,"column":29},"end":{"line":116,"column":62}},"type":"binary-expr","locations":[{"start":{"line":116,"column":29},"end":{"line":116,"column":56}},{"start":{"line":116,"column":60},"end":{"line":116,"column":62}}],"line":116},"16":{"loc":{"start":{"line":125,"column":6},"end":{"line":128,"column":7}},"type":"if","locations":[{"start":{"line":125,"column":6},"end":{"line":128,"column":7}},{"start":{"line":125,"column":6},"end":{"line":128,"column":7}}],"line":125},"17":{"loc":{"start":{"line":144,"column":4},"end":{"line":147,"column":5}},"type":"if","locations":[{"start":{"line":144,"column":4},"end":{"line":147,"column":5}},{"start":{"line":144,"column":4},"end":{"line":147,"column":5}}],"line":144},"18":{"loc":{"start":{"line":152,"column":21},"end":{"line":152,"column":77}},"type":"cond-expr","locations":[{"start":{"line":152,"column":37},"end":{"line":152,"column":55}},{"start":{"line":152,"column":58},"end":{"line":152,"column":77}}],"line":152},"19":{"loc":{"start":{"line":164,"column":2},"end":{"line":166,"column":3}},"type":"if","locations":[{"start":{"line":164,"column":2},"end":{"line":166,"column":3}},{"start":{"line":164,"column":2},"end":{"line":166,"column":3}}],"line":164},"20":{"loc":{"start":{"line":173,"column":2},"end":{"line":173,"column":25}},"type":"default-arg","locations":[{"start":{"line":173,"column":17},"end":{"line":173,"column":25}}],"line":173},"21":{"loc":{"start":{"line":174,"column":2},"end":{"line":174,"column":35}},"type":"default-arg","locations":[{"start":{"line":174,"column":22},"end":{"line":174,"column":35}}],"line":174},"22":{"loc":{"start":{"line":178,"co
[...]
:{"start":{"line":133,"column":8},"end":{"line":133,"column":23}},"50":{"start":{"line":136,"column":22},"end":{"line":136,"column":37}},"51":{"start":{"line":137,"column":8},"end":{"line":137,"column":33}},"52":{"start":{"line":138,"column":8},"end":{"line":138,"column":66}},"53":{"start":{"line":139,"column":13},"end":{"line":149,"column":7}},"54":{"start":{"line":140,"column":8},"end":{"line":140,"column":24}},"55":{"start":{"line":141,"column":13},"end":{"line":149,"column":7}},"56":{"start":{"line":142,"column":8},"end":{"line":142,"column":24}},"57":{"start":{"line":144,"column":8},"end":{"line":144,"column":22}},"58":{"start":{"line":146,"column":8},"end":{"line":148,"column":9}},"59":{"start":{"line":147,"column":10},"end":{"line":147,"column":31}},"60":{"start":{"line":153,"column":6},"end":{"line":153,"column":26}},"61":{"start":{"line":154,"column":6},"end":{"line":154,"column":26}},"62":{"start":{"line":158,"column":6},"end":{"line":158,"column":28}},"63":{"start":{"line":159,"column":6},"end":{"line":159,"column":20}},"64":{"start":{"line":160,"column":6},"end":{"line":160,"column":28}},"65":{"start":{"line":163,"column":6},"end":{"line":178,"column":7}},"66":{"start":{"line":164,"column":8},"end":{"line":177,"column":9}},"67":{"start":{"line":181,"column":6},"end":{"line":181,"column":38}},"68":{"start":{"line":181,"column":30},"end":{"line":181,"column":38}},"69":{"start":{"line":183,"column":20},"end":{"line":190,"column":7}},"70":{"start":{"line":192,"column":6},"end":{"line":194,"column":7}},"71":{"start":{"line":193,"column":8},"end":{"line":193,"column":51}},"72":{"start":{"line":196,"column":6},"end":{"line":196,"column":24}},"73":{"start":{"line":199,"column":4},"end":{"line":199,"column":33}}},"fnMap":{"0":{"name":"(anonymous_0)","decl":{"start":{"line":27,"column":21},"end":{"line":27,"column":22}},"loc":{"start":{"line":28,"column":2},"end":{"line":28,"column":76}},"line":28},"1":{"name":"(anonymous_1)","decl":{"start":{"line":29,"column":31},"end":{"line":29,"column":32}},"loc":{"start":{"line":30,"column":2},"end":{"line":30,"column":31}},"line":30},"2":{"name":"(anonymous_2)","decl":{"start":{"line":57,"column":2},"end":{"line":57,"column":3}},"loc":{"start":{"line":57,"column":68},"end":{"line":64,"column":3}},"line":57},"3":{"name":"(anonymous_3)","decl":{"start":{"line":62,"column":34},"end":{"line":62,"column":35}},"loc":{"start":{"line":62,"column":41},"end":{"line":62,"column":57}},"line":62},"4":{"name":"(anonymous_4)","decl":{"start":{"line":66,"column":2},"end":{"line":66,"column":3}},"loc":{"start":{"line":66,"column":27},"end":{"line":200,"column":3}},"line":66}},"branchMap":{"0":{"loc":{"start":{"line":28,"column":2},"end":{"line":28,"column":76}},"type":"cond-expr","locations":[{"start":{"line":28,"column":24},"end":{"line":28,"column":32}},{"start":{"line":28,"column":35},"end":{"line":28,"column":76}}],"line":28},"1":{"loc":{"start":{"line":57,"column":27},"end":{"line":57,"column":66}},"type":"default-arg","locations":[{"start":{"line":57,"column":64},"end":{"line":57,"column":66}}],"line":57},"2":{"loc":{"start":{"line":61,"column":4},"end":{"line":63,"column":5}},"type":"if","locations":[{"start":{"line":61,"column":4},"end":{"line":63,"column":5}},{"start":{"line":61,"column":4},"end":{"line":63,"column":5}}],"line":61},"3":{"loc":{"start":{"line":79,"column":6},"end":{"line":81,"column":7}},"type":"if","locations":[{"start":{"line":79,"column":6},"end":{"line":81,"column":7}},{"start":{"line":79,"column":6},"end":{"line":81,"column":7}}],"line":79},"4":{"loc":{"start":{"line":84,"column":6},"end":{"line":89,"column":7}},"type":"if","locations":[{"start":{"line":84,"column":6},"end":{"line":89,"column":7}},{"start":{"line":84,"column":6},"end":{"line":89,"column":7}}],"line":84},"5":{"loc":{"start":{"line":92,"column":6},"end":{"line":98,"column":7}},"type":"if","locations":[{"start":{"line":92,"column":6},"end":{"line":98,"column":7}},{"start":{"line":92,"column":6},"end":{"line":98,"column":7}}],"line":92},"6":{"loc":{"start":{"line":119,"column":6},"end":{"line":149,"column":7}},"type":"if","locations":[{"start":{"line":119,"column":6},"end":{"line":149,"column":7}},{"start":{"line":119,"column":6},"end":{"line":149,"column":7}}],"line":119},"7":{"loc":{"start":{"line":121,"column":13},"end":{"line":149,"column":7}},"type":"if","locations":[{"start":{"line":121,"column":13},"end":{"line":149,"column":7}},{"start":{"line":121,"column":13},"end":{"line":149,"column":7}}],"line":121},"8":{"loc":{"start":{"line":123,"column":13},"end":{"line":149,"column":7}},"type":"if","locations":[{"start":{"line":123,"column":13},"end":{"line":149,"column":7}},{"start":{"line":123,"column":13},"end":{"line":149,"column":7}}],"line":123},"9":{"loc":{"start":{"line":125,"column":13},"end":{"line":149,"column":7}},"type":"if","locations":[{"start":{"line":125,"column":13},"end":{"line":149,"column":7}},{"start":{"line":125,"column":13},"end":{"line":149,"column":7}}],"line":125},"10":{"loc":{"start":{"line":128,"column":8},"end":{"line":131,"column":9}},"type":"if","locations":[{"start":{"line":128,"column":8},"end":{"line":131,"column":9}},{"start":{"line":128,"column":8},"end":{"line":131,"column":9}}],"line":128},"11":{"loc":{"start":{"line":128,"column":12},"end":{"line":128,"column":45}},"type":"binary-expr","locations":[{"start":{"line":128,"column":12},"end":{"line":128,"column":30}},{"start":{"line":128,"column":34},"end":{"line":128,"column":45}}],"line":128},"12":{"loc":{"start":{"line":132,"column":13},"end":{"line":149,"column":7}},"type":"if","locations":[{"start":{"line":132,"column":13},"end":{"line":149,"column":7}},{"start":{"line":132,"column":13},"end":{"line":149,"column":7}}],"line":132},"13":{"loc":{"start":{"line":139,"column":13},"end":{"line":149,"column":7}},"type":"if","locations":[{"start":{"line":139,"column":13},"end":{"line":149,"column":7}},{"start":{"line":139,"column":13},"end":{"line":149,"column":7}}],"line":139},"14":{"loc":{"start":{"line":141,"column":13},"end":{"line":149,"column":7}},"type":"if","locations":[{"start":{"line":141,"column":13},"end":{"line":149,"column":7}},{"start":{"line":141,"column":13},"end":{"line":149,"column":7}}],"line":141},"15":{"loc":{"start":{"line":146,"column":8},"end":{"line":148,"column":9}},"type":"if","locations":[{"start":{"line":146,"column":8},"end":{"line":148,"column":9}},{"start":{"line":146,"column":8},"end":{"line":148,"column":9}}],"line":146},"16":{"loc":{"start":{"line":163,"column":6},"end":{"line":178,"column":7}},"type":"if","locations":[{"start":{"line":163,"column":6},"end":{"line":178,"column":7}},{"start":{"line":163,"column":6},"end":{"line":178,"column":7}}],"line":163},"17":{"loc":{"start":{"line":181,"column":6},"end":{"line":181,"column":38}},"type":"if","locations":[{"start":{"line":181,"column":6},"end":{"line":181,"column":38}},{"start":{"line":181,"column":6},"end":{"line":181,"column":38}}],"line":181},"18":{"loc":{"start":{"line":192,"column":6},"end":{"line":194,"column":7}},"type":"if","locations":[{"start":{"line":192,"column":6},"end":{"line":194,"column":7}},{"start":{"line":192,"column":6},"end":{"line":194,"column":7}}],"line":192}},"s":{"0":14,"1":14,"2":14,"3":14,"4":14,"5":527,"6":14,"7":15,"8":14,"9":14,"10":14,"11":349,"12":349,"13":349,"14":0,"15":0,"16":349,"17":349,"18":349,"19":349,"20":349,"21":349,"22":349,"23":10153,"24":10153,"25":5181,"26":4972,"27":1277,"28":1277,"29":1277,"30":3695,"31":476,"32":476,"33":476,"34":476,"35":3219,"36":3219,"37":3219,"38":3219,"39":1186,"40":2033,"41":249,"42":1784,"43":37,"44":1747,"45":314,"46":314,"47":2,"48":1433,"49":20,"50":20,"51":20,"52":20,"53":1413,"54":122,"55":1291,"56":38,"57":1253,"58":1253,"59":1,"60":3219,"61":3219,"62":3219,"63":3219,"64":3219,"65":3219,"66":3,"67":3216,"68":38,"69":3178,"70":3178,"71":0,"72":3178,"73":346},"f":{"0":527,"1":15,"2":349,"3":0,"4":349},"b":{"0":[120,407],"1":[10],"2":[0,349],"3":[5181,4972],"4":[1277,3695],"5":[476,3219],"6":[1186,2033],"7":[249,1784],"8":[37,1747],"9":[314,1433],"10":[2,312],"11":[314,314],"12":[20,1413],"13":[122,1291],"14":[38,1253],"15":[1,1252],"16":[3,3216],"17":[38,3178],"18":[0,3178]},"_coverageSchema":"43e27e138ebf9cfc5966b082cf9a028302ed4184","hash":"1c60a368ef86435b9943cb9ab200493157fc91fd"}
,"/Users/sho/projects/vaceline/src/parser/tokenizer/operators.ts": {"path":"/Users/sho/projects/vaceline/src/parser/tokenizer/operators.ts","statementMap":{"0":{"start":{"line":1,"column":22},"end":{"line":1,"column":76}},"1":{"start":{"line":2,"column":21},"end":{"line":2,"column":35}},"2":{"start":{"line":3,"column":23},"end":{"line":3,"column":44}},"3":{"start":{"line":4,"column":22},"end":{"line":4,"column":74}},"4":{"start":{"line":6,"column":25},"end":{"line":6,"column":78}},"5":{"start":{"line":8,"column":29},"end":{"line":13,"column":1}},"6":{"start":{"line":9,"column":2},"end":{"line":9,"column":30}},"7":{"start":{"line":9,"column":22},"end":{"line":9,"column":30}},"8":{"start":{"line":10,"column":2},"end":{"line":10,"column":27}},"9":{"start":{"line":10,"column":19},"end":{"line":10,"column":27}},"10":{"start":{"line":11,"column":2},"end":{"line":11,"column":27}},"11":{"start":{"line":11,"column":19},"end":{"line":11,"column":27}},"12":{"start":{"line":12,"column":2},"end":{"line":12,"column":10}}},"fnMap":{"0":{"name":"(anonymous_0)","decl":{"start":{"line":8,"column":29},"end":{"line":8,"column":30}},"loc":{"start":{"line":8,"column":45},"end":{"line":13,"column":1}},"line":8}},"branchMap":{"0":{"loc":{"start":{"line":9,"column":2},"end":{"line":9,"column":30}},"type":"if","locations":[{"start":{"line":9,"column":2},"end":{"line":9,"column":30}},{"start":{"line":9,"column":2},"end":{"line":9,"column":30}}],"line":9},"1":{"loc":{"start":{"line":10,"column":2},"end":{"line":10,"column":27}},"type":"if","locations":[{"start":{"line":10,"column":2},"end":{"line":10,"column":27}},{"start":{"line":10,"column":2},"end":{"line":10,"column":27}}],"line":10},"2":{"loc":{"start":{"line":11,"column":2},"end":{"line":11,"column":27}},"type":"if","locations":[{"start":{"line":11,"column":2},"end":{"line":11,"column":27}},{"start":{"line":11,"column":2},"end":{"line":11,"column":27}}],"line":11}},"s":{"0":14,"1":14,"2":14,"3":14,"4":14,"5":14,"6":82,"7":49,"8":33,"9":24,"10":9,"11":9,"12":0},"f":{"0":82},"b":{"0":[49,33],"1":[24,9],"2":[9,0]},"_coverageSchema":"43e27e138ebf9cfc5966b082cf9a028302ed4184","hash":"577f17b45182a7eac1147a740d84f50953a1e6d9"}
,"/Users/sho/projects/vaceline/src/plugins/branch-log/index.ts": {"path":"/Users/sho/projects/vaceline/src/plugins/branch-log/index.ts","statementMap":{"0":{"start":{"line":12,"column":17},"end":{"line":25,"column":4}},"1":{"start":{"line":13,"column":2},"end":{"line":25,"column":4}},"2":{"start":{"line":39,"column":2},"end":{"line":70,"column":4}},"3":{"start":{"line":41,"column":6},"end":{"line":68,"column":7}},"4":{"start":{"line":43,"column":10},"end":{"line":55,"column":16}},"5":{"start":{"line":57,"column":8},"end":{"line":57,"column":37}},"6":{"start":{"line":58,"column":13},"end":{"line":68,"column":7}},"7":{"start":{"line":59,"column":27},"end":{"line":65,"column":10}},"8":{"start":{"line":67,"column":8},"end":{"line":67,"column":43}}},"fnMap":{"0":{"name":"(anonymous_0)","decl":{"start":{"line":12,"column":17},"end":{"line":12,"column":18}},"loc":{"start":{"line":13,"column":2},"end":{"line":25,"column":4}},"line":13},"1":{"name":"(anonymous_1)","decl":{"start":{"line":38,"column":15},"end":{"line":38,"column":16}},"loc":{"start":{"line":38,"column":30},"end":{"line":71,"column":1}},"line":38},"2":{"name":"(anonymous_2)","decl":{"start":{"line":40,"column":4},"end":{"line":40,"column":5}},"loc":{"start":{"line":40,"column":20},"end":{"line":69,"column":5}},"line":40}},"branchMap":{"0":{"loc":{"start":{"line":41,"column":6},"end":{"line":68,"column":7}},"type":"if","locations":[{"start":{"line":41,"column":6},"end":{"line":68,"column":7}},{"start":{"line":41,"column":6},"end":{"line":68,"column":7}}],"line":41},"1":{"loc":{"start":{"line":43,"column":10},"end":{"line":55,"column":16}},"type":"cond-expr","locations":[{"start":{"line":44,"column":14},"end":{"line":50,"column":16}},{"start":{"line":51,"column":14},"end":{"line":55,"column":16}}],"line":43},"2":{"loc":{"start":{"line":58,"column":13},"end":{"line":68,"column":7}},"type":"if","locations":[{"start":{"line":58,"column":13},"end":{"line":68,"column":7}},{"start":{"line":58,"column":13},"end":{"line":68,"column":7}}],"line":58}},"s":{"0":1,"1":6,"2":1,"3":170,"4":5,"5":5,"6":165,"7":1,"8":1},"f":{"0":6,"1":1,"2":170},"b":{"0":[5,165],"1":[0,5],"2":[1,164]},"_coverageSchema":"43e27e138ebf9cfc5966b082cf9a028302ed4184","hash":"9d4266ec5f7fb50984a0627ba282c58c51c8a739"}
,"/Users/sho/projects/vaceline/src/traverser/index.ts": {"path":"/Users/sho/projects/vaceline/src/traverser/index.ts","statementMap":{"0":{"start":{"line":5,"column":24},"end":{"line":22,"column":1}},"1":{"start":{"line":15,"column":17},"end":{"line":19,"column":3}},"2":{"start":{"line":16,"column":4},"end":{"line":18,"column":5}},"3":{"start":{"line":17,"column":6},"end":{"line":17,"column":45}},"4":{"start":{"line":21,"column":2},"end":{"line":21,"column":36}},"5":{"start":{"line":25,"column":31},"end":{"line":40,"column":1}},"6":{"start":{"line":34,"column":33},"end":{"line":34,"column":35}},"7":{"start":{"line":35,"column":21},"end":{"line":35,"column":57}},"8":{"start":{"line":35,"column":41},"end":{"line":35,"column":57}},"9":{"start":{"line":37,"column":2},"end":{"line":37,"column":40}},"10":{"start":{"line":39,"column":2},"end":{"line":39,"column":14}},"11":{"start":{"line":42,"column":28},"end":{"line":69,"column":1}},"12":{"start":{"line":52,"column":15},"end":{"line":52,"column":42}},"13":{"start":{"line":56,"column":2},"end":{"line":56,"column":25}},"14":{"start":{"line":58,"column":20},"end":{"line":58,"column":31}},"15":{"start":{"line":60,"column":2},"end":{"line":68,"column":3}},"16":{"start":{"line":61,"column":4},"end":{"line":61,"column":27}},"17":{"start":{"line":61,"column":19},"end":{"line":61,"column":27}},"18":{"start":{"line":63,"column":4},"end":{"line":67,"column":6}}},"fnMap":{"0":{"name":"(anonymous_0)","decl":{"start":{"line":5,"column":24},"end":{"line":5,"column":25}},"loc":{"start":{"line":14,"column":11},"end":{"line":22,"column":1}},"line":14},"1":{"name":"(anonymous_1)","decl":{"start":{"line":15,"column":17},"end":{"line":15,"column":18}},"loc":{"start":{"line":15,"column":64},"end":{"line":19,"column":3}},"line":15},"2":{"name":"(anonymous_2)","decl":{"start":{"line":25,"column":31},"end":{"line":25,"column":32}},"loc":{"start":{"line":33,"column":22},"end":{"line":40,"column":1}},"line":33},"3":{"name":"(anonymous_3)","decl":{"start":{"line":35,"column":21},"end":{"line":35,"column":22}},"loc":{"start":{"line":35,"column":41},"end":{"line":35,"column":57}},"line":35},"4":{"name":"(anonymous_4)","decl":{"start":{"line":42,"column":28},"end":{"line":42,"column":29}},"loc":{"start":{"line":51,"column":11},"end":{"line":69,"column":1}},"line":51}},"branchMap":{"0":{"loc":{"start":{"line":8,"column":2},"end":{"line":13,"column":3}},"type":"default-arg","locations":[{"start":{"line":8,"column":30},"end":{"line":13,"column":3}}],"line":8},"1":{"loc":{"start":{"line":16,"column":4},"end":{"line":18,"column":5}},"type":"if","locations":[{"start":{"line":16,"column":4},"end":{"line":18,"column":5}},{"start":{"line":16,"column":4},"end":{"line":18,"column":5}}],"line":16},"2":{"loc":{"start":{"line":27,"column":2},"end":{"line":32,"column":3}},"type":"default-arg","locations":[{"start":{"line":27,"column":30},"end":{"line":32,"column":3}}],"line":27},"3":{"loc":{"start":{"line":45,"column":2},"end":{"line":50,"column":3}},"type":"default-arg","locations":[{"start":{"line":45,"column":30},"end":{"line":50,"column":3}}],"line":45},"4":{"loc":{"start":{"line":61,"column":4},"end":{"line":61,"column":27}},"type":"if","locations":[{"start":{"line":61,"column":4},"end":{"line":61,"column":27}},{"start":{"line":61,"column":4},"end":{"line":61,"column":27}}],"line":61}},"s":{"0":10,"1":90,"2":968,"3":968,"4":90,"5":10,"6":1,"7":1,"8":128,"9":1,"10":1,"11":10,"12":1096,"13":1096,"14":1096,"15":1096,"16":1006,"17":1,"18":1005},"f":{"0":90,"1":968,"2":1,"3":128,"4":1096},"b":{"0":[90],"1":[968,0],"2":[1],"3":[0],"4":[1,1005]},"_coverageSchema":"43e27e138ebf9cfc5966b082cf9a028302ed4184","hash":"7f83047a145450e899fe6ce4b5bef8a0e15c8028"}
,"/Users/sho/projects/vaceline/src/traverser/path.ts": {"path":"/Users/sho/projects/vaceline/src/traverser/path.ts","statementMap":{"0":{"start":{"line":43,"column":4},"end":{"line":43,"column":20}},"1":{"start":{"line":45,"column":4},"end":{"line":45,"column":32}},"2":{"start":{"line":46,"column":4},"end":{"line":46,"column":40}},"3":{"start":{"line":47,"column":4},"end":{"line":47,"column":32}},"4":{"start":{"line":48,"column":4},"end":{"line":48,"column":26}},"5":{"start":{"line":50,"column":4},"end":{"line":50,"column":30}}},"fnMap":{"0":{"name":"(anonymous_0)","decl":{"start":{"line":42,"column":2},"end":{"line":42,"column":3}},"loc":{"start":{"line":42,"column":50},"end":{"line":51,"column":3}},"line":42}},"branchMap":{},"s":{"0":1096,"1":1096,"2":1096,"3":1096,"4":1096,"5":1096},"f":{"0":1096},"b":{},"_coverageSchema":"43e27e138ebf9cfc5966b082cf9a028302ed4184","hash":"0729a3963e2ad733aa7603fbe773a167d3b0ebf4"}
,"/Users/sho/projects/vaceline/src/utils/debug.ts": {"path":"/Users/sho/projects/vaceline/src/utils/debug.ts","statementMap":{"0":{"start":{"line":3,"column":17},"end":{"line":3,"column":34}},"1":{"start":{"line":7,"column":0},"end":{"line":7,"column":40}},"2":{"start":{"line":9,"column":26},"end":{"line":9,"column":56}}},"fnMap":{},"branchMap":{},"s":{"0":14,"1":14,"2":14},"f":{},"b":{},"_coverageSchema":"43e27e138ebf9cfc5966b082cf9a028302ed4184","hash":"65f2d9de799e3786f12e104f5bb1c6c249985950"}
,"/Users/sho/projects/vaceline/src/utils/node.ts": {"path":"/Users/sho/projects/vaceline/src/utils/node.ts","statementMap":{"0":{"start":{"line":3,"column":22},"end":{"line":6,"column":70}},"1":{"start":{"line":6,"column":33},"end":{"line":6,"column":70}}},"fnMap":{"0":{"name":"(anonymous_0)","decl":{"start":{"line":3,"column":22},"end":{"line":3,"column":23}},"loc":{"start":{"line":6,"column":33},"end":{"line":6,"column":70}},"line":6}},"branchMap":{},"s":{"0":13,"1":943},"f":{"0":943},"b":{},"_coverageSchema":"43e27e138ebf9cfc5966b082cf9a028302ed4184","hash":"28e4b704f8d5e0a021d3fbec39b070da0ec9c53c"}
,"/Users/sho/projects/vaceline/src/utils/token.ts": {"path":"/Users/sho/projects/vaceline/src/utils/token.ts","statementMap":{"0":{"start":{"line":3,"column":23},"end":{"line":17,"column":11}},"1":{"start":{"line":11,"column":2},"end":{"line":17,"column":11}}},"fnMap":{"0":{"name":"(anonymous_0)","decl":{"start":{"line":3,"column":23},"end":{"line":3,"column":24}},"loc":{"start":{"line":11,"column":2},"end":{"line":17,"column":11}},"line":11}},"branchMap":{"0":{"loc":{"start":{"line":11,"column":2},"end":{"line":17,"column":11}},"type":"binary-expr","locations":[{"start":{"line":11,"column":2},"end":{"line":11,"column":9}},{"start":{"line":12,"column":2},"end":{"line":12,"column":21}},{"start":{"line":13,"column":3},"end":{"line":17,"column":10}}],"line":11},"1":{"loc":{"start":{"line":13,"column":3},"end":{"line":17,"column":10}},"type":"cond-expr","locations":[{"start":{"line":14,"column":6},"end":{"line":16,"column":29}},{"start":{"line":17,"column":6},"end":{"line":17,"column":10}}],"line":13},"2":{"loc":{"start":{"line":14,"column":6},"end":{"line":16,"column":29}},"type":"cond-expr","locations":[{"start":{"line":15,"column":8},"end":{"line":15,"column":31}},{"start":{"line":16,"column":8},"end":{"line":16,"column":29}}],"line":14}},"s":{"0":13,"1":5322},"f":{"0":5322},"b":{"0":[5322,5224,2560],"1":[2373,187],"2":[60,2313]},"_coverageSchema":"43e27e138ebf9cfc5966b082cf9a028302ed4184","hash":"82dac9aae4549c8ec120e5afbb79d44b8b1791f0"}
}
