TN:
SF:/Users/sho/projects/vaceline/__tests__/helpers/snapshot.ts
FN:40,(anonymous_0)
FN:41,(anonymous_1)
FN:43,(anonymous_2)
FN:47,(anonymous_3)
FN:49,(anonymous_4)
FN:53,(anonymous_5)
FN:56,(anonymous_6)
FN:59,(anonymous_7)
FN:131,(anonymous_8)
FN:159,(anonymous_9)
FNF:10
FNH:10
FNDA:66,(anonymous_0)
FNDA:66,(anonymous_1)
FNDA:105,(anonymous_2)
FNDA:132,(anonymous_3)
FNDA:120,(anonymous_4)
FNDA:105,(anonymous_5)
FNDA:198,(anonymous_6)
FNDA:105,(anonymous_7)
FNDA:342,(anonymous_8)
FNDA:105,(anonymous_9)
DA:25,3
DA:40,3
DA:41,66
DA:43,3
DA:44,105
DA:46,105
DA:47,132
DA:49,120
DA:53,3
DA:54,105
DA:56,198
DA:59,3
DA:60,105
DA:62,105
DA:64,105
DA:66,105
DA:67,105
DA:69,105
DA:78,105
DA:79,105
DA:80,105
DA:82,105
DA:83,738
DA:85,738
DA:87,69
DA:89,3
DA:91,66
DA:93,66
DA:95,66
DA:100,66
DA:101,66
DA:103,0
DA:109,69
DA:111,318
DA:116,318
DA:118,318
DA:123,318
DA:124,318
DA:126,339
DA:131,342
DA:133,339
DA:136,12
DA:138,0
DA:142,0
DA:146,105
DA:148,105
DA:150,105
DA:152,105
DA:154,105
DA:157,3
DA:159,105
LF:51
LH:48
BRDA:46,0,0,45
BRDA:46,0,1,60
BRDA:46,1,0,105
BRDA:46,1,1,75
BRDA:48,2,0,54
BRDA:48,2,1,6
BRDA:85,3,0,69
BRDA:85,3,1,318
BRDA:85,3,2,339
BRDA:85,3,3,12
BRDA:85,3,4,0
BRDA:87,4,0,3
BRDA:87,4,1,66
BRDA:87,4,2,0
BRDA:127,5,0,339
BRDA:127,5,1,339
BRF:16
BRH:14
end_of_record
TN:
SF:/Users/sho/projects/vaceline/src/hydrate.ts
FN:3,(anonymous_0)
FN:4,(anonymous_1)
FNF:2
FNH:2
FNDA:1,(anonymous_0)
FNDA:1515,(anonymous_1)
DA:3,1
DA:4,1
DA:5,1515
DA:12,129
DA:13,129
DA:15,129
DA:17,1386
LF:7
LH:7
BRDA:5,0,0,129
BRDA:5,0,1,1386
BRDA:5,1,0,1515
BRDA:5,1,1,1513
BRF:4
BRH:4
end_of_record
TN:
SF:/Users/sho/projects/vaceline/src/index.ts
FNF:0
FNH:0
LF:0
LH:0
BRF:0
BRH:0
end_of_record
TN:
SF:/Users/sho/projects/vaceline/src/polyfill.js
FN:2,(anonymous_0)
FN:4,flat
FNF:2
FNH:2
FNDA:16,(anonymous_0)
FNDA:19,flat
DA:1,10
DA:2,10
DA:3,16
DA:4,16
DA:5,19
DA:6,54
DA:7,3
DA:9,51
DA:13,16
LF:9
LH:9
BRDA:1,0,0,10
BRDA:1,0,1,0
BRDA:6,1,0,3
BRDA:6,1,1,51
BRDA:6,2,0,54
BRDA:6,2,1,3
BRDA:12,3,0,16
BRDA:12,3,1,0
BRF:8
BRH:6
end_of_record
TN:
SF:/Users/sho/projects/vaceline/src/generator/index.ts
FN:12,(anonymous_0)
FNF:1
FNH:1
FNDA:87,(anonymous_0)
DA:4,13
DA:6,13
DA:12,13
DA:13,87
DA:18,87
LF:5
LH:5
BRF:0
BRH:0
end_of_record
TN:
SF:/Users/sho/projects/vaceline/src/generator/buffer/index.ts
FN:24,(anonymous_0)
FN:28,(anonymous_1)
FN:32,(anonymous_2)
FN:36,(anonymous_3)
FN:40,(anonymous_4)
FN:44,(anonymous_5)
FN:48,(anonymous_6)
FN:52,(anonymous_7)
FN:57,(anonymous_8)
FN:63,(anonymous_9)
FN:69,(anonymous_10)
FN:73,(anonymous_11)
FN:78,(anonymous_12)
FN:96,(anonymous_13)
FNF:14
FNH:7
FNDA:2,(anonymous_0)
FNDA:2,(anonymous_1)
FNDA:0,(anonymous_2)
FNDA:0,(anonymous_3)
FNDA:0,(anonymous_4)
FNDA:0,(anonymous_5)
FNDA:0,(anonymous_6)
FNDA:0,(anonymous_7)
FNDA:5,(anonymous_8)
FNDA:0,(anonymous_9)
FNDA:3,(anonymous_10)
FNDA:3,(anonymous_11)
FNDA:8,(anonymous_12)
FNDA:6,(anonymous_13)
DA:9,2
DA:10,2
DA:12,2
DA:17,2
DA:25,2
DA:29,2
DA:33,0
DA:37,0
DA:41,0
DA:45,0
DA:49,0
DA:53,0
DA:54,0
DA:58,5
DA:59,5
DA:60,5
DA:64,0
DA:65,0
DA:70,3
DA:74,3
DA:75,3
DA:79,8
DA:80,0
DA:83,8
DA:85,8
DA:86,8
DA:88,8
DA:89,8
DA:90,2
DA:92,6
DA:97,6
DA:98,5
DA:101,1
DA:102,1
DA:105,1
LF:35
LH:25
BRDA:64,0,0,0
BRDA:64,0,1,0
BRDA:79,1,0,0
BRDA:79,1,1,8
BRDA:89,2,0,2
BRDA:89,2,1,6
BRDA:97,3,0,5
BRDA:97,3,1,1
BRF:8
BRH:5
end_of_record
TN:
SF:/Users/sho/projects/vaceline/src/nodes/index.ts
FN:16,(anonymous_0)
FN:84,(anonymous_1)
FN:105,(anonymous_2)
FN:113,(anonymous_3)
FN:117,(anonymous_4)
FN:126,(anonymous_5)
FN:132,(anonymous_6)
FN:136,(anonymous_7)
FN:145,(anonymous_8)
FN:151,(anonymous_9)
FN:155,(anonymous_10)
FN:164,(anonymous_11)
FN:170,(anonymous_12)
FN:174,(anonymous_13)
FN:183,(anonymous_14)
FN:189,(anonymous_15)
FN:193,(anonymous_16)
FN:202,(anonymous_17)
FN:208,(anonymous_18)
FN:212,(anonymous_19)
FN:221,(anonymous_20)
FN:227,(anonymous_21)
FN:231,(anonymous_22)
FN:240,(anonymous_23)
FN:246,(anonymous_24)
FN:250,(anonymous_25)
FN:260,(anonymous_26)
FN:267,(anonymous_27)
FN:271,(anonymous_28)
FN:281,(anonymous_29)
FN:288,(anonymous_30)
FN:292,(anonymous_31)
FN:307,(anonymous_32)
FN:314,(anonymous_33)
FN:318,(anonymous_34)
FN:332,(anonymous_35)
FN:338,(anonymous_36)
FN:342,(anonymous_37)
FN:357,(anonymous_38)
FN:364,(anonymous_39)
FN:368,(anonymous_40)
FN:378,(anonymous_41)
FN:385,(anonymous_42)
FN:389,(anonymous_43)
FN:413,(anonymous_44)
FN:419,(anonymous_45)
FN:423,(anonymous_46)
FN:434,(anonymous_47)
FN:442,(anonymous_48)
FN:446,(anonymous_49)
FN:461,(anonymous_50)
FN:469,(anonymous_51)
FN:473,(anonymous_52)
FN:486,(anonymous_53)
FN:492,(anonymous_54)
FN:496,(anonymous_55)
FN:505,(anonymous_56)
FN:511,(anonymous_57)
FN:515,(anonymous_58)
FN:524,(anonymous_59)
FN:530,(anonymous_60)
FN:534,(anonymous_61)
FN:543,(anonymous_62)
FN:549,(anonymous_63)
FN:553,(anonymous_64)
FN:563,(anonymous_65)
FN:570,(anonymous_66)
FN:574,(anonymous_67)
FN:592,(anonymous_68)
FN:600,(anonymous_69)
FN:604,(anonymous_70)
FN:623,(anonymous_71)
FN:631,(anonymous_72)
FN:635,(anonymous_73)
FN:652,(anonymous_74)
FN:658,(anonymous_75)
FN:662,(anonymous_76)
FN:671,(anonymous_77)
FN:677,(anonymous_78)
FN:681,(anonymous_79)
FN:691,(anonymous_80)
FN:698,(anonymous_81)
FN:702,(anonymous_82)
FN:715,(anonymous_83)
FN:719,(anonymous_84)
FN:723,(anonymous_85)
FN:732,(anonymous_86)
FN:738,(anonymous_87)
FN:742,(anonymous_88)
FN:751,(anonymous_89)
FN:757,(anonymous_90)
FN:761,(anonymous_91)
FN:772,(anonymous_92)
FN:780,(anonymous_93)
FN:786,(anonymous_94)
FN:820,(anonymous_95)
FN:827,(anonymous_96)
FN:831,(anonymous_97)
FN:850,(anonymous_98)
FN:857,(anonymous_99)
FN:861,(anonymous_100)
FN:881,(anonymous_101)
FN:888,(anonymous_102)
FN:890,(anonymous_103)
FN:892,(anonymous_104)
FN:898,(anonymous_105)
FN:906,(anonymous_106)
FN:920,(anonymous_107)
FN:937,(anonymous_108)
FN:944,(anonymous_109)
FN:948,(anonymous_110)
FN:954,(anonymous_111)
FNF:112
FNH:105
FNDA:397,(anonymous_0)
FNDA:0,(anonymous_1)
FNDA:0,(anonymous_2)
FNDA:0,(anonymous_3)
FNDA:0,(anonymous_4)
FNDA:17,(anonymous_5)
FNDA:7,(anonymous_6)
FNDA:3,(anonymous_7)
FNDA:35,(anonymous_8)
FNDA:10,(anonymous_9)
FNDA:6,(anonymous_10)
FNDA:268,(anonymous_11)
FNDA:113,(anonymous_12)
FNDA:73,(anonymous_13)
FNDA:0,(anonymous_14)
FNDA:0,(anonymous_15)
FNDA:0,(anonymous_16)
FNDA:37,(anonymous_17)
FNDA:14,(anonymous_18)
FNDA:10,(anonymous_19)
FNDA:53,(anonymous_20)
FNDA:16,(anonymous_21)
FNDA:16,(anonymous_22)
FNDA:867,(anonymous_23)
FNDA:464,(anonymous_24)
FNDA:190,(anonymous_25)
FNDA:18,(anonymous_26)
FNDA:2,(anonymous_27)
FNDA:2,(anonymous_28)
FNDA:367,(anonymous_29)
FNDA:234,(anonymous_30)
FNDA:90,(anonymous_31)
FNDA:12,(anonymous_32)
FNDA:7,(anonymous_33)
FNDA:3,(anonymous_34)
FNDA:16,(anonymous_35)
FNDA:8,(anonymous_36)
FNDA:4,(anonymous_37)
FNDA:10,(anonymous_38)
FNDA:3,(anonymous_39)
FNDA:3,(anonymous_40)
FNDA:35,(anonymous_41)
FNDA:20,(anonymous_42)
FNDA:8,(anonymous_43)
FNDA:23,(anonymous_44)
FNDA:5,(anonymous_45)
FNDA:5,(anonymous_46)
FNDA:49,(anonymous_47)
FNDA:18,(anonymous_48)
FNDA:10,(anonymous_49)
FNDA:33,(anonymous_50)
FNDA:10,(anonymous_51)
FNDA:6,(anonymous_52)
FNDA:23,(anonymous_53)
FNDA:4,(anonymous_54)
FNDA:4,(anonymous_55)
FNDA:13,(anonymous_56)
FNDA:11,(anonymous_57)
FNDA:3,(anonymous_58)
FNDA:4,(anonymous_59)
FNDA:1,(anonymous_60)
FNDA:1,(anonymous_61)
FNDA:13,(anonymous_62)
FNDA:11,(anonymous_63)
FNDA:3,(anonymous_64)
FNDA:25,(anonymous_65)
FNDA:15,(anonymous_66)
FNDA:7,(anonymous_67)
FNDA:24,(anonymous_68)
FNDA:18,(anonymous_69)
FNDA:6,(anonymous_70)
FNDA:66,(anonymous_71)
FNDA:42,(anonymous_72)
FNDA:18,(anonymous_73)
FNDA:11,(anonymous_74)
FNDA:7,(anonymous_75)
FNDA:3,(anonymous_76)
FNDA:8,(anonymous_77)
FNDA:2,(anonymous_78)
FNDA:2,(anonymous_79)
FNDA:11,(anonymous_80)
FNDA:3,(anonymous_81)
FNDA:3,(anonymous_82)
FNDA:4,(anonymous_83)
FNDA:1,(anonymous_84)
FNDA:1,(anonymous_85)
FNDA:5,(anonymous_86)
FNDA:1,(anonymous_87)
FNDA:1,(anonymous_88)
FNDA:8,(anonymous_89)
FNDA:2,(anonymous_90)
FNDA:2,(anonymous_91)
FNDA:24,(anonymous_92)
FNDA:10,(anonymous_93)
FNDA:6,(anonymous_94)
FNDA:31,(anonymous_95)
FNDA:27,(anonymous_96)
FNDA:7,(anonymous_97)
FNDA:4,(anonymous_98)
FNDA:1,(anonymous_99)
FNDA:1,(anonymous_100)
FNDA:9,(anonymous_101)
FNDA:6,(anonymous_102)
FNDA:20,(anonymous_103)
FNDA:7,(anonymous_104)
FNDA:19,(anonymous_105)
FNDA:3,(anonymous_106)
FNDA:2,(anonymous_107)
FNDA:11,(anonymous_108)
FNDA:3,(anonymous_109)
FNDA:3,(anonymous_110)
FNDA:5,(anonymous_111)
DA:16,397
DA:88,0
DA:89,0
DA:91,0
DA:100,0
DA:106,0
DA:108,0
DA:109,0
DA:110,0
DA:114,0
DA:118,0
DA:123,17
DA:127,17
DA:129,17
DA:133,7
DA:137,3
DA:142,35
DA:146,35
DA:148,35
DA:152,10
DA:156,6
DA:161,268
DA:165,268
DA:167,268
DA:171,113
DA:175,73
DA:180,0
DA:184,0
DA:186,0
DA:190,0
DA:194,0
DA:199,37
DA:203,37
DA:205,37
DA:209,14
DA:213,10
DA:218,53
DA:222,53
DA:224,53
DA:228,16
DA:232,16
DA:237,867
DA:241,867
DA:243,867
DA:247,464
DA:251,190
DA:256,18
DA:261,18
DA:263,18
DA:264,18
DA:268,2
DA:272,2
DA:277,367
DA:282,367
DA:284,367
DA:285,367
DA:289,234
DA:293,90
DA:303,12
DA:308,12
DA:310,12
DA:311,12
DA:315,7
DA:319,3
DA:329,16
DA:333,16
DA:335,16
DA:339,8
DA:343,4
DA:353,10
DA:358,10
DA:360,10
DA:361,10
DA:365,3
DA:369,3
DA:374,35
DA:379,35
DA:381,35
DA:382,35
DA:386,20
DA:390,8
DA:410,23
DA:414,23
DA:416,23
DA:420,5
DA:424,5
DA:429,49
DA:435,49
DA:437,49
DA:438,49
DA:439,49
DA:443,18
DA:447,10
DA:456,33
DA:462,33
DA:464,33
DA:465,33
DA:466,33
DA:470,10
DA:474,6
DA:483,23
DA:487,23
DA:489,23
DA:493,4
DA:497,4
DA:502,13
DA:506,13
DA:508,13
DA:512,11
DA:516,3
DA:521,4
DA:525,4
DA:527,4
DA:531,1
DA:535,1
DA:540,13
DA:544,13
DA:546,13
DA:550,11
DA:554,3
DA:559,25
DA:564,25
DA:566,25
DA:567,25
DA:571,15
DA:575,7
DA:587,24
DA:593,24
DA:595,24
DA:596,24
DA:597,24
DA:601,18
DA:605,6
DA:618,66
DA:624,66
DA:626,66
DA:627,66
DA:628,66
DA:632,42
DA:636,18
DA:649,11
DA:653,11
DA:655,11
DA:659,7
DA:663,3
DA:668,8
DA:672,8
DA:674,8
DA:678,2
DA:682,2
DA:687,11
DA:692,11
DA:694,11
DA:695,11
DA:699,3
DA:703,3
DA:713,4
DA:716,4
DA:720,1
DA:724,1
DA:729,5
DA:733,5
DA:735,5
DA:739,1
DA:743,1
DA:748,8
DA:752,8
DA:754,8
DA:758,2
DA:762,2
DA:767,24
DA:773,24
DA:775,24
DA:776,24
DA:777,24
DA:781,10
DA:787,6
DA:803,6
DA:804,3
DA:808,3
DA:811,3
DA:816,31
DA:821,31
DA:823,31
DA:824,31
DA:828,27
DA:832,7
DA:846,4
DA:851,4
DA:853,4
DA:854,4
DA:858,1
DA:862,1
DA:877,9
DA:882,9
DA:884,9
DA:885,9
DA:889,6
DA:891,20
DA:892,7
DA:899,19
DA:903,19
DA:907,3
DA:921,2
DA:933,11
DA:938,11
DA:940,11
DA:941,11
DA:945,3
DA:949,3
DA:954,5
DA:960,13
LF:212
LH:197
BRDA:272,0,0,0
BRDA:272,0,1,2
BRDA:706,1,0,3
BRDA:706,1,1,2
BRDA:803,2,0,3
BRDA:803,2,1,3
BRDA:804,3,0,2
BRDA:804,3,1,1
BRDA:891,4,0,1
BRDA:891,4,1,19
BRDA:899,5,0,1
BRDA:899,5,1,18
BRF:12
BRH:11
end_of_record
TN:
SF:/Users/sho/projects/vaceline/src/parser/compound.ts
FN:5,(anonymous_0)
FNF:1
FNH:1
FNDA:142,(anonymous_0)
DA:5,13
DA:11,142
DA:14,142
DA:15,341
DA:17,341
DA:18,17
DA:21,324
DA:23,324
DA:25,324
DA:27,324
DA:28,83
DA:29,48
DA:31,48
DA:34,35
DA:36,35
DA:39,241
DA:40,90
DA:41,90
DA:45,142
LF:19
LH:19
BRDA:17,0,0,17
BRDA:17,0,1,324
BRDA:27,1,0,83
BRDA:27,1,1,241
BRDA:28,2,0,48
BRDA:28,2,1,35
BRDA:34,3,0,35
BRDA:34,3,1,0
BRDA:39,4,0,90
BRDA:39,4,1,151
BRDA:39,5,0,241
BRDA:39,5,1,189
BRF:12
BRH:11
end_of_record
TN:
SF:/Users/sho/projects/vaceline/src/parser/create-error.ts
FN:9,(anonymous_0)
FN:36,(anonymous_1)
FNF:2
FNH:2
FNDA:279,(anonymous_0)
FNDA:1051,(anonymous_1)
DA:5,15
DA:6,15
DA:7,15
DA:9,15
DA:15,279
DA:18,279
DA:24,279
DA:26,279
DA:28,279
DA:31,279
DA:34,279
DA:36,279
DA:37,1051
DA:38,1051
DA:41,1051
DA:44,1051
DA:49,1051
DA:53,1051
DA:56,279
LF:19
LH:19
BRDA:21,0,0,11
BRDA:21,0,1,268
BRDA:24,1,0,159
BRDA:24,1,1,120
BRDA:26,2,0,182
BRDA:26,2,1,97
BRDA:44,3,0,279
BRDA:44,3,1,772
BRDA:53,4,0,279
BRDA:53,4,1,772
BRF:10
BRH:10
end_of_record
TN:
SF:/Users/sho/projects/vaceline/src/parser/expression.ts
FN:22,(anonymous_0)
FN:77,(anonymous_1)
FN:171,(anonymous_2)
FN:225,(anonymous_3)
FNF:4
FNH:4
FNDA:715,(anonymous_0)
FNDA:715,(anonymous_1)
FNDA:1115,(anonymous_2)
FNDA:837,(anonymous_3)
DA:13,13
DA:22,13
DA:27,715
DA:29,714
DA:31,670
DA:33,670
DA:34,0
DA:37,670
DA:39,670
DA:41,670
DA:42,468
DA:44,468
DA:45,150
DA:48,318
DA:49,0
DA:52,318
DA:53,318
DA:54,53
DA:56,265
DA:57,265
DA:59,0
DA:65,670
DA:68,670
DA:69,647
DA:72,23
DA:77,13
DA:82,715
DA:84,714
DA:86,714
DA:87,0
DA:91,714
DA:99,714
DA:100,714
DA:103,714
DA:104,554
DA:106,554
DA:107,554
DA:109,554
DA:111,82
DA:113,82
DA:114,82
DA:116,82
DA:117,21
DA:120,82
DA:122,82
DA:123,82
DA:125,0
DA:126,0
DA:127,0
DA:129,0
DA:132,82
DA:135,714
DA:136,61
DA:140,714
DA:142,714
DA:143,878
DA:144,878
DA:145,796
DA:146,796
DA:149,82
DA:150,82
DA:152,82
DA:153,82
DA:159,82
DA:161,82
DA:164,714
DA:165,0
DA:168,714
DA:171,13
DA:176,1115
DA:178,1115
DA:180,738
DA:181,446
DA:183,446
DA:184,35
DA:186,35
DA:188,35
DA:194,411
DA:197,292
DA:198,128
DA:199,16
DA:200,16
DA:202,16
DA:208,276
DA:209,164
DA:210,10
DA:217,266
DA:225,13
DA:233,837
DA:234,355
DA:236,355
DA:237,355
DA:241,355
DA:246,355
DA:251,355
DA:255,482
DA:256,12
DA:258,12
DA:259,12
DA:263,12
DA:268,12
DA:273,12
DA:276,470
LF:103
LH:94
BRDA:24,0,0,565
BRDA:25,1,0,671
BRDA:29,2,0,44
BRDA:29,2,1,670
BRDA:33,3,0,0
BRDA:33,3,1,670
BRDA:44,4,0,150
BRDA:44,4,1,318
BRDA:48,5,0,0
BRDA:48,5,1,318
BRDA:56,6,0,265
BRDA:56,6,1,0
BRDA:68,7,0,647
BRDA:68,7,1,23
BRDA:79,8,0,0
BRDA:80,9,0,715
BRDA:84,10,0,0
BRDA:84,10,1,714
BRDA:86,11,0,0
BRDA:86,11,1,714
BRDA:107,12,0,554
BRDA:107,12,1,505
BRDA:109,13,0,472
BRDA:109,13,1,82
BRDA:109,14,0,554
BRDA:109,14,1,505
BRDA:116,15,0,103
BRDA:116,15,1,76
BRDA:125,16,0,0
BRDA:125,16,1,0
BRDA:144,17,0,796
BRDA:144,17,1,82
BRDA:152,18,0,49
BRDA:152,18,1,33
BRDA:164,19,0,0
BRDA:164,19,1,714
BRDA:173,20,0,82
BRDA:174,21,0,1115
BRDA:178,22,0,377
BRDA:178,22,1,738
BRDA:180,23,0,446
BRDA:180,23,1,292
BRDA:183,24,0,35
BRDA:183,24,1,411
BRDA:197,25,0,128
BRDA:197,25,1,164
BRDA:198,26,0,16
BRDA:198,26,1,112
BRDA:208,27,0,164
BRDA:208,27,1,112
BRDA:209,28,0,10
BRDA:209,28,1,154
BRDA:228,29,0,482
BRDA:233,30,0,355
BRDA:233,30,1,482
BRDA:255,31,0,12
BRDA:255,31,1,470
BRF:57
BRH:48
end_of_record
TN:
SF:/Users/sho/projects/vaceline/src/parser/index.ts
FN:24,(anonymous_0)
FN:29,(anonymous_1)
FN:37,(anonymous_2)
FN:41,(anonymous_3)
FN:52,(anonymous_4)
FN:72,(anonymous_5)
FN:92,(anonymous_6)
FN:108,(anonymous_7)
FNF:8
FNH:8
FNDA:17,(anonymous_0)
FNDA:339,(anonymous_1)
FNDA:17,(anonymous_2)
FNDA:17,(anonymous_3)
FNDA:4095,(anonymous_4)
FNDA:1643,(anonymous_5)
FNDA:273,(anonymous_6)
FNDA:840,(anonymous_7)
DA:22,13
DA:24,17
DA:30,339
DA:32,338
DA:34,338
DA:38,17
DA:42,17
DA:44,17
DA:46,17
DA:53,4095
DA:55,4095
DA:56,0
DA:58,4095
DA:59,4095
DA:63,4095
DA:69,4095
DA:77,1643
DA:79,1643
DA:81,1643
DA:83,1643
DA:84,0
DA:85,0
DA:86,0
DA:89,1643
DA:97,273
DA:98,1
DA:100,1
DA:102,1
DA:105,272
DA:113,840
DA:114,1
DA:122,839
LF:32
LH:28
BRDA:29,0,0,339
BRDA:55,1,0,0
BRDA:55,1,1,4095
BRDA:59,2,0,4078
BRDA:59,2,1,17
BRDA:83,3,0,0
BRDA:83,3,1,1643
BRDA:97,4,0,1
BRDA:97,4,1,272
BRDA:98,5,0,1
BRDA:98,5,1,0
BRDA:113,6,0,1
BRDA:113,6,1,839
BRF:13
BRH:10
end_of_record
TN:
SF:/Users/sho/projects/vaceline/src/parser/keywords.ts
FNF:0
FNH:0
DA:1,13
DA:10,13
DA:31,13
LF:3
LH:3
BRF:0
BRH:0
end_of_record
TN:
SF:/Users/sho/projects/vaceline/src/parser/literal.ts
FN:9,(anonymous_0)
FNF:1
FNH:1
FNDA:1129,(anonymous_0)
DA:9,13
DA:14,1129
DA:15,35
DA:20,1094
DA:21,262
DA:26,832
DA:27,92
DA:28,37
DA:33,55
DA:34,55
DA:38,2
DA:46,53
DA:51,0
DA:54,740
LF:14
LH:13
BRDA:11,0,0,14
BRDA:12,1,0,1129
BRDA:14,2,0,35
BRDA:14,2,1,1094
BRDA:20,3,0,262
BRDA:20,3,1,832
BRDA:26,4,0,92
BRDA:26,4,1,740
BRDA:27,5,0,37
BRDA:27,5,1,55
BRDA:33,6,0,55
BRDA:33,6,1,0
BRDA:34,7,0,2
BRDA:34,7,1,53
BRDA:35,8,0,55
BRDA:35,8,1,55
BRDA:35,8,2,15
BRF:17
BRH:16
end_of_record
TN:
SF:/Users/sho/projects/vaceline/src/parser/token-reader.ts
FN:9,(anonymous_0)
FN:16,(anonymous_1)
FN:20,(anonymous_2)
FN:24,(anonymous_3)
FN:28,(anonymous_4)
FN:32,(anonymous_5)
FN:47,(anonymous_6)
FN:61,(anonymous_7)
FN:65,(anonymous_8)
FNF:9
FNH:8
FNDA:338,(anonymous_0)
FNDA:5738,(anonymous_1)
FNDA:670,(anonymous_2)
FNDA:1519,(anonymous_3)
FNDA:0,(anonymous_4)
FNDA:2507,(anonymous_5)
FNDA:3185,(anonymous_6)
FNDA:994,(anonymous_7)
FNDA:1519,(anonymous_8)
DA:10,338
DA:11,338
DA:13,338
DA:17,5738
DA:21,670
DA:25,1519
DA:29,0
DA:33,2507
DA:35,2507
DA:36,0
DA:39,2507
DA:40,0
DA:41,0
DA:44,2507
DA:48,3185
DA:50,3185
DA:52,3073
DA:53,0
DA:54,0
DA:55,0
DA:58,3073
DA:62,994
DA:66,1519
LF:23
LH:16
BRDA:35,0,0,0
BRDA:35,0,1,2507
BRDA:39,1,0,0
BRDA:39,1,1,2507
BRDA:50,2,0,112
BRDA:50,2,1,3073
BRDA:52,3,0,0
BRDA:52,3,1,3073
BRF:8
BRH:5
end_of_record
TN:
SF:/Users/sho/projects/vaceline/src/parser/statement/index.ts
FN:13,(anonymous_0)
FN:17,(anonymous_1)
FN:242,(anonymous_2)
FN:260,(anonymous_3)
FN:297,(anonymous_4)
FN:314,(anonymous_5)
FNF:6
FNH:6
FNDA:269,(anonymous_0)
FNDA:286,(anonymous_1)
FNDA:67,(anonymous_2)
FNDA:24,(anonymous_3)
FNDA:18,(anonymous_4)
FNDA:11,(anonymous_5)
DA:13,13
DA:14,269
DA:17,13
DA:18,286
DA:20,286
DA:21,23
DA:23,23
DA:25,23
DA:30,263
DA:31,84
DA:32,84
DA:33,84
DA:35,84
DA:38,84
DA:40,84
DA:47,179
DA:48,11
DA:50,11
DA:52,11
DA:57,168
DA:58,13
DA:60,13
DA:62,13
DA:67,155
DA:68,5
DA:74,4
DA:76,4
DA:81,150
DA:82,13
DA:84,13
DA:86,13
DA:91,137
DA:92,25
DA:94,25
DA:99,25
DA:101,25
DA:103,25
DA:110,112
DA:114,9
DA:115,4
DA:117,4
DA:119,4
DA:121,5
DA:124,9
DA:125,1
DA:134,8
DA:136,8
DA:138,8
DA:141,103
DA:142,11
DA:145,11
DA:146,4
DA:148,4
DA:153,7
DA:155,7
DA:157,7
DA:163,92
DA:164,5
DA:166,4
DA:169,87
DA:170,6
DA:172,5
DA:174,5
DA:179,81
DA:180,8
DA:182,8
DA:184,8
DA:189,73
DA:190,18
DA:193,55
DA:194,31
DA:195,31
DA:197,31
DA:199,31
DA:205,24
DA:206,4
DA:207,4
DA:209,4
DA:211,4
DA:217,20
DA:218,9
DA:220,9
DA:222,9
DA:224,9
DA:230,11
DA:231,11
DA:234,0
DA:242,13
DA:243,67
DA:244,67
DA:245,67
DA:249,67
DA:250,4
DA:251,4
DA:253,63
DA:254,63
DA:257,67
DA:260,13
DA:261,24
DA:263,24
DA:265,24
DA:267,24
DA:269,24
DA:271,24
DA:273,24
DA:275,24
DA:276,2
DA:277,2
DA:278,22
DA:279,11
DA:281,11
DA:282,4
DA:283,4
DA:285,7
DA:286,7
DA:290,24
DA:297,13
DA:298,18
DA:300,18
DA:302,18
DA:304,18
DA:305,11
DA:308,18
DA:314,13
DA:318,11
DA:320,11
DA:322,11
DA:324,11
LF:128
LH:127
BRDA:17,0,0,139
BRDA:20,1,0,23
BRDA:20,1,1,263
BRDA:30,2,0,84
BRDA:30,2,1,179
BRDA:30,3,0,263
BRDA:30,3,1,197
BRDA:38,4,0,18
BRDA:38,4,1,66
BRDA:47,5,0,11
BRDA:47,5,1,168
BRDA:57,6,0,13
BRDA:57,6,1,155
BRDA:67,7,0,5
BRDA:67,7,1,150
BRDA:81,8,0,13
BRDA:81,8,1,137
BRDA:91,9,0,25
BRDA:91,9,1,112
BRDA:110,10,0,9
BRDA:110,10,1,103
BRDA:114,11,0,4
BRDA:114,11,1,5
BRDA:124,12,0,1
BRDA:124,12,1,8
BRDA:141,13,0,11
BRDA:141,13,1,92
BRDA:145,14,0,4
BRDA:145,14,1,7
BRDA:163,15,0,5
BRDA:163,15,1,87
BRDA:169,16,0,6
BRDA:169,16,1,81
BRDA:179,17,0,8
BRDA:179,17,1,73
BRDA:189,18,0,18
BRDA:189,18,1,55
BRDA:193,19,0,31
BRDA:193,19,1,24
BRDA:205,20,0,4
BRDA:205,20,1,20
BRDA:217,21,0,9
BRDA:217,21,1,11
BRDA:230,22,0,11
BRDA:230,22,1,0
BRDA:242,23,0,0
BRDA:249,24,0,4
BRDA:249,24,1,63
BRDA:275,25,0,2
BRDA:275,25,1,22
BRDA:278,26,0,11
BRDA:278,26,1,11
BRDA:281,27,0,4
BRDA:281,27,1,7
BRDA:304,28,0,11
BRDA:304,28,1,7
BRF:56
BRH:54
end_of_record
TN:
SF:/Users/sho/projects/vaceline/src/parser/statement/ip.ts
FN:7,(anonymous_0)
FNF:1
FNH:1
FNDA:23,(anonymous_0)
DA:7,13
DA:8,23
DA:9,23
DA:10,23
DA:12,23
DA:13,23
DA:15,23
DA:16,2
DA:24,21
DA:26,21
DA:27,8
DA:29,8
DA:30,8
DA:33,8
DA:34,1
DA:37,8
DA:38,1
DA:41,8
DA:42,1
DA:45,8
DA:46,3
DA:55,18
DA:57,18
LF:23
LH:23
BRDA:7,0,0,14
BRDA:15,1,0,2
BRDA:15,1,1,21
BRDA:15,2,0,23
BRDA:15,2,1,18
BRDA:26,3,0,8
BRDA:26,3,1,13
BRDA:33,4,0,1
BRDA:33,4,1,7
BRDA:33,5,0,8
BRDA:33,5,1,1
BRDA:37,6,0,1
BRDA:37,6,1,7
BRDA:37,7,0,8
BRDA:37,7,1,5
BRDA:37,7,2,5
BRDA:41,8,0,1
BRDA:41,8,1,7
BRDA:41,9,0,8
BRDA:41,9,1,2
BRDA:41,9,2,2
BRDA:45,10,0,3
BRDA:45,10,1,5
BRF:23
BRH:23
end_of_record
TN:
SF:/Users/sho/projects/vaceline/src/parser/tokenizer/index.ts
FN:27,(anonymous_0)
FN:29,(anonymous_1)
FN:57,(anonymous_2)
FN:62,(anonymous_3)
FN:66,(anonymous_4)
FNF:5
FNH:4
FNDA:527,(anonymous_0)
FNDA:15,(anonymous_1)
FNDA:349,(anonymous_2)
FNDA:0,(anonymous_3)
FNDA:349,(anonymous_4)
DA:6,14
DA:7,14
DA:8,14
DA:25,14
DA:27,14
DA:28,527
DA:29,14
DA:30,15
DA:32,14
DA:46,14
DA:51,14
DA:58,349
DA:59,349
DA:61,349
DA:62,0
DA:67,349
DA:68,349
DA:70,349
DA:72,349
DA:73,349
DA:74,349
DA:76,349
DA:77,10153
DA:79,10153
DA:80,5181
DA:84,4972
DA:85,1277
DA:86,1277
DA:88,1277
DA:92,3695
DA:93,476
DA:94,476
DA:95,476
DA:97,476
DA:111,3219
DA:112,3219
DA:113,3219
DA:119,3219
DA:120,1186
DA:121,2033
DA:122,249
DA:123,1784
DA:124,37
DA:125,1747
DA:126,314
DA:128,314
DA:129,2
DA:132,1433
DA:133,20
DA:136,20
DA:137,20
DA:138,20
DA:139,1413
DA:140,122
DA:141,1291
DA:142,38
DA:144,1253
DA:146,1253
DA:147,1
DA:153,3219
DA:154,3219
DA:158,3219
DA:159,3219
DA:160,3219
DA:163,3219
DA:164,3
DA:181,3216
DA:183,3178
DA:192,3178
DA:193,0
DA:196,3178
DA:199,346
LF:72
LH:70
BRDA:28,0,0,120
BRDA:28,0,1,407
BRDA:57,1,0,10
BRDA:61,2,0,0
BRDA:61,2,1,349
BRDA:79,3,0,5181
BRDA:79,3,1,4972
BRDA:84,4,0,1277
BRDA:84,4,1,3695
BRDA:92,5,0,476
BRDA:92,5,1,3219
BRDA:119,6,0,1186
BRDA:119,6,1,2033
BRDA:121,7,0,249
BRDA:121,7,1,1784
BRDA:123,8,0,37
BRDA:123,8,1,1747
BRDA:125,9,0,314
BRDA:125,9,1,1433
BRDA:128,10,0,2
BRDA:128,10,1,312
BRDA:128,11,0,314
BRDA:128,11,1,314
BRDA:132,12,0,20
BRDA:132,12,1,1413
BRDA:139,13,0,122
BRDA:139,13,1,1291
BRDA:141,14,0,38
BRDA:141,14,1,1253
BRDA:146,15,0,1
BRDA:146,15,1,1252
BRDA:163,16,0,3
BRDA:163,16,1,3216
BRDA:181,17,0,38
BRDA:181,17,1,3178
BRDA:192,18,0,0
BRDA:192,18,1,3178
BRF:37
BRH:35
end_of_record
TN:
SF:/Users/sho/projects/vaceline/src/parser/tokenizer/operators.ts
FN:8,(anonymous_0)
FNF:1
FNH:1
FNDA:82,(anonymous_0)
DA:1,14
DA:2,14
DA:3,14
DA:4,14
DA:6,14
DA:8,14
DA:9,82
DA:10,33
DA:11,9
DA:12,0
LF:10
LH:9
BRDA:9,0,0,49
BRDA:9,0,1,33
BRDA:10,1,0,24
BRDA:10,1,1,9
BRDA:11,2,0,9
BRDA:11,2,1,0
BRF:6
BRH:5
end_of_record
TN:
SF:/Users/sho/projects/vaceline/src/plugins/branch-log/index.ts
FN:12,(anonymous_0)
FN:38,(anonymous_1)
FN:40,(anonymous_2)
FNF:3
FNH:3
FNDA:6,(anonymous_0)
FNDA:1,(anonymous_1)
FNDA:170,(anonymous_2)
DA:12,1
DA:13,6
DA:39,1
DA:41,170
DA:43,5
DA:57,5
DA:58,165
DA:59,1
DA:67,1
LF:9
LH:9
BRDA:41,0,0,5
BRDA:41,0,1,165
BRDA:43,1,0,0
BRDA:43,1,1,5
BRDA:58,2,0,1
BRDA:58,2,1,164
BRF:6
BRH:5
end_of_record
TN:
SF:/Users/sho/projects/vaceline/src/traverser/index.ts
FN:5,(anonymous_0)
FN:15,(anonymous_1)
FN:25,(anonymous_2)
FN:35,(anonymous_3)
FN:42,(anonymous_4)
FNF:5
FNH:5
FNDA:90,(anonymous_0)
FNDA:968,(anonymous_1)
FNDA:1,(anonymous_2)
FNDA:128,(anonymous_3)
FNDA:1096,(anonymous_4)
DA:5,10
DA:15,90
DA:16,968
DA:17,968
DA:21,90
DA:25,10
DA:34,1
DA:35,128
DA:37,1
DA:39,1
DA:42,10
DA:52,1096
DA:56,1096
DA:58,1096
DA:60,1096
DA:61,1006
DA:63,1005
LF:17
LH:17
BRDA:8,0,0,90
BRDA:16,1,0,968
BRDA:16,1,1,0
BRDA:27,2,0,1
BRDA:45,3,0,0
BRDA:61,4,0,1
BRDA:61,4,1,1005
BRF:7
BRH:5
end_of_record
TN:
SF:/Users/sho/projects/vaceline/src/traverser/path.ts
FN:42,(anonymous_0)
FNF:1
FNH:1
FNDA:1096,(anonymous_0)
DA:43,1096
DA:45,1096
DA:46,1096
DA:47,1096
DA:48,1096
DA:50,1096
LF:6
LH:6
BRF:0
BRH:0
end_of_record
TN:
SF:/Users/sho/projects/vaceline/src/utils/debug.ts
FNF:0
FNH:0
DA:3,14
DA:7,14
DA:9,14
LF:3
LH:3
BRF:0
BRH:0
end_of_record
TN:
SF:/Users/sho/projects/vaceline/src/utils/node.ts
FN:3,(anonymous_0)
FNF:1
FNH:1
FNDA:943,(anonymous_0)
DA:3,13
DA:6,943
LF:2
LH:2
BRF:0
BRH:0
end_of_record
TN:
SF:/Users/sho/projects/vaceline/src/utils/token.ts
FN:3,(anonymous_0)
FNF:1
FNH:1
FNDA:5322,(anonymous_0)
DA:3,13
DA:11,5322
LF:2
LH:2
BRDA:11,0,0,5322
BRDA:11,0,1,5224
BRDA:11,0,2,2560
BRDA:13,1,0,2373
BRDA:13,1,1,187
BRDA:14,2,0,60
BRDA:14,2,1,2313
BRF:7
BRH:7
end_of_record
